Building DAG of jobs...
Using shell: /bin/bash
Provided cores: 1 (use --cores to define parallelism)
Rules claiming more threads will be scaled down.
Job counts:
	count	jobs
	1	all
	32	annovar_input
	33

[Sun Sep  6 12:31:53 2020]
rule annovar_input:
    input: /u/home/j/jzou1115/project-zarlab/CFW/confidence_interval_pipeline_out_pruned_uc/finemapping/output/soleus.13.112998590_snps.txt, /u/home/j/jzou1115/project-zarlab/CFW/confidence_interval_pipeline_out_pruned_uc/locuszoom/soleus.13.112998590_r2.txt
    output: /u/home/j/jzou1115/project-zarlab/CFW/confidence_interval_pipeline_out_pruned_uc/finemapping/output/soleus.13.112998590_annovar_input.txt
    jobid: 126
    wildcards: q=soleus.13.112998590

[Sun Sep  6 12:32:26 2020]
Finished job 126.
1 of 33 steps (3%) done

[Sun Sep  6 12:32:26 2020]
rule annovar_input:
    input: /u/home/j/jzou1115/project-zarlab/CFW/confidence_interval_pipeline_out_pruned_uc/finemapping/output/soleus.13.114209942_snps.txt, /u/home/j/jzou1115/project-zarlab/CFW/confidence_interval_pipeline_out_pruned_uc/locuszoom/soleus.13.114209942_r2.txt
    output: /u/home/j/jzou1115/project-zarlab/CFW/confidence_interval_pipeline_out_pruned_uc/finemapping/output/soleus.13.114209942_annovar_input.txt
    jobid: 127
    wildcards: q=soleus.13.114209942

[Sun Sep  6 12:33:00 2020]
Finished job 127.
2 of 33 steps (6%) done

[Sun Sep  6 12:33:00 2020]
rule annovar_input:
    input: /u/home/j/jzou1115/project-zarlab/CFW/confidence_interval_pipeline_out_pruned_uc/finemapping/output/TA.13.8133170_snps.txt, /u/home/j/jzou1115/project-zarlab/CFW/confidence_interval_pipeline_out_pruned_uc/locuszoom/TA.13.8133170_r2.txt
    output: /u/home/j/jzou1115/project-zarlab/CFW/confidence_interval_pipeline_out_pruned_uc/finemapping/output/TA.13.8133170_annovar_input.txt
    jobid: 107
    wildcards: q=TA.13.8133170

[Sun Sep  6 12:33:33 2020]
Finished job 107.
3 of 33 steps (9%) done

[Sun Sep  6 12:33:33 2020]
rule annovar_input:
    input: /u/home/j/jzou1115/project-zarlab/CFW/confidence_interval_pipeline_out_pruned_uc/finemapping/output/EDL.13.8150385_snps.txt, /u/home/j/jzou1115/project-zarlab/CFW/confidence_interval_pipeline_out_pruned_uc/locuszoom/EDL.13.8150385_r2.txt
    output: /u/home/j/jzou1115/project-zarlab/CFW/confidence_interval_pipeline_out_pruned_uc/finemapping/output/EDL.13.8150385_annovar_input.txt
    jobid: 104
    wildcards: q=EDL.13.8150385

[Sun Sep  6 12:33:34 2020]
Finished job 104.
4 of 33 steps (12%) done

[Sun Sep  6 12:33:34 2020]
rule annovar_input:
    input: /u/home/j/jzou1115/project-zarlab/CFW/confidence_interval_pipeline_out_pruned_uc/finemapping/output/EDL.2.156430745_snps.txt, /u/home/j/jzou1115/project-zarlab/CFW/confidence_interval_pipeline_out_pruned_uc/locuszoom/EDL.2.156430745_r2.txt
    output: /u/home/j/jzou1115/project-zarlab/CFW/confidence_interval_pipeline_out_pruned_uc/finemapping/output/EDL.2.156430745_annovar_input.txt
    jobid: 106
    wildcards: q=EDL.2.156430745

[Sun Sep  6 12:34:16 2020]
Finished job 106.
5 of 33 steps (15%) done

[Sun Sep  6 12:34:16 2020]
rule annovar_input:
    input: /u/home/j/jzou1115/project-zarlab/CFW/confidence_interval_pipeline_out_pruned_uc/finemapping/output/EDL.2.155500046_snps.txt, /u/home/j/jzou1115/project-zarlab/CFW/confidence_interval_pipeline_out_pruned_uc/locuszoom/EDL.2.155500046_r2.txt
    output: /u/home/j/jzou1115/project-zarlab/CFW/confidence_interval_pipeline_out_pruned_uc/finemapping/output/EDL.2.155500046_annovar_input.txt
    jobid: 105
    wildcards: q=EDL.2.155500046

[Sun Sep  6 12:35:00 2020]
Finished job 105.
6 of 33 steps (18%) done

[Sun Sep  6 12:35:00 2020]
rule annovar_input:
    input: /u/home/j/jzou1115/project-zarlab/CFW/confidence_interval_pipeline_out_pruned_uc/finemapping/output/activity.middle.11.92774033_snps.txt, /u/home/j/jzou1115/project-zarlab/CFW/confidence_interval_pipeline_out_pruned_uc/locuszoom/activity.middle.11.92774033_r2.txt
    output: /u/home/j/jzou1115/project-zarlab/CFW/confidence_interval_pipeline_out_pruned_uc/finemapping/output/activity.middle.11.92774033_annovar_input.txt
    jobid: 109
    wildcards: q=activity.middle.11.92774033

[Sun Sep  6 12:35:34 2020]
Finished job 109.
7 of 33 steps (21%) done

[Sun Sep  6 12:35:34 2020]
rule annovar_input:
    input: /u/home/j/jzou1115/project-zarlab/CFW/confidence_interval_pipeline_out_pruned_uc/finemapping/output/bmd.11.94744618_snps.txt, /u/home/j/jzou1115/project-zarlab/CFW/confidence_interval_pipeline_out_pruned_uc/locuszoom/bmd.11.94744618_r2.txt
    output: /u/home/j/jzou1115/project-zarlab/CFW/confidence_interval_pipeline_out_pruned_uc/finemapping/output/bmd.11.94744618_annovar_input.txt
    jobid: 114
    wildcards: q=bmd.11.94744618

[Sun Sep  6 12:36:09 2020]
Finished job 114.
8 of 33 steps (24%) done

[Sun Sep  6 12:36:09 2020]
rule annovar_input:
    input: /u/home/j/jzou1115/project-zarlab/CFW/confidence_interval_pipeline_out_pruned_uc/finemapping/output/bmd.11.95761488_snps.txt, /u/home/j/jzou1115/project-zarlab/CFW/confidence_interval_pipeline_out_pruned_uc/locuszoom/bmd.11.95761488_r2.txt
    output: /u/home/j/jzou1115/project-zarlab/CFW/confidence_interval_pipeline_out_pruned_uc/finemapping/output/bmd.11.95761488_annovar_input.txt
    jobid: 115
    wildcards: q=bmd.11.95761488

[Sun Sep  6 12:36:45 2020]
Finished job 115.
9 of 33 steps (27%) done

[Sun Sep  6 12:36:45 2020]
rule annovar_input:
    input: /u/home/j/jzou1115/project-zarlab/CFW/confidence_interval_pipeline_out_pruned_uc/finemapping/output/bmd.a.11.95549852_snps.txt, /u/home/j/jzou1115/project-zarlab/CFW/confidence_interval_pipeline_out_pruned_uc/locuszoom/bmd.a.11.95549852_r2.txt
    output: /u/home/j/jzou1115/project-zarlab/CFW/confidence_interval_pipeline_out_pruned_uc/finemapping/output/bmd.a.11.95549852_annovar_input.txt
    jobid: 112
    wildcards: q=bmd.a.11.95549852

[Sun Sep  6 12:37:20 2020]
Finished job 112.
10 of 33 steps (30%) done

[Sun Sep  6 12:37:20 2020]
rule annovar_input:
    input: /u/home/j/jzou1115/project-zarlab/CFW/confidence_interval_pipeline_out_pruned_uc/finemapping/output/bmd.11.96791403_snps.txt, /u/home/j/jzou1115/project-zarlab/CFW/confidence_interval_pipeline_out_pruned_uc/locuszoom/bmd.11.96791403_r2.txt
    output: /u/home/j/jzou1115/project-zarlab/CFW/confidence_interval_pipeline_out_pruned_uc/finemapping/output/bmd.11.96791403_annovar_input.txt
    jobid: 116
    wildcards: q=bmd.11.96791403

[Sun Sep  6 12:37:54 2020]
Finished job 116.
11 of 33 steps (33%) done

[Sun Sep  6 12:37:54 2020]
rule annovar_input:
    input: /u/home/j/jzou1115/project-zarlab/CFW/confidence_interval_pipeline_out_pruned_uc/finemapping/output/bmd.a.11.96587236_snps.txt, /u/home/j/jzou1115/project-zarlab/CFW/confidence_interval_pipeline_out_pruned_uc/locuszoom/bmd.a.11.96587236_r2.txt
    output: /u/home/j/jzou1115/project-zarlab/CFW/confidence_interval_pipeline_out_pruned_uc/finemapping/output/bmd.a.11.96587236_annovar_input.txt
    jobid: 113
    wildcards: q=bmd.a.11.96587236

[Sun Sep  6 12:38:30 2020]
Finished job 113.
12 of 33 steps (36%) done

[Sun Sep  6 12:38:30 2020]
rule annovar_input:
    input: /u/home/j/jzou1115/project-zarlab/CFW/confidence_interval_pipeline_out_pruned_uc/finemapping/output/fc.cue.baseline.8.29372129_snps.txt, /u/home/j/jzou1115/project-zarlab/CFW/confidence_interval_pipeline_out_pruned_uc/locuszoom/fc.cue.baseline.8.29372129_r2.txt
    output: /u/home/j/jzou1115/project-zarlab/CFW/confidence_interval_pipeline_out_pruned_uc/finemapping/output/fc.cue.baseline.8.29372129_annovar_input.txt
    jobid: 120
    wildcards: q=fc.cue.baseline.8.29372129

[Sun Sep  6 12:38:50 2020]
Finished job 120.
13 of 33 steps (39%) done

[Sun Sep  6 12:38:50 2020]
rule annovar_input:
    input: /u/home/j/jzou1115/project-zarlab/CFW/confidence_interval_pipeline_out_pruned_uc/finemapping/output/tibia.6.147003241_snps.txt, /u/home/j/jzou1115/project-zarlab/CFW/confidence_interval_pipeline_out_pruned_uc/locuszoom/tibia.6.147003241_r2.txt
    output: /u/home/j/jzou1115/project-zarlab/CFW/confidence_interval_pipeline_out_pruned_uc/finemapping/output/tibia.6.147003241_annovar_input.txt
    jobid: 134
    wildcards: q=tibia.6.147003241

[Sun Sep  6 12:39:20 2020]
Finished job 134.
14 of 33 steps (42%) done

[Sun Sep  6 12:39:20 2020]
rule annovar_input:
    input: /u/home/j/jzou1115/project-zarlab/CFW/confidence_interval_pipeline_out_pruned_uc/finemapping/output/glucose.2.54967720_snps.txt, /u/home/j/jzou1115/project-zarlab/CFW/confidence_interval_pipeline_out_pruned_uc/locuszoom/glucose.2.54967720_r2.txt
    output: /u/home/j/jzou1115/project-zarlab/CFW/confidence_interval_pipeline_out_pruned_uc/finemapping/output/glucose.2.54967720_annovar_input.txt
    jobid: 122
    wildcards: q=glucose.2.54967720

[Sun Sep  6 12:40:02 2020]
Finished job 122.
15 of 33 steps (45%) done

[Sun Sep  6 12:40:02 2020]
rule annovar_input:
    input: /u/home/j/jzou1115/project-zarlab/CFW/confidence_interval_pipeline_out_pruned_uc/finemapping/output/glucose.2.56207051_snps.txt, /u/home/j/jzou1115/project-zarlab/CFW/confidence_interval_pipeline_out_pruned_uc/locuszoom/glucose.2.56207051_r2.txt
    output: /u/home/j/jzou1115/project-zarlab/CFW/confidence_interval_pipeline_out_pruned_uc/finemapping/output/glucose.2.56207051_annovar_input.txt
    jobid: 123
    wildcards: q=glucose.2.56207051

[Sun Sep  6 12:40:44 2020]
Finished job 123.
16 of 33 steps (48%) done

[Sun Sep  6 12:40:44 2020]
rule annovar_input:
    input: /u/home/j/jzou1115/project-zarlab/CFW/confidence_interval_pipeline_out_pruned_uc/finemapping/output/bmd.5.24099422_snps.txt, /u/home/j/jzou1115/project-zarlab/CFW/confidence_interval_pipeline_out_pruned_uc/locuszoom/bmd.5.24099422_r2.txt
    output: /u/home/j/jzou1115/project-zarlab/CFW/confidence_interval_pipeline_out_pruned_uc/finemapping/output/bmd.5.24099422_annovar_input.txt
    jobid: 119
    wildcards: q=bmd.5.24099422

[Sun Sep  6 12:41:08 2020]
Finished job 119.
17 of 33 steps (52%) done

[Sun Sep  6 12:41:08 2020]
rule annovar_input:
    input: /u/home/j/jzou1115/project-zarlab/CFW/confidence_interval_pipeline_out_pruned_uc/finemapping/output/bmd.5.22911999_snps.txt, /u/home/j/jzou1115/project-zarlab/CFW/confidence_interval_pipeline_out_pruned_uc/locuszoom/bmd.5.22911999_r2.txt
    output: /u/home/j/jzou1115/project-zarlab/CFW/confidence_interval_pipeline_out_pruned_uc/finemapping/output/bmd.5.22911999_annovar_input.txt
    jobid: 118
    wildcards: q=bmd.5.22911999

[Sun Sep  6 12:41:30 2020]
Finished job 118.
18 of 33 steps (55%) done

[Sun Sep  6 12:41:30 2020]
rule annovar_input:
    input: /u/home/j/jzou1115/project-zarlab/CFW/confidence_interval_pipeline_out_pruned_uc/finemapping/output/bmd.5.21605895_snps.txt, /u/home/j/jzou1115/project-zarlab/CFW/confidence_interval_pipeline_out_pruned_uc/locuszoom/bmd.5.21605895_r2.txt
    output: /u/home/j/jzou1115/project-zarlab/CFW/confidence_interval_pipeline_out_pruned_uc/finemapping/output/bmd.5.21605895_annovar_input.txt
    jobid: 117
    wildcards: q=bmd.5.21605895

[Sun Sep  6 12:41:53 2020]
Finished job 117.
19 of 33 steps (58%) done

[Sun Sep  6 12:41:53 2020]
rule annovar_input:
    input: /u/home/j/jzou1115/project-zarlab/CFW/confidence_interval_pipeline_out_pruned_uc/finemapping/output/TA.15.90589642_snps.txt, /u/home/j/jzou1115/project-zarlab/CFW/confidence_interval_pipeline_out_pruned_uc/locuszoom/TA.15.90589642_r2.txt
    output: /u/home/j/jzou1115/project-zarlab/CFW/confidence_interval_pipeline_out_pruned_uc/finemapping/output/TA.15.90589642_annovar_input.txt
    jobid: 108
    wildcards: q=TA.15.90589642

[Sun Sep  6 12:41:56 2020]
Finished job 108.
20 of 33 steps (61%) done

[Sun Sep  6 12:41:56 2020]
rule annovar_input:
    input: /u/home/j/jzou1115/project-zarlab/CFW/confidence_interval_pipeline_out_pruned_uc/finemapping/output/tibia.12.82921877_snps.txt, /u/home/j/jzou1115/project-zarlab/CFW/confidence_interval_pipeline_out_pruned_uc/locuszoom/tibia.12.82921877_r2.txt
    output: /u/home/j/jzou1115/project-zarlab/CFW/confidence_interval_pipeline_out_pruned_uc/finemapping/output/tibia.12.82921877_annovar_input.txt
    jobid: 130
    wildcards: q=tibia.12.82921877

[Sun Sep  6 12:42:27 2020]
Finished job 130.
21 of 33 steps (64%) done

[Sun Sep  6 12:42:27 2020]
rule annovar_input:
    input: /u/home/j/jzou1115/project-zarlab/CFW/confidence_interval_pipeline_out_pruned_uc/finemapping/output/tibia.12.83641175_snps.txt, /u/home/j/jzou1115/project-zarlab/CFW/confidence_interval_pipeline_out_pruned_uc/locuszoom/tibia.12.83641175_r2.txt
    output: /u/home/j/jzou1115/project-zarlab/CFW/confidence_interval_pipeline_out_pruned_uc/finemapping/output/tibia.12.83641175_annovar_input.txt
    jobid: 131
    wildcards: q=tibia.12.83641175

[Sun Sep  6 12:42:58 2020]
Finished job 131.
22 of 33 steps (67%) done

[Sun Sep  6 12:42:58 2020]
rule annovar_input:
    input: /u/home/j/jzou1115/project-zarlab/CFW/confidence_interval_pipeline_out_pruned_uc/finemapping/output/pp6.ppi.3.140609693_snps.txt, /u/home/j/jzou1115/project-zarlab/CFW/confidence_interval_pipeline_out_pruned_uc/locuszoom/pp6.ppi.3.140609693_r2.txt
    output: /u/home/j/jzou1115/project-zarlab/CFW/confidence_interval_pipeline_out_pruned_uc/finemapping/output/pp6.ppi.3.140609693_annovar_input.txt
    jobid: 125
    wildcards: q=pp6.ppi.3.140609693

[Sun Sep  6 12:43:22 2020]
Finished job 125.
23 of 33 steps (70%) done

[Sun Sep  6 12:43:22 2020]
rule annovar_input:
    input: /u/home/j/jzou1115/project-zarlab/CFW/confidence_interval_pipeline_out_pruned_uc/finemapping/output/weight.bmi.tibia.9.47814385_snps.txt, /u/home/j/jzou1115/project-zarlab/CFW/confidence_interval_pipeline_out_pruned_uc/locuszoom/weight.bmi.tibia.9.47814385_r2.txt
    output: /u/home/j/jzou1115/project-zarlab/CFW/confidence_interval_pipeline_out_pruned_uc/finemapping/output/weight.bmi.tibia.9.47814385_annovar_input.txt
    jobid: 135
    wildcards: q=weight.bmi.tibia.9.47814385

[Sun Sep  6 12:43:23 2020]
Finished job 135.
24 of 33 steps (73%) done

[Sun Sep  6 12:43:23 2020]
rule annovar_input:
    input: /u/home/j/jzou1115/project-zarlab/CFW/confidence_interval_pipeline_out_pruned_uc/finemapping/output/fc.uncond.freeze.corr.2.35366180_snps.txt, /u/home/j/jzou1115/project-zarlab/CFW/confidence_interval_pipeline_out_pruned_uc/locuszoom/fc.uncond.freeze.corr.2.35366180_r2.txt
    output: /u/home/j/jzou1115/project-zarlab/CFW/confidence_interval_pipeline_out_pruned_uc/finemapping/output/fc.uncond.freeze.corr.2.35366180_annovar_input.txt
    jobid: 121
    wildcards: q=fc.uncond.freeze.corr.2.35366180

[Sun Sep  6 12:44:07 2020]
Finished job 121.
25 of 33 steps (76%) done

[Sun Sep  6 12:44:07 2020]
rule annovar_input:
    input: /u/home/j/jzou1115/project-zarlab/CFW/confidence_interval_pipeline_out_pruned_uc/finemapping/output/activity.total.1.69279168_snps.txt, /u/home/j/jzou1115/project-zarlab/CFW/confidence_interval_pipeline_out_pruned_uc/locuszoom/activity.total.1.69279168_r2.txt
    output: /u/home/j/jzou1115/project-zarlab/CFW/confidence_interval_pipeline_out_pruned_uc/finemapping/output/activity.total.1.69279168_annovar_input.txt
    jobid: 111
    wildcards: q=activity.total.1.69279168

[Sun Sep  6 12:44:45 2020]
Finished job 111.
26 of 33 steps (79%) done

[Sun Sep  6 12:44:45 2020]
rule annovar_input:
    input: /u/home/j/jzou1115/project-zarlab/CFW/confidence_interval_pipeline_out_pruned_uc/finemapping/output/activity.middle.1.69279168_snps.txt, /u/home/j/jzou1115/project-zarlab/CFW/confidence_interval_pipeline_out_pruned_uc/locuszoom/activity.middle.1.69279168_r2.txt
    output: /u/home/j/jzou1115/project-zarlab/CFW/confidence_interval_pipeline_out_pruned_uc/finemapping/output/activity.middle.1.69279168_annovar_input.txt
    jobid: 110
    wildcards: q=activity.middle.1.69279168

[Sun Sep  6 12:45:20 2020]
Finished job 110.
27 of 33 steps (82%) done

[Sun Sep  6 12:45:20 2020]
rule annovar_input:
    input: /u/home/j/jzou1115/project-zarlab/CFW/confidence_interval_pipeline_out_pruned_uc/finemapping/output/tibia.15.11690201_snps.txt, /u/home/j/jzou1115/project-zarlab/CFW/confidence_interval_pipeline_out_pruned_uc/locuszoom/tibia.15.11690201_r2.txt
    output: /u/home/j/jzou1115/project-zarlab/CFW/confidence_interval_pipeline_out_pruned_uc/finemapping/output/tibia.15.11690201_annovar_input.txt
    jobid: 132
    wildcards: q=tibia.15.11690201

Terminating processes on user request, this might take some time.
[Sun Sep  6 12:45:31 2020]
Error in rule annovar_input:
    jobid: 132
    output: /u/home/j/jzou1115/project-zarlab/CFW/confidence_interval_pipeline_out_pruned_uc/finemapping/output/tibia.15.11690201_annovar_input.txt

RuleException:
CalledProcessError in line 222 of /u/project/zarlab/jzou1115/CFW/MegaAnalysis_CFW_Code/confidence_interval_pipeline_pruned/Snakefile:
Command 'set -euo pipefail;  /u/home/j/jzou1115/project-ernst/software/anaconda3/bin/python3.7 /u/project/zarlab/jzou1115/CFW/MegaAnalysis_CFW_Code/confidence_interval_pipeline_pruned/.snakemake/scripts/tmpku9qwxb1.annovar_input.py' returned non-zero exit status 1.
  File "/u/project/zarlab/jzou1115/CFW/MegaAnalysis_CFW_Code/confidence_interval_pipeline_pruned/Snakefile", line 222, in __rule_annovar_input
  File "/u/home/j/jzou1115/project-ernst/software/anaconda3/lib/python3.7/concurrent/futures/thread.py", line 57, in run
Complete log: /u/project/zarlab/jzou1115/CFW/MegaAnalysis_CFW_Code/confidence_interval_pipeline_pruned/.snakemake/log/2020-09-06T123150.640455.snakemake.log
