Building DAG of jobs...
Using shell: /bin/bash
Provided cluster nodes: 200
Job counts:
	count	jobs
	1	all
	65	annovar_input
	19	combineQtlsPrunedSNPs
	1	evaluateConfidenceIntervals
	34	genomeScans
	65	locus_zoom_input
	1	makeKinship
	1	mixedModelHeritabilities
	65	run_susier
	65	simulateConfidenceIntervals
	19	subsetPrunedSNPs
	65	susier_input
	401

[Sun Sep  6 14:17:58 2020]
rule combineQtlsPrunedSNPs:
    input: /u/home/j/jzou1115/project-zarlab/CFW/MegaAnalysis_CFW_2019/oxinfo90/LDprunedSNPs/combined.chr7.prune.in, /u/home/j/jzou1115/project-zarlab/CFW/confidence_intervals/data/qtls/qtls_decorrelated_threshold_ox.txt
    output: /u/home/j/jzou1115/project-zarlab/CFW/confidence_interval_pipeline_out_pruned_ox_redo/genotypes/chr7.oxinfo90.txt
    jobid: 7
    wildcards: chr=7

Submitted job 7 with external jobid 'Your job 4289140 ("combineQtlsPrunedSNPs") has been submitted'.

[Sun Sep  6 14:17:59 2020]
rule combineQtlsPrunedSNPs:
    input: /u/home/j/jzou1115/project-zarlab/CFW/MegaAnalysis_CFW_2019/oxinfo90/LDprunedSNPs/combined.chr16.prune.in, /u/home/j/jzou1115/project-zarlab/CFW/confidence_intervals/data/qtls/qtls_decorrelated_threshold_ox.txt
    output: /u/home/j/jzou1115/project-zarlab/CFW/confidence_interval_pipeline_out_pruned_ox_redo/genotypes/chr16.oxinfo90.txt
    jobid: 16
    wildcards: chr=16

Submitted job 16 with external jobid 'Your job 4289141 ("combineQtlsPrunedSNPs") has been submitted'.

[Sun Sep  6 14:18:00 2020]
rule combineQtlsPrunedSNPs:
    input: /u/home/j/jzou1115/project-zarlab/CFW/MegaAnalysis_CFW_2019/oxinfo90/LDprunedSNPs/combined.chr19.prune.in, /u/home/j/jzou1115/project-zarlab/CFW/confidence_intervals/data/qtls/qtls_decorrelated_threshold_ox.txt
    output: /u/home/j/jzou1115/project-zarlab/CFW/confidence_interval_pipeline_out_pruned_ox_redo/genotypes/chr19.oxinfo90.txt
    jobid: 19
    wildcards: chr=19

Submitted job 19 with external jobid 'Your job 4289142 ("combineQtlsPrunedSNPs") has been submitted'.

[Sun Sep  6 14:18:01 2020]
rule combineQtlsPrunedSNPs:
    input: /u/home/j/jzou1115/project-zarlab/CFW/MegaAnalysis_CFW_2019/oxinfo90/LDprunedSNPs/combined.chr9.prune.in, /u/home/j/jzou1115/project-zarlab/CFW/confidence_intervals/data/qtls/qtls_decorrelated_threshold_ox.txt
    output: /u/home/j/jzou1115/project-zarlab/CFW/confidence_interval_pipeline_out_pruned_ox_redo/genotypes/chr9.oxinfo90.txt
    jobid: 9
    wildcards: chr=9

Submitted job 9 with external jobid 'Your job 4289143 ("combineQtlsPrunedSNPs") has been submitted'.

[Sun Sep  6 14:18:02 2020]
rule combineQtlsPrunedSNPs:
    input: /u/home/j/jzou1115/project-zarlab/CFW/MegaAnalysis_CFW_2019/oxinfo90/LDprunedSNPs/combined.chr5.prune.in, /u/home/j/jzou1115/project-zarlab/CFW/confidence_intervals/data/qtls/qtls_decorrelated_threshold_ox.txt
    output: /u/home/j/jzou1115/project-zarlab/CFW/confidence_interval_pipeline_out_pruned_ox_redo/genotypes/chr5.oxinfo90.txt
    jobid: 5
    wildcards: chr=5

Submitted job 5 with external jobid 'Your job 4289144 ("combineQtlsPrunedSNPs") has been submitted'.

[Sun Sep  6 14:18:03 2020]
rule combineQtlsPrunedSNPs:
    input: /u/home/j/jzou1115/project-zarlab/CFW/MegaAnalysis_CFW_2019/oxinfo90/LDprunedSNPs/combined.chr14.prune.in, /u/home/j/jzou1115/project-zarlab/CFW/confidence_intervals/data/qtls/qtls_decorrelated_threshold_ox.txt
    output: /u/home/j/jzou1115/project-zarlab/CFW/confidence_interval_pipeline_out_pruned_ox_redo/genotypes/chr14.oxinfo90.txt
    jobid: 14
    wildcards: chr=14

Submitted job 14 with external jobid 'Your job 4289145 ("combineQtlsPrunedSNPs") has been submitted'.

[Sun Sep  6 14:18:05 2020]
rule combineQtlsPrunedSNPs:
    input: /u/home/j/jzou1115/project-zarlab/CFW/MegaAnalysis_CFW_2019/oxinfo90/LDprunedSNPs/combined.chr13.prune.in, /u/home/j/jzou1115/project-zarlab/CFW/confidence_intervals/data/qtls/qtls_decorrelated_threshold_ox.txt
    output: /u/home/j/jzou1115/project-zarlab/CFW/confidence_interval_pipeline_out_pruned_ox_redo/genotypes/chr13.oxinfo90.txt
    jobid: 13
    wildcards: chr=13

Submitted job 13 with external jobid 'Your job 4289146 ("combineQtlsPrunedSNPs") has been submitted'.

[Sun Sep  6 14:18:06 2020]
rule combineQtlsPrunedSNPs:
    input: /u/home/j/jzou1115/project-zarlab/CFW/MegaAnalysis_CFW_2019/oxinfo90/LDprunedSNPs/combined.chr12.prune.in, /u/home/j/jzou1115/project-zarlab/CFW/confidence_intervals/data/qtls/qtls_decorrelated_threshold_ox.txt
    output: /u/home/j/jzou1115/project-zarlab/CFW/confidence_interval_pipeline_out_pruned_ox_redo/genotypes/chr12.oxinfo90.txt
    jobid: 12
    wildcards: chr=12

Submitted job 12 with external jobid 'Your job 4289147 ("combineQtlsPrunedSNPs") has been submitted'.

[Sun Sep  6 14:18:07 2020]
rule combineQtlsPrunedSNPs:
    input: /u/home/j/jzou1115/project-zarlab/CFW/MegaAnalysis_CFW_2019/oxinfo90/LDprunedSNPs/combined.chr8.prune.in, /u/home/j/jzou1115/project-zarlab/CFW/confidence_intervals/data/qtls/qtls_decorrelated_threshold_ox.txt
    output: /u/home/j/jzou1115/project-zarlab/CFW/confidence_interval_pipeline_out_pruned_ox_redo/genotypes/chr8.oxinfo90.txt
    jobid: 8
    wildcards: chr=8

Submitted job 8 with external jobid 'Your job 4289148 ("combineQtlsPrunedSNPs") has been submitted'.

[Sun Sep  6 14:18:08 2020]
rule combineQtlsPrunedSNPs:
    input: /u/home/j/jzou1115/project-zarlab/CFW/MegaAnalysis_CFW_2019/oxinfo90/LDprunedSNPs/combined.chr2.prune.in, /u/home/j/jzou1115/project-zarlab/CFW/confidence_intervals/data/qtls/qtls_decorrelated_threshold_ox.txt
    output: /u/home/j/jzou1115/project-zarlab/CFW/confidence_interval_pipeline_out_pruned_ox_redo/genotypes/chr2.oxinfo90.txt
    jobid: 2
    wildcards: chr=2

Submitted job 2 with external jobid 'Your job 4289149 ("combineQtlsPrunedSNPs") has been submitted'.

[Sun Sep  6 14:18:09 2020]
rule combineQtlsPrunedSNPs:
    input: /u/home/j/jzou1115/project-zarlab/CFW/MegaAnalysis_CFW_2019/oxinfo90/LDprunedSNPs/combined.chr4.prune.in, /u/home/j/jzou1115/project-zarlab/CFW/confidence_intervals/data/qtls/qtls_decorrelated_threshold_ox.txt
    output: /u/home/j/jzou1115/project-zarlab/CFW/confidence_interval_pipeline_out_pruned_ox_redo/genotypes/chr4.oxinfo90.txt
    jobid: 4
    wildcards: chr=4

Submitted job 4 with external jobid 'Your job 4289150 ("combineQtlsPrunedSNPs") has been submitted'.

[Sun Sep  6 14:18:10 2020]
rule combineQtlsPrunedSNPs:
    input: /u/home/j/jzou1115/project-zarlab/CFW/MegaAnalysis_CFW_2019/oxinfo90/LDprunedSNPs/combined.chr6.prune.in, /u/home/j/jzou1115/project-zarlab/CFW/confidence_intervals/data/qtls/qtls_decorrelated_threshold_ox.txt
    output: /u/home/j/jzou1115/project-zarlab/CFW/confidence_interval_pipeline_out_pruned_ox_redo/genotypes/chr6.oxinfo90.txt
    jobid: 6
    wildcards: chr=6

Submitted job 6 with external jobid 'Your job 4289151 ("combineQtlsPrunedSNPs") has been submitted'.

[Sun Sep  6 14:18:11 2020]
rule combineQtlsPrunedSNPs:
    input: /u/home/j/jzou1115/project-zarlab/CFW/MegaAnalysis_CFW_2019/oxinfo90/LDprunedSNPs/combined.chr3.prune.in, /u/home/j/jzou1115/project-zarlab/CFW/confidence_intervals/data/qtls/qtls_decorrelated_threshold_ox.txt
    output: /u/home/j/jzou1115/project-zarlab/CFW/confidence_interval_pipeline_out_pruned_ox_redo/genotypes/chr3.oxinfo90.txt
    jobid: 3
    wildcards: chr=3

Submitted job 3 with external jobid 'Your job 4289152 ("combineQtlsPrunedSNPs") has been submitted'.

[Sun Sep  6 14:18:12 2020]
rule combineQtlsPrunedSNPs:
    input: /u/home/j/jzou1115/project-zarlab/CFW/MegaAnalysis_CFW_2019/oxinfo90/LDprunedSNPs/combined.chr1.prune.in, /u/home/j/jzou1115/project-zarlab/CFW/confidence_intervals/data/qtls/qtls_decorrelated_threshold_ox.txt
    output: /u/home/j/jzou1115/project-zarlab/CFW/confidence_interval_pipeline_out_pruned_ox_redo/genotypes/chr1.oxinfo90.txt
    jobid: 1
    wildcards: chr=1

Submitted job 1 with external jobid 'Your job 4289153 ("combineQtlsPrunedSNPs") has been submitted'.

[Sun Sep  6 14:18:12 2020]
rule combineQtlsPrunedSNPs:
    input: /u/home/j/jzou1115/project-zarlab/CFW/MegaAnalysis_CFW_2019/oxinfo90/LDprunedSNPs/combined.chr11.prune.in, /u/home/j/jzou1115/project-zarlab/CFW/confidence_intervals/data/qtls/qtls_decorrelated_threshold_ox.txt
    output: /u/home/j/jzou1115/project-zarlab/CFW/confidence_interval_pipeline_out_pruned_ox_redo/genotypes/chr11.oxinfo90.txt
    jobid: 11
    wildcards: chr=11

Submitted job 11 with external jobid 'Your job 4289154 ("combineQtlsPrunedSNPs") has been submitted'.

[Sun Sep  6 14:18:13 2020]
rule combineQtlsPrunedSNPs:
    input: /u/home/j/jzou1115/project-zarlab/CFW/MegaAnalysis_CFW_2019/oxinfo90/LDprunedSNPs/combined.chr17.prune.in, /u/home/j/jzou1115/project-zarlab/CFW/confidence_intervals/data/qtls/qtls_decorrelated_threshold_ox.txt
    output: /u/home/j/jzou1115/project-zarlab/CFW/confidence_interval_pipeline_out_pruned_ox_redo/genotypes/chr17.oxinfo90.txt
    jobid: 17
    wildcards: chr=17

Submitted job 17 with external jobid 'Your job 4289155 ("combineQtlsPrunedSNPs") has been submitted'.

[Sun Sep  6 14:18:14 2020]
rule combineQtlsPrunedSNPs:
    input: /u/home/j/jzou1115/project-zarlab/CFW/MegaAnalysis_CFW_2019/oxinfo90/LDprunedSNPs/combined.chr10.prune.in, /u/home/j/jzou1115/project-zarlab/CFW/confidence_intervals/data/qtls/qtls_decorrelated_threshold_ox.txt
    output: /u/home/j/jzou1115/project-zarlab/CFW/confidence_interval_pipeline_out_pruned_ox_redo/genotypes/chr10.oxinfo90.txt
    jobid: 10
    wildcards: chr=10

Submitted job 10 with external jobid 'Your job 4289156 ("combineQtlsPrunedSNPs") has been submitted'.

[Sun Sep  6 14:18:15 2020]
rule combineQtlsPrunedSNPs:
    input: /u/home/j/jzou1115/project-zarlab/CFW/MegaAnalysis_CFW_2019/oxinfo90/LDprunedSNPs/combined.chr18.prune.in, /u/home/j/jzou1115/project-zarlab/CFW/confidence_intervals/data/qtls/qtls_decorrelated_threshold_ox.txt
    output: /u/home/j/jzou1115/project-zarlab/CFW/confidence_interval_pipeline_out_pruned_ox_redo/genotypes/chr18.oxinfo90.txt
    jobid: 18
    wildcards: chr=18

Submitted job 18 with external jobid 'Your job 4289157 ("combineQtlsPrunedSNPs") has been submitted'.

[Sun Sep  6 14:18:16 2020]
rule combineQtlsPrunedSNPs:
    input: /u/home/j/jzou1115/project-zarlab/CFW/MegaAnalysis_CFW_2019/oxinfo90/LDprunedSNPs/combined.chr15.prune.in, /u/home/j/jzou1115/project-zarlab/CFW/confidence_intervals/data/qtls/qtls_decorrelated_threshold_ox.txt
    output: /u/home/j/jzou1115/project-zarlab/CFW/confidence_interval_pipeline_out_pruned_ox_redo/genotypes/chr15.oxinfo90.txt
    jobid: 15
    wildcards: chr=15

Submitted job 15 with external jobid 'Your job 4289158 ("combineQtlsPrunedSNPs") has been submitted'.
Waiting at most 600 seconds for missing files.
[Sun Sep  6 16:40:32 2020]
Finished job 7.
1 of 401 steps (0.25%) done

[Sun Sep  6 16:40:32 2020]
rule subsetPrunedSNPs:
    input: /u/home/j/jzou1115/project-zarlab/CFW/MegaAnalysis_CFW_2019/genotypes/oxinfo90/combined.chr7.oxinfo90.dosages.gz, /u/home/j/jzou1115/project-zarlab/CFW/MegaAnalysis_CFW_2019/genotypes/oxinfo90/combined.chr7.oxinfo90.annot, /u/home/j/jzou1115/project-zarlab/CFW/confidence_interval_pipeline_out_pruned_ox_redo/genotypes/chr7.oxinfo90.txt, /u/home/j/jzou1115/project-zarlab/CFW/confidence_intervals/data/phenotypes/pheno.combined.txt
    output: /u/home/j/jzou1115/project-zarlab/CFW/confidence_interval_pipeline_out_pruned_ox_redo/genotypes/chr7.oxinfo90.Rdata
    jobid: 26
    wildcards: chr=7

[Sun Sep  6 16:40:32 2020]
Finished job 16.
2 of 401 steps (0.50%) done
[Sun Sep  6 16:40:32 2020]
Finished job 19.
3 of 401 steps (0.75%) done
[Sun Sep  6 16:40:32 2020]
Finished job 9.
4 of 401 steps (1.00%) done
Submitted job 26 with external jobid 'Your job 4289642 ("subsetPrunedSNPs") has been submitted'.

[Sun Sep  6 16:40:33 2020]
rule subsetPrunedSNPs:
    input: /u/home/j/jzou1115/project-zarlab/CFW/MegaAnalysis_CFW_2019/genotypes/oxinfo90/combined.chr16.oxinfo90.dosages.gz, /u/home/j/jzou1115/project-zarlab/CFW/MegaAnalysis_CFW_2019/genotypes/oxinfo90/combined.chr16.oxinfo90.annot, /u/home/j/jzou1115/project-zarlab/CFW/confidence_interval_pipeline_out_pruned_ox_redo/genotypes/chr16.oxinfo90.txt, /u/home/j/jzou1115/project-zarlab/CFW/confidence_intervals/data/phenotypes/pheno.combined.txt
    output: /u/home/j/jzou1115/project-zarlab/CFW/confidence_interval_pipeline_out_pruned_ox_redo/genotypes/chr16.oxinfo90.Rdata
    jobid: 35
    wildcards: chr=16

Submitted job 35 with external jobid 'Your job 4289643 ("subsetPrunedSNPs") has been submitted'.

[Sun Sep  6 16:40:34 2020]
rule subsetPrunedSNPs:
    input: /u/home/j/jzou1115/project-zarlab/CFW/MegaAnalysis_CFW_2019/genotypes/oxinfo90/combined.chr19.oxinfo90.dosages.gz, /u/home/j/jzou1115/project-zarlab/CFW/MegaAnalysis_CFW_2019/genotypes/oxinfo90/combined.chr19.oxinfo90.annot, /u/home/j/jzou1115/project-zarlab/CFW/confidence_interval_pipeline_out_pruned_ox_redo/genotypes/chr19.oxinfo90.txt, /u/home/j/jzou1115/project-zarlab/CFW/confidence_intervals/data/phenotypes/pheno.combined.txt
    output: /u/home/j/jzou1115/project-zarlab/CFW/confidence_interval_pipeline_out_pruned_ox_redo/genotypes/chr19.oxinfo90.Rdata
    jobid: 38
    wildcards: chr=19

Submitted job 38 with external jobid 'Your job 4289644 ("subsetPrunedSNPs") has been submitted'.

[Sun Sep  6 16:40:35 2020]
rule subsetPrunedSNPs:
    input: /u/home/j/jzou1115/project-zarlab/CFW/MegaAnalysis_CFW_2019/genotypes/oxinfo90/combined.chr9.oxinfo90.dosages.gz, /u/home/j/jzou1115/project-zarlab/CFW/MegaAnalysis_CFW_2019/genotypes/oxinfo90/combined.chr9.oxinfo90.annot, /u/home/j/jzou1115/project-zarlab/CFW/confidence_interval_pipeline_out_pruned_ox_redo/genotypes/chr9.oxinfo90.txt, /u/home/j/jzou1115/project-zarlab/CFW/confidence_intervals/data/phenotypes/pheno.combined.txt
    output: /u/home/j/jzou1115/project-zarlab/CFW/confidence_interval_pipeline_out_pruned_ox_redo/genotypes/chr9.oxinfo90.Rdata
    jobid: 28
    wildcards: chr=9

Submitted job 28 with external jobid 'Your job 4289645 ("subsetPrunedSNPs") has been submitted'.
[Sun Sep  6 16:40:43 2020]
Finished job 5.
5 of 401 steps (1%) done

[Sun Sep  6 16:40:43 2020]
rule subsetPrunedSNPs:
    input: /u/home/j/jzou1115/project-zarlab/CFW/MegaAnalysis_CFW_2019/genotypes/oxinfo90/combined.chr5.oxinfo90.dosages.gz, /u/home/j/jzou1115/project-zarlab/CFW/MegaAnalysis_CFW_2019/genotypes/oxinfo90/combined.chr5.oxinfo90.annot, /u/home/j/jzou1115/project-zarlab/CFW/confidence_interval_pipeline_out_pruned_ox_redo/genotypes/chr5.oxinfo90.txt, /u/home/j/jzou1115/project-zarlab/CFW/confidence_intervals/data/phenotypes/pheno.combined.txt
    output: /u/home/j/jzou1115/project-zarlab/CFW/confidence_interval_pipeline_out_pruned_ox_redo/genotypes/chr5.oxinfo90.Rdata
    jobid: 24
    wildcards: chr=5

Submitted job 24 with external jobid 'Your job 4289647 ("subsetPrunedSNPs") has been submitted'.
[Sun Sep  6 16:40:55 2020]
Finished job 14.
6 of 401 steps (1%) done

[Sun Sep  6 16:40:55 2020]
rule subsetPrunedSNPs:
    input: /u/home/j/jzou1115/project-zarlab/CFW/MegaAnalysis_CFW_2019/genotypes/oxinfo90/combined.chr14.oxinfo90.dosages.gz, /u/home/j/jzou1115/project-zarlab/CFW/MegaAnalysis_CFW_2019/genotypes/oxinfo90/combined.chr14.oxinfo90.annot, /u/home/j/jzou1115/project-zarlab/CFW/confidence_interval_pipeline_out_pruned_ox_redo/genotypes/chr14.oxinfo90.txt, /u/home/j/jzou1115/project-zarlab/CFW/confidence_intervals/data/phenotypes/pheno.combined.txt
    output: /u/home/j/jzou1115/project-zarlab/CFW/confidence_interval_pipeline_out_pruned_ox_redo/genotypes/chr14.oxinfo90.Rdata
    jobid: 33
    wildcards: chr=14

Submitted job 33 with external jobid 'Your job 4289648 ("subsetPrunedSNPs") has been submitted'.
[Sun Sep  6 16:41:39 2020]
Finished job 13.
7 of 401 steps (2%) done

[Sun Sep  6 16:41:39 2020]
rule subsetPrunedSNPs:
    input: /u/home/j/jzou1115/project-zarlab/CFW/MegaAnalysis_CFW_2019/genotypes/oxinfo90/combined.chr13.oxinfo90.dosages.gz, /u/home/j/jzou1115/project-zarlab/CFW/MegaAnalysis_CFW_2019/genotypes/oxinfo90/combined.chr13.oxinfo90.annot, /u/home/j/jzou1115/project-zarlab/CFW/confidence_interval_pipeline_out_pruned_ox_redo/genotypes/chr13.oxinfo90.txt, /u/home/j/jzou1115/project-zarlab/CFW/confidence_intervals/data/phenotypes/pheno.combined.txt
    output: /u/home/j/jzou1115/project-zarlab/CFW/confidence_interval_pipeline_out_pruned_ox_redo/genotypes/chr13.oxinfo90.Rdata
    jobid: 32
    wildcards: chr=13

[Sun Sep  6 16:41:40 2020]
Finished job 35.
8 of 401 steps (2%) done
Submitted job 32 with external jobid 'Your job 4289649 ("subsetPrunedSNPs") has been submitted'.
[Sun Sep  6 16:42:23 2020]
Finished job 12.
9 of 401 steps (2%) done

[Sun Sep  6 16:42:23 2020]
rule subsetPrunedSNPs:
    input: /u/home/j/jzou1115/project-zarlab/CFW/MegaAnalysis_CFW_2019/genotypes/oxinfo90/combined.chr12.oxinfo90.dosages.gz, /u/home/j/jzou1115/project-zarlab/CFW/MegaAnalysis_CFW_2019/genotypes/oxinfo90/combined.chr12.oxinfo90.annot, /u/home/j/jzou1115/project-zarlab/CFW/confidence_interval_pipeline_out_pruned_ox_redo/genotypes/chr12.oxinfo90.txt, /u/home/j/jzou1115/project-zarlab/CFW/confidence_intervals/data/phenotypes/pheno.combined.txt
    output: /u/home/j/jzou1115/project-zarlab/CFW/confidence_interval_pipeline_out_pruned_ox_redo/genotypes/chr12.oxinfo90.Rdata
    jobid: 31
    wildcards: chr=12

[Sun Sep  6 16:42:23 2020]
Finished job 8.
10 of 401 steps (2%) done
Submitted job 31 with external jobid 'Your job 4289650 ("subsetPrunedSNPs") has been submitted'.

[Sun Sep  6 16:42:24 2020]
rule subsetPrunedSNPs:
    input: /u/home/j/jzou1115/project-zarlab/CFW/MegaAnalysis_CFW_2019/genotypes/oxinfo90/combined.chr8.oxinfo90.dosages.gz, /u/home/j/jzou1115/project-zarlab/CFW/MegaAnalysis_CFW_2019/genotypes/oxinfo90/combined.chr8.oxinfo90.annot, /u/home/j/jzou1115/project-zarlab/CFW/confidence_interval_pipeline_out_pruned_ox_redo/genotypes/chr8.oxinfo90.txt, /u/home/j/jzou1115/project-zarlab/CFW/confidence_intervals/data/phenotypes/pheno.combined.txt
    output: /u/home/j/jzou1115/project-zarlab/CFW/confidence_interval_pipeline_out_pruned_ox_redo/genotypes/chr8.oxinfo90.Rdata
    jobid: 27
    wildcards: chr=8

[Sun Sep  6 16:42:24 2020]
Finished job 38.
11 of 401 steps (3%) done
Submitted job 27 with external jobid 'Your job 4289651 ("subsetPrunedSNPs") has been submitted'.
[Sun Sep  6 16:42:34 2020]
Finished job 2.
12 of 401 steps (3%) done

[Sun Sep  6 16:42:34 2020]
rule subsetPrunedSNPs:
    input: /u/home/j/jzou1115/project-zarlab/CFW/MegaAnalysis_CFW_2019/genotypes/oxinfo90/combined.chr2.oxinfo90.dosages.gz, /u/home/j/jzou1115/project-zarlab/CFW/MegaAnalysis_CFW_2019/genotypes/oxinfo90/combined.chr2.oxinfo90.annot, /u/home/j/jzou1115/project-zarlab/CFW/confidence_interval_pipeline_out_pruned_ox_redo/genotypes/chr2.oxinfo90.txt, /u/home/j/jzou1115/project-zarlab/CFW/confidence_intervals/data/phenotypes/pheno.combined.txt
    output: /u/home/j/jzou1115/project-zarlab/CFW/confidence_interval_pipeline_out_pruned_ox_redo/genotypes/chr2.oxinfo90.Rdata
    jobid: 21
    wildcards: chr=2

Submitted job 21 with external jobid 'Your job 4289655 ("subsetPrunedSNPs") has been submitted'.
[Sun Sep  6 16:42:45 2020]
Finished job 4.
13 of 401 steps (3%) done

[Sun Sep  6 16:42:45 2020]
rule subsetPrunedSNPs:
    input: /u/home/j/jzou1115/project-zarlab/CFW/MegaAnalysis_CFW_2019/genotypes/oxinfo90/combined.chr4.oxinfo90.dosages.gz, /u/home/j/jzou1115/project-zarlab/CFW/MegaAnalysis_CFW_2019/genotypes/oxinfo90/combined.chr4.oxinfo90.annot, /u/home/j/jzou1115/project-zarlab/CFW/confidence_interval_pipeline_out_pruned_ox_redo/genotypes/chr4.oxinfo90.txt, /u/home/j/jzou1115/project-zarlab/CFW/confidence_intervals/data/phenotypes/pheno.combined.txt
    output: /u/home/j/jzou1115/project-zarlab/CFW/confidence_interval_pipeline_out_pruned_ox_redo/genotypes/chr4.oxinfo90.Rdata
    jobid: 23
    wildcards: chr=4

Submitted job 23 with external jobid 'Your job 4289656 ("subsetPrunedSNPs") has been submitted'.
[Sun Sep  6 16:42:56 2020]
Finished job 6.
14 of 401 steps (3%) done

[Sun Sep  6 16:42:56 2020]
rule subsetPrunedSNPs:
    input: /u/home/j/jzou1115/project-zarlab/CFW/MegaAnalysis_CFW_2019/genotypes/oxinfo90/combined.chr6.oxinfo90.dosages.gz, /u/home/j/jzou1115/project-zarlab/CFW/MegaAnalysis_CFW_2019/genotypes/oxinfo90/combined.chr6.oxinfo90.annot, /u/home/j/jzou1115/project-zarlab/CFW/confidence_interval_pipeline_out_pruned_ox_redo/genotypes/chr6.oxinfo90.txt, /u/home/j/jzou1115/project-zarlab/CFW/confidence_intervals/data/phenotypes/pheno.combined.txt
    output: /u/home/j/jzou1115/project-zarlab/CFW/confidence_interval_pipeline_out_pruned_ox_redo/genotypes/chr6.oxinfo90.Rdata
    jobid: 25
    wildcards: chr=6

Submitted job 25 with external jobid 'Your job 4289658 ("subsetPrunedSNPs") has been submitted'.
[Sun Sep  6 16:43:07 2020]
Finished job 3.
15 of 401 steps (4%) done

[Sun Sep  6 16:43:07 2020]
rule subsetPrunedSNPs:
    input: /u/home/j/jzou1115/project-zarlab/CFW/MegaAnalysis_CFW_2019/genotypes/oxinfo90/combined.chr3.oxinfo90.dosages.gz, /u/home/j/jzou1115/project-zarlab/CFW/MegaAnalysis_CFW_2019/genotypes/oxinfo90/combined.chr3.oxinfo90.annot, /u/home/j/jzou1115/project-zarlab/CFW/confidence_interval_pipeline_out_pruned_ox_redo/genotypes/chr3.oxinfo90.txt, /u/home/j/jzou1115/project-zarlab/CFW/confidence_intervals/data/phenotypes/pheno.combined.txt
    output: /u/home/j/jzou1115/project-zarlab/CFW/confidence_interval_pipeline_out_pruned_ox_redo/genotypes/chr3.oxinfo90.Rdata
    jobid: 22
    wildcards: chr=3

Submitted job 22 with external jobid 'Your job 4289659 ("subsetPrunedSNPs") has been submitted'.
[Sun Sep  6 16:43:18 2020]
Finished job 26.
16 of 401 steps (4%) done
[Sun Sep  6 16:43:18 2020]
Finished job 1.
17 of 401 steps (4%) done

[Sun Sep  6 16:43:18 2020]
rule subsetPrunedSNPs:
    input: /u/home/j/jzou1115/project-zarlab/CFW/MegaAnalysis_CFW_2019/genotypes/oxinfo90/combined.chr1.oxinfo90.dosages.gz, /u/home/j/jzou1115/project-zarlab/CFW/MegaAnalysis_CFW_2019/genotypes/oxinfo90/combined.chr1.oxinfo90.annot, /u/home/j/jzou1115/project-zarlab/CFW/confidence_interval_pipeline_out_pruned_ox_redo/genotypes/chr1.oxinfo90.txt, /u/home/j/jzou1115/project-zarlab/CFW/confidence_intervals/data/phenotypes/pheno.combined.txt
    output: /u/home/j/jzou1115/project-zarlab/CFW/confidence_interval_pipeline_out_pruned_ox_redo/genotypes/chr1.oxinfo90.Rdata
    jobid: 20
    wildcards: chr=1

Submitted job 20 with external jobid 'Your job 4289660 ("subsetPrunedSNPs") has been submitted'.
[Sun Sep  6 16:44:02 2020]
Finished job 11.
18 of 401 steps (4%) done

[Sun Sep  6 16:44:02 2020]
rule subsetPrunedSNPs:
    input: /u/home/j/jzou1115/project-zarlab/CFW/MegaAnalysis_CFW_2019/genotypes/oxinfo90/combined.chr11.oxinfo90.dosages.gz, /u/home/j/jzou1115/project-zarlab/CFW/MegaAnalysis_CFW_2019/genotypes/oxinfo90/combined.chr11.oxinfo90.annot, /u/home/j/jzou1115/project-zarlab/CFW/confidence_interval_pipeline_out_pruned_ox_redo/genotypes/chr11.oxinfo90.txt, /u/home/j/jzou1115/project-zarlab/CFW/confidence_intervals/data/phenotypes/pheno.combined.txt
    output: /u/home/j/jzou1115/project-zarlab/CFW/confidence_interval_pipeline_out_pruned_ox_redo/genotypes/chr11.oxinfo90.Rdata
    jobid: 30
    wildcards: chr=11

[Sun Sep  6 16:44:03 2020]
Finished job 17.
19 of 401 steps (5%) done
Submitted job 30 with external jobid 'Your job 4289662 ("subsetPrunedSNPs") has been submitted'.

[Sun Sep  6 16:44:03 2020]
rule subsetPrunedSNPs:
    input: /u/home/j/jzou1115/project-zarlab/CFW/MegaAnalysis_CFW_2019/genotypes/oxinfo90/combined.chr17.oxinfo90.dosages.gz, /u/home/j/jzou1115/project-zarlab/CFW/MegaAnalysis_CFW_2019/genotypes/oxinfo90/combined.chr17.oxinfo90.annot, /u/home/j/jzou1115/project-zarlab/CFW/confidence_interval_pipeline_out_pruned_ox_redo/genotypes/chr17.oxinfo90.txt, /u/home/j/jzou1115/project-zarlab/CFW/confidence_intervals/data/phenotypes/pheno.combined.txt
    output: /u/home/j/jzou1115/project-zarlab/CFW/confidence_interval_pipeline_out_pruned_ox_redo/genotypes/chr17.oxinfo90.Rdata
    jobid: 36
    wildcards: chr=17

Submitted job 36 with external jobid 'Your job 4289663 ("subsetPrunedSNPs") has been submitted'.
[Sun Sep  6 16:44:24 2020]
Finished job 10.
20 of 401 steps (5%) done

[Sun Sep  6 16:44:24 2020]
rule subsetPrunedSNPs:
    input: /u/home/j/jzou1115/project-zarlab/CFW/MegaAnalysis_CFW_2019/genotypes/oxinfo90/combined.chr10.oxinfo90.dosages.gz, /u/home/j/jzou1115/project-zarlab/CFW/MegaAnalysis_CFW_2019/genotypes/oxinfo90/combined.chr10.oxinfo90.annot, /u/home/j/jzou1115/project-zarlab/CFW/confidence_interval_pipeline_out_pruned_ox_redo/genotypes/chr10.oxinfo90.txt, /u/home/j/jzou1115/project-zarlab/CFW/confidence_intervals/data/phenotypes/pheno.combined.txt
    output: /u/home/j/jzou1115/project-zarlab/CFW/confidence_interval_pipeline_out_pruned_ox_redo/genotypes/chr10.oxinfo90.Rdata
    jobid: 29
    wildcards: chr=10

[Sun Sep  6 16:44:24 2020]
Finished job 18.
21 of 401 steps (5%) done
[Sun Sep  6 16:44:24 2020]
Finished job 15.
22 of 401 steps (5%) done
Submitted job 29 with external jobid 'Your job 4289664 ("subsetPrunedSNPs") has been submitted'.

[Sun Sep  6 16:44:25 2020]
rule subsetPrunedSNPs:
    input: /u/home/j/jzou1115/project-zarlab/CFW/MegaAnalysis_CFW_2019/genotypes/oxinfo90/combined.chr18.oxinfo90.dosages.gz, /u/home/j/jzou1115/project-zarlab/CFW/MegaAnalysis_CFW_2019/genotypes/oxinfo90/combined.chr18.oxinfo90.annot, /u/home/j/jzou1115/project-zarlab/CFW/confidence_interval_pipeline_out_pruned_ox_redo/genotypes/chr18.oxinfo90.txt, /u/home/j/jzou1115/project-zarlab/CFW/confidence_intervals/data/phenotypes/pheno.combined.txt
    output: /u/home/j/jzou1115/project-zarlab/CFW/confidence_interval_pipeline_out_pruned_ox_redo/genotypes/chr18.oxinfo90.Rdata
    jobid: 37
    wildcards: chr=18

Submitted job 37 with external jobid 'Your job 4289665 ("subsetPrunedSNPs") has been submitted'.

[Sun Sep  6 16:44:26 2020]
rule subsetPrunedSNPs:
    input: /u/home/j/jzou1115/project-zarlab/CFW/MegaAnalysis_CFW_2019/genotypes/oxinfo90/combined.chr15.oxinfo90.dosages.gz, /u/home/j/jzou1115/project-zarlab/CFW/MegaAnalysis_CFW_2019/genotypes/oxinfo90/combined.chr15.oxinfo90.annot, /u/home/j/jzou1115/project-zarlab/CFW/confidence_interval_pipeline_out_pruned_ox_redo/genotypes/chr15.oxinfo90.txt, /u/home/j/jzou1115/project-zarlab/CFW/confidence_intervals/data/phenotypes/pheno.combined.txt
    output: /u/home/j/jzou1115/project-zarlab/CFW/confidence_interval_pipeline_out_pruned_ox_redo/genotypes/chr15.oxinfo90.Rdata
    jobid: 34
    wildcards: chr=15

Submitted job 34 with external jobid 'Your job 4289666 ("subsetPrunedSNPs") has been submitted'.
[Sun Sep  6 16:44:57 2020]
Finished job 28.
23 of 401 steps (6%) done
[Sun Sep  6 16:45:30 2020]
Finished job 24.
24 of 401 steps (6%) done
[Sun Sep  6 16:48:27 2020]
Finished job 22.
25 of 401 steps (6%) done
[Sun Sep  6 16:48:27 2020]
Finished job 31.
26 of 401 steps (6%) done
[Sun Sep  6 16:48:27 2020]
Finished job 32.
27 of 401 steps (7%) done
[Sun Sep  6 16:48:27 2020]
Finished job 27.
28 of 401 steps (7%) done
[Sun Sep  6 16:48:28 2020]
Finished job 37.
29 of 401 steps (7%) done
[Sun Sep  6 16:48:38 2020]
Finished job 23.
30 of 401 steps (7%) done
[Sun Sep  6 16:49:08 2020]
Finished job 29.
31 of 401 steps (8%) done
[Sun Sep  6 16:49:08 2020]
Finished job 25.
32 of 401 steps (8%) done
[Sun Sep  6 16:49:48 2020]
Finished job 33.
33 of 401 steps (8%) done
[Sun Sep  6 16:49:58 2020]
Finished job 34.
34 of 401 steps (8%) done
[Sun Sep  6 16:51:28 2020]
Finished job 36.
35 of 401 steps (9%) done
[Sun Sep  6 16:52:58 2020]
Finished job 20.
36 of 401 steps (9%) done
[Sun Sep  6 16:52:58 2020]
Finished job 21.
37 of 401 steps (9%) done
[Sun Sep  6 16:53:38 2020]
Finished job 30.
38 of 401 steps (9%) done

[Sun Sep  6 16:53:38 2020]
rule makeKinship:
    input: /u/home/j/jzou1115/project-zarlab/CFW/confidence_interval_pipeline_out_pruned_ox_redo/genotypes/chr1.oxinfo90.Rdata, /u/home/j/jzou1115/project-zarlab/CFW/confidence_interval_pipeline_out_pruned_ox_redo/genotypes/chr2.oxinfo90.Rdata, /u/home/j/jzou1115/project-zarlab/CFW/confidence_interval_pipeline_out_pruned_ox_redo/genotypes/chr3.oxinfo90.Rdata, /u/home/j/jzou1115/project-zarlab/CFW/confidence_interval_pipeline_out_pruned_ox_redo/genotypes/chr4.oxinfo90.Rdata, /u/home/j/jzou1115/project-zarlab/CFW/confidence_interval_pipeline_out_pruned_ox_redo/genotypes/chr5.oxinfo90.Rdata, /u/home/j/jzou1115/project-zarlab/CFW/confidence_interval_pipeline_out_pruned_ox_redo/genotypes/chr6.oxinfo90.Rdata, /u/home/j/jzou1115/project-zarlab/CFW/confidence_interval_pipeline_out_pruned_ox_redo/genotypes/chr7.oxinfo90.Rdata, /u/home/j/jzou1115/project-zarlab/CFW/confidence_interval_pipeline_out_pruned_ox_redo/genotypes/chr8.oxinfo90.Rdata, /u/home/j/jzou1115/project-zarlab/CFW/confidence_interval_pipeline_out_pruned_ox_redo/genotypes/chr9.oxinfo90.Rdata, /u/home/j/jzou1115/project-zarlab/CFW/confidence_interval_pipeline_out_pruned_ox_redo/genotypes/chr10.oxinfo90.Rdata, /u/home/j/jzou1115/project-zarlab/CFW/confidence_interval_pipeline_out_pruned_ox_redo/genotypes/chr11.oxinfo90.Rdata, /u/home/j/jzou1115/project-zarlab/CFW/confidence_interval_pipeline_out_pruned_ox_redo/genotypes/chr12.oxinfo90.Rdata, /u/home/j/jzou1115/project-zarlab/CFW/confidence_interval_pipeline_out_pruned_ox_redo/genotypes/chr13.oxinfo90.Rdata, /u/home/j/jzou1115/project-zarlab/CFW/confidence_interval_pipeline_out_pruned_ox_redo/genotypes/chr14.oxinfo90.Rdata, /u/home/j/jzou1115/project-zarlab/CFW/confidence_interval_pipeline_out_pruned_ox_redo/genotypes/chr15.oxinfo90.Rdata, /u/home/j/jzou1115/project-zarlab/CFW/confidence_interval_pipeline_out_pruned_ox_redo/genotypes/chr16.oxinfo90.Rdata, /u/home/j/jzou1115/project-zarlab/CFW/confidence_interval_pipeline_out_pruned_ox_redo/genotypes/chr17.oxinfo90.Rdata, /u/home/j/jzou1115/project-zarlab/CFW/confidence_interval_pipeline_out_pruned_ox_redo/genotypes/chr18.oxinfo90.Rdata, /u/home/j/jzou1115/project-zarlab/CFW/confidence_interval_pipeline_out_pruned_ox_redo/genotypes/chr19.oxinfo90.Rdata
    output: /u/home/j/jzou1115/project-zarlab/CFW/confidence_interval_pipeline_out_pruned_ox/genotypes/kinship_matrices.RData
    jobid: 400

Submitted job 400 with external jobid 'Your job 4289709 ("makeKinship") has been submitted'.
