Building DAG of jobs...
Using shell: /bin/bash
Provided cluster nodes: 200
Job counts:
	count	jobs
	1	all
	77	annovar_input
	19	combineQtlsPrunedSNPs
	1	evaluateConfidenceIntervals
	34	genomeScans
	77	locus_zoom_input
	1	makeKinship
	1	mixedModelHeritabilities
	77	run_susier
	77	simulateConfidenceIntervals
	19	subsetPrunedSNPs
	77	susier_input
	461

[Tue Sep  1 22:37:51 2020]
rule combineQtlsPrunedSNPs:
    input: /u/home/j/jzou1115/project-zarlab/CFW/MegaAnalysis_CFW_2019/oxinfo90/LDprunedSNPs/combined.chr4.prune.in, /u/home/j/jzou1115/project-zarlab/CFW/confidence_intervals/data/qtls/qtls_decorrelated_threshold_uc.txt
    output: /u/home/j/jzou1115/project-zarlab/CFW/confidence_interval_pipeline_out_pruned_uc/genotypes/chr4.oxinfo90.txt
    jobid: 4
    wildcards: chr=4

Submitted job 4 with external jobid 'Your job 4259099 ("combineQtlsPrunedSNPs") has been submitted'.

[Tue Sep  1 22:37:52 2020]
rule combineQtlsPrunedSNPs:
    input: /u/home/j/jzou1115/project-zarlab/CFW/MegaAnalysis_CFW_2019/oxinfo90/LDprunedSNPs/combined.chr1.prune.in, /u/home/j/jzou1115/project-zarlab/CFW/confidence_intervals/data/qtls/qtls_decorrelated_threshold_uc.txt
    output: /u/home/j/jzou1115/project-zarlab/CFW/confidence_interval_pipeline_out_pruned_uc/genotypes/chr1.oxinfo90.txt
    jobid: 1
    wildcards: chr=1

Submitted job 1 with external jobid 'Your job 4259100 ("combineQtlsPrunedSNPs") has been submitted'.

[Tue Sep  1 22:37:53 2020]
rule combineQtlsPrunedSNPs:
    input: /u/home/j/jzou1115/project-zarlab/CFW/MegaAnalysis_CFW_2019/oxinfo90/LDprunedSNPs/combined.chr6.prune.in, /u/home/j/jzou1115/project-zarlab/CFW/confidence_intervals/data/qtls/qtls_decorrelated_threshold_uc.txt
    output: /u/home/j/jzou1115/project-zarlab/CFW/confidence_interval_pipeline_out_pruned_uc/genotypes/chr6.oxinfo90.txt
    jobid: 6
    wildcards: chr=6

Submitted job 6 with external jobid 'Your job 4259101 ("combineQtlsPrunedSNPs") has been submitted'.

[Tue Sep  1 22:37:54 2020]
rule combineQtlsPrunedSNPs:
    input: /u/home/j/jzou1115/project-zarlab/CFW/MegaAnalysis_CFW_2019/oxinfo90/LDprunedSNPs/combined.chr3.prune.in, /u/home/j/jzou1115/project-zarlab/CFW/confidence_intervals/data/qtls/qtls_decorrelated_threshold_uc.txt
    output: /u/home/j/jzou1115/project-zarlab/CFW/confidence_interval_pipeline_out_pruned_uc/genotypes/chr3.oxinfo90.txt
    jobid: 3
    wildcards: chr=3

Submitted job 3 with external jobid 'Your job 4259102 ("combineQtlsPrunedSNPs") has been submitted'.

[Tue Sep  1 22:37:54 2020]
rule combineQtlsPrunedSNPs:
    input: /u/home/j/jzou1115/project-zarlab/CFW/MegaAnalysis_CFW_2019/oxinfo90/LDprunedSNPs/combined.chr14.prune.in, /u/home/j/jzou1115/project-zarlab/CFW/confidence_intervals/data/qtls/qtls_decorrelated_threshold_uc.txt
    output: /u/home/j/jzou1115/project-zarlab/CFW/confidence_interval_pipeline_out_pruned_uc/genotypes/chr14.oxinfo90.txt
    jobid: 14
    wildcards: chr=14

Submitted job 14 with external jobid 'Your job 4259103 ("combineQtlsPrunedSNPs") has been submitted'.

[Tue Sep  1 22:37:55 2020]
rule combineQtlsPrunedSNPs:
    input: /u/home/j/jzou1115/project-zarlab/CFW/MegaAnalysis_CFW_2019/oxinfo90/LDprunedSNPs/combined.chr16.prune.in, /u/home/j/jzou1115/project-zarlab/CFW/confidence_intervals/data/qtls/qtls_decorrelated_threshold_uc.txt
    output: /u/home/j/jzou1115/project-zarlab/CFW/confidence_interval_pipeline_out_pruned_uc/genotypes/chr16.oxinfo90.txt
    jobid: 16
    wildcards: chr=16

Submitted job 16 with external jobid 'Your job 4259104 ("combineQtlsPrunedSNPs") has been submitted'.

[Tue Sep  1 22:37:56 2020]
rule combineQtlsPrunedSNPs:
    input: /u/home/j/jzou1115/project-zarlab/CFW/MegaAnalysis_CFW_2019/oxinfo90/LDprunedSNPs/combined.chr11.prune.in, /u/home/j/jzou1115/project-zarlab/CFW/confidence_intervals/data/qtls/qtls_decorrelated_threshold_uc.txt
    output: /u/home/j/jzou1115/project-zarlab/CFW/confidence_interval_pipeline_out_pruned_uc/genotypes/chr11.oxinfo90.txt
    jobid: 11
    wildcards: chr=11

Submitted job 11 with external jobid 'Your job 4259105 ("combineQtlsPrunedSNPs") has been submitted'.

[Tue Sep  1 22:37:57 2020]
rule combineQtlsPrunedSNPs:
    input: /u/home/j/jzou1115/project-zarlab/CFW/MegaAnalysis_CFW_2019/oxinfo90/LDprunedSNPs/combined.chr15.prune.in, /u/home/j/jzou1115/project-zarlab/CFW/confidence_intervals/data/qtls/qtls_decorrelated_threshold_uc.txt
    output: /u/home/j/jzou1115/project-zarlab/CFW/confidence_interval_pipeline_out_pruned_uc/genotypes/chr15.oxinfo90.txt
    jobid: 15
    wildcards: chr=15

Submitted job 15 with external jobid 'Your job 4259106 ("combineQtlsPrunedSNPs") has been submitted'.

[Tue Sep  1 22:37:58 2020]
rule combineQtlsPrunedSNPs:
    input: /u/home/j/jzou1115/project-zarlab/CFW/MegaAnalysis_CFW_2019/oxinfo90/LDprunedSNPs/combined.chr18.prune.in, /u/home/j/jzou1115/project-zarlab/CFW/confidence_intervals/data/qtls/qtls_decorrelated_threshold_uc.txt
    output: /u/home/j/jzou1115/project-zarlab/CFW/confidence_interval_pipeline_out_pruned_uc/genotypes/chr18.oxinfo90.txt
    jobid: 18
    wildcards: chr=18

Submitted job 18 with external jobid 'Your job 4259107 ("combineQtlsPrunedSNPs") has been submitted'.

[Tue Sep  1 22:37:59 2020]
rule combineQtlsPrunedSNPs:
    input: /u/home/j/jzou1115/project-zarlab/CFW/MegaAnalysis_CFW_2019/oxinfo90/LDprunedSNPs/combined.chr7.prune.in, /u/home/j/jzou1115/project-zarlab/CFW/confidence_intervals/data/qtls/qtls_decorrelated_threshold_uc.txt
    output: /u/home/j/jzou1115/project-zarlab/CFW/confidence_interval_pipeline_out_pruned_uc/genotypes/chr7.oxinfo90.txt
    jobid: 7
    wildcards: chr=7

Submitted job 7 with external jobid 'Your job 4259108 ("combineQtlsPrunedSNPs") has been submitted'.

[Tue Sep  1 22:37:59 2020]
rule combineQtlsPrunedSNPs:
    input: /u/home/j/jzou1115/project-zarlab/CFW/MegaAnalysis_CFW_2019/oxinfo90/LDprunedSNPs/combined.chr8.prune.in, /u/home/j/jzou1115/project-zarlab/CFW/confidence_intervals/data/qtls/qtls_decorrelated_threshold_uc.txt
    output: /u/home/j/jzou1115/project-zarlab/CFW/confidence_interval_pipeline_out_pruned_uc/genotypes/chr8.oxinfo90.txt
    jobid: 8
    wildcards: chr=8

Submitted job 8 with external jobid 'Your job 4259110 ("combineQtlsPrunedSNPs") has been submitted'.

[Tue Sep  1 22:38:00 2020]
rule combineQtlsPrunedSNPs:
    input: /u/home/j/jzou1115/project-zarlab/CFW/MegaAnalysis_CFW_2019/oxinfo90/LDprunedSNPs/combined.chr17.prune.in, /u/home/j/jzou1115/project-zarlab/CFW/confidence_intervals/data/qtls/qtls_decorrelated_threshold_uc.txt
    output: /u/home/j/jzou1115/project-zarlab/CFW/confidence_interval_pipeline_out_pruned_uc/genotypes/chr17.oxinfo90.txt
    jobid: 17
    wildcards: chr=17

Submitted job 17 with external jobid 'Your job 4259111 ("combineQtlsPrunedSNPs") has been submitted'.

[Tue Sep  1 22:38:01 2020]
rule combineQtlsPrunedSNPs:
    input: /u/home/j/jzou1115/project-zarlab/CFW/MegaAnalysis_CFW_2019/oxinfo90/LDprunedSNPs/combined.chr9.prune.in, /u/home/j/jzou1115/project-zarlab/CFW/confidence_intervals/data/qtls/qtls_decorrelated_threshold_uc.txt
    output: /u/home/j/jzou1115/project-zarlab/CFW/confidence_interval_pipeline_out_pruned_uc/genotypes/chr9.oxinfo90.txt
    jobid: 9
    wildcards: chr=9

Submitted job 9 with external jobid 'Your job 4259112 ("combineQtlsPrunedSNPs") has been submitted'.

[Tue Sep  1 22:38:02 2020]
rule combineQtlsPrunedSNPs:
    input: /u/home/j/jzou1115/project-zarlab/CFW/MegaAnalysis_CFW_2019/oxinfo90/LDprunedSNPs/combined.chr12.prune.in, /u/home/j/jzou1115/project-zarlab/CFW/confidence_intervals/data/qtls/qtls_decorrelated_threshold_uc.txt
    output: /u/home/j/jzou1115/project-zarlab/CFW/confidence_interval_pipeline_out_pruned_uc/genotypes/chr12.oxinfo90.txt
    jobid: 12
    wildcards: chr=12

Submitted job 12 with external jobid 'Your job 4259113 ("combineQtlsPrunedSNPs") has been submitted'.

[Tue Sep  1 22:38:03 2020]
rule combineQtlsPrunedSNPs:
    input: /u/home/j/jzou1115/project-zarlab/CFW/MegaAnalysis_CFW_2019/oxinfo90/LDprunedSNPs/combined.chr5.prune.in, /u/home/j/jzou1115/project-zarlab/CFW/confidence_intervals/data/qtls/qtls_decorrelated_threshold_uc.txt
    output: /u/home/j/jzou1115/project-zarlab/CFW/confidence_interval_pipeline_out_pruned_uc/genotypes/chr5.oxinfo90.txt
    jobid: 5
    wildcards: chr=5

Submitted job 5 with external jobid 'Your job 4259114 ("combineQtlsPrunedSNPs") has been submitted'.

[Tue Sep  1 22:38:03 2020]
rule combineQtlsPrunedSNPs:
    input: /u/home/j/jzou1115/project-zarlab/CFW/MegaAnalysis_CFW_2019/oxinfo90/LDprunedSNPs/combined.chr2.prune.in, /u/home/j/jzou1115/project-zarlab/CFW/confidence_intervals/data/qtls/qtls_decorrelated_threshold_uc.txt
    output: /u/home/j/jzou1115/project-zarlab/CFW/confidence_interval_pipeline_out_pruned_uc/genotypes/chr2.oxinfo90.txt
    jobid: 2
    wildcards: chr=2

Submitted job 2 with external jobid 'Your job 4259115 ("combineQtlsPrunedSNPs") has been submitted'.

[Tue Sep  1 22:38:04 2020]
rule combineQtlsPrunedSNPs:
    input: /u/home/j/jzou1115/project-zarlab/CFW/MegaAnalysis_CFW_2019/oxinfo90/LDprunedSNPs/combined.chr13.prune.in, /u/home/j/jzou1115/project-zarlab/CFW/confidence_intervals/data/qtls/qtls_decorrelated_threshold_uc.txt
    output: /u/home/j/jzou1115/project-zarlab/CFW/confidence_interval_pipeline_out_pruned_uc/genotypes/chr13.oxinfo90.txt
    jobid: 13
    wildcards: chr=13

Submitted job 13 with external jobid 'Your job 4259116 ("combineQtlsPrunedSNPs") has been submitted'.

[Tue Sep  1 22:38:06 2020]
rule combineQtlsPrunedSNPs:
    input: /u/home/j/jzou1115/project-zarlab/CFW/MegaAnalysis_CFW_2019/oxinfo90/LDprunedSNPs/combined.chr19.prune.in, /u/home/j/jzou1115/project-zarlab/CFW/confidence_intervals/data/qtls/qtls_decorrelated_threshold_uc.txt
    output: /u/home/j/jzou1115/project-zarlab/CFW/confidence_interval_pipeline_out_pruned_uc/genotypes/chr19.oxinfo90.txt
    jobid: 19
    wildcards: chr=19

Submitted job 19 with external jobid 'Your job 4259117 ("combineQtlsPrunedSNPs") has been submitted'.

[Tue Sep  1 22:38:07 2020]
rule combineQtlsPrunedSNPs:
    input: /u/home/j/jzou1115/project-zarlab/CFW/MegaAnalysis_CFW_2019/oxinfo90/LDprunedSNPs/combined.chr10.prune.in, /u/home/j/jzou1115/project-zarlab/CFW/confidence_intervals/data/qtls/qtls_decorrelated_threshold_uc.txt
    output: /u/home/j/jzou1115/project-zarlab/CFW/confidence_interval_pipeline_out_pruned_uc/genotypes/chr10.oxinfo90.txt
    jobid: 10
    wildcards: chr=10

Submitted job 10 with external jobid 'Your job 4259118 ("combineQtlsPrunedSNPs") has been submitted'.
Waiting at most 600 seconds for missing files.
[Tue Sep  1 22:38:43 2020]
Finished job 4.
1 of 461 steps (0.22%) done

[Tue Sep  1 22:38:43 2020]
rule subsetPrunedSNPs:
    input: /u/home/j/jzou1115/project-zarlab/CFW/MegaAnalysis_CFW_2019/genotypes/oxinfo90/ox.chr4.oxinfo90.dosages.gz, /u/home/j/jzou1115/project-zarlab/CFW/MegaAnalysis_CFW_2019/genotypes/oxinfo90/combined.chr4.oxinfo90.annot, /u/home/j/jzou1115/project-zarlab/CFW/confidence_interval_pipeline_out_pruned_uc/genotypes/chr4.oxinfo90.txt, /u/home/j/jzou1115/project-zarlab/CFW/confidence_intervals/data/phenotypes/pheno.uc.txt
    output: /u/home/j/jzou1115/project-zarlab/CFW/confidence_interval_pipeline_out_pruned_uc/genotypes/chr4.oxinfo90.Rdata
    jobid: 23
    wildcards: chr=4

[Tue Sep  1 22:38:44 2020]
Finished job 1.
2 of 461 steps (0.43%) done
[Tue Sep  1 22:38:44 2020]
Finished job 6.
3 of 461 steps (0.65%) done
[Tue Sep  1 22:38:44 2020]
Finished job 3.
4 of 461 steps (0.87%) done
[Tue Sep  1 22:38:44 2020]
Finished job 14.
5 of 461 steps (1%) done
[Tue Sep  1 22:38:44 2020]
Finished job 16.
6 of 461 steps (1%) done
[Tue Sep  1 22:38:44 2020]
Finished job 11.
7 of 461 steps (2%) done
[Tue Sep  1 22:38:44 2020]
Finished job 15.
8 of 461 steps (2%) done
[Tue Sep  1 22:38:44 2020]
Finished job 18.
9 of 461 steps (2%) done
[Tue Sep  1 22:38:44 2020]
Finished job 7.
10 of 461 steps (2%) done
[Tue Sep  1 22:38:44 2020]
Finished job 8.
11 of 461 steps (2%) done
[Tue Sep  1 22:38:45 2020]
Finished job 17.
12 of 461 steps (3%) done
Submitted job 23 with external jobid 'Your job 4259120 ("subsetPrunedSNPs") has been submitted'.
[Tue Sep  1 22:38:45 2020]
Finished job 12.
13 of 461 steps (3%) done

[Tue Sep  1 22:38:45 2020]
rule subsetPrunedSNPs:
    input: /u/home/j/jzou1115/project-zarlab/CFW/MegaAnalysis_CFW_2019/genotypes/oxinfo90/ox.chr6.oxinfo90.dosages.gz, /u/home/j/jzou1115/project-zarlab/CFW/MegaAnalysis_CFW_2019/genotypes/oxinfo90/combined.chr6.oxinfo90.annot, /u/home/j/jzou1115/project-zarlab/CFW/confidence_interval_pipeline_out_pruned_uc/genotypes/chr6.oxinfo90.txt, /u/home/j/jzou1115/project-zarlab/CFW/confidence_intervals/data/phenotypes/pheno.uc.txt
    output: /u/home/j/jzou1115/project-zarlab/CFW/confidence_interval_pipeline_out_pruned_uc/genotypes/chr6.oxinfo90.Rdata
    jobid: 25
    wildcards: chr=6

[Tue Sep  1 22:38:45 2020]
Finished job 5.
14 of 461 steps (3%) done
[Tue Sep  1 22:38:45 2020]
Finished job 2.
15 of 461 steps (3%) done
[Tue Sep  1 22:38:45 2020]
Finished job 13.
16 of 461 steps (3%) done
[Tue Sep  1 22:38:45 2020]
Finished job 19.
17 of 461 steps (4%) done
[Tue Sep  1 22:38:45 2020]
Finished job 10.
18 of 461 steps (4%) done
Submitted job 25 with external jobid 'Your job 4259121 ("subsetPrunedSNPs") has been submitted'.

[Tue Sep  1 22:38:46 2020]
rule subsetPrunedSNPs:
    input: /u/home/j/jzou1115/project-zarlab/CFW/MegaAnalysis_CFW_2019/genotypes/oxinfo90/ox.chr1.oxinfo90.dosages.gz, /u/home/j/jzou1115/project-zarlab/CFW/MegaAnalysis_CFW_2019/genotypes/oxinfo90/combined.chr1.oxinfo90.annot, /u/home/j/jzou1115/project-zarlab/CFW/confidence_interval_pipeline_out_pruned_uc/genotypes/chr1.oxinfo90.txt, /u/home/j/jzou1115/project-zarlab/CFW/confidence_intervals/data/phenotypes/pheno.uc.txt
    output: /u/home/j/jzou1115/project-zarlab/CFW/confidence_interval_pipeline_out_pruned_uc/genotypes/chr1.oxinfo90.Rdata
    jobid: 20
    wildcards: chr=1

Submitted job 20 with external jobid 'Your job 4259122 ("subsetPrunedSNPs") has been submitted'.

[Tue Sep  1 22:38:47 2020]
rule subsetPrunedSNPs:
    input: /u/home/j/jzou1115/project-zarlab/CFW/MegaAnalysis_CFW_2019/genotypes/oxinfo90/ox.chr16.oxinfo90.dosages.gz, /u/home/j/jzou1115/project-zarlab/CFW/MegaAnalysis_CFW_2019/genotypes/oxinfo90/combined.chr16.oxinfo90.annot, /u/home/j/jzou1115/project-zarlab/CFW/confidence_interval_pipeline_out_pruned_uc/genotypes/chr16.oxinfo90.txt, /u/home/j/jzou1115/project-zarlab/CFW/confidence_intervals/data/phenotypes/pheno.uc.txt
    output: /u/home/j/jzou1115/project-zarlab/CFW/confidence_interval_pipeline_out_pruned_uc/genotypes/chr16.oxinfo90.Rdata
    jobid: 35
    wildcards: chr=16

Submitted job 35 with external jobid 'Your job 4259123 ("subsetPrunedSNPs") has been submitted'.

[Tue Sep  1 22:38:48 2020]
rule subsetPrunedSNPs:
    input: /u/home/j/jzou1115/project-zarlab/CFW/MegaAnalysis_CFW_2019/genotypes/oxinfo90/ox.chr14.oxinfo90.dosages.gz, /u/home/j/jzou1115/project-zarlab/CFW/MegaAnalysis_CFW_2019/genotypes/oxinfo90/combined.chr14.oxinfo90.annot, /u/home/j/jzou1115/project-zarlab/CFW/confidence_interval_pipeline_out_pruned_uc/genotypes/chr14.oxinfo90.txt, /u/home/j/jzou1115/project-zarlab/CFW/confidence_intervals/data/phenotypes/pheno.uc.txt
    output: /u/home/j/jzou1115/project-zarlab/CFW/confidence_interval_pipeline_out_pruned_uc/genotypes/chr14.oxinfo90.Rdata
    jobid: 33
    wildcards: chr=14

Submitted job 33 with external jobid 'Your job 4259124 ("subsetPrunedSNPs") has been submitted'.

[Tue Sep  1 22:38:49 2020]
rule subsetPrunedSNPs:
    input: /u/home/j/jzou1115/project-zarlab/CFW/MegaAnalysis_CFW_2019/genotypes/oxinfo90/ox.chr3.oxinfo90.dosages.gz, /u/home/j/jzou1115/project-zarlab/CFW/MegaAnalysis_CFW_2019/genotypes/oxinfo90/combined.chr3.oxinfo90.annot, /u/home/j/jzou1115/project-zarlab/CFW/confidence_interval_pipeline_out_pruned_uc/genotypes/chr3.oxinfo90.txt, /u/home/j/jzou1115/project-zarlab/CFW/confidence_intervals/data/phenotypes/pheno.uc.txt
    output: /u/home/j/jzou1115/project-zarlab/CFW/confidence_interval_pipeline_out_pruned_uc/genotypes/chr3.oxinfo90.Rdata
    jobid: 22
    wildcards: chr=3

Submitted job 22 with external jobid 'Your job 4259125 ("subsetPrunedSNPs") has been submitted'.

[Tue Sep  1 22:38:50 2020]
rule subsetPrunedSNPs:
    input: /u/home/j/jzou1115/project-zarlab/CFW/MegaAnalysis_CFW_2019/genotypes/oxinfo90/ox.chr12.oxinfo90.dosages.gz, /u/home/j/jzou1115/project-zarlab/CFW/MegaAnalysis_CFW_2019/genotypes/oxinfo90/combined.chr12.oxinfo90.annot, /u/home/j/jzou1115/project-zarlab/CFW/confidence_interval_pipeline_out_pruned_uc/genotypes/chr12.oxinfo90.txt, /u/home/j/jzou1115/project-zarlab/CFW/confidence_intervals/data/phenotypes/pheno.uc.txt
    output: /u/home/j/jzou1115/project-zarlab/CFW/confidence_interval_pipeline_out_pruned_uc/genotypes/chr12.oxinfo90.Rdata
    jobid: 31
    wildcards: chr=12

Submitted job 31 with external jobid 'Your job 4259126 ("subsetPrunedSNPs") has been submitted'.

[Tue Sep  1 22:38:51 2020]
rule subsetPrunedSNPs:
    input: /u/home/j/jzou1115/project-zarlab/CFW/MegaAnalysis_CFW_2019/genotypes/oxinfo90/ox.chr17.oxinfo90.dosages.gz, /u/home/j/jzou1115/project-zarlab/CFW/MegaAnalysis_CFW_2019/genotypes/oxinfo90/combined.chr17.oxinfo90.annot, /u/home/j/jzou1115/project-zarlab/CFW/confidence_interval_pipeline_out_pruned_uc/genotypes/chr17.oxinfo90.txt, /u/home/j/jzou1115/project-zarlab/CFW/confidence_intervals/data/phenotypes/pheno.uc.txt
    output: /u/home/j/jzou1115/project-zarlab/CFW/confidence_interval_pipeline_out_pruned_uc/genotypes/chr17.oxinfo90.Rdata
    jobid: 36
    wildcards: chr=17

Submitted job 36 with external jobid 'Your job 4259127 ("subsetPrunedSNPs") has been submitted'.

[Tue Sep  1 22:38:52 2020]
rule subsetPrunedSNPs:
    input: /u/home/j/jzou1115/project-zarlab/CFW/MegaAnalysis_CFW_2019/genotypes/oxinfo90/ox.chr8.oxinfo90.dosages.gz, /u/home/j/jzou1115/project-zarlab/CFW/MegaAnalysis_CFW_2019/genotypes/oxinfo90/combined.chr8.oxinfo90.annot, /u/home/j/jzou1115/project-zarlab/CFW/confidence_interval_pipeline_out_pruned_uc/genotypes/chr8.oxinfo90.txt, /u/home/j/jzou1115/project-zarlab/CFW/confidence_intervals/data/phenotypes/pheno.uc.txt
    output: /u/home/j/jzou1115/project-zarlab/CFW/confidence_interval_pipeline_out_pruned_uc/genotypes/chr8.oxinfo90.Rdata
    jobid: 27
    wildcards: chr=8

Submitted job 27 with external jobid 'Your job 4259128 ("subsetPrunedSNPs") has been submitted'.

[Tue Sep  1 22:38:53 2020]
rule subsetPrunedSNPs:
    input: /u/home/j/jzou1115/project-zarlab/CFW/MegaAnalysis_CFW_2019/genotypes/oxinfo90/ox.chr7.oxinfo90.dosages.gz, /u/home/j/jzou1115/project-zarlab/CFW/MegaAnalysis_CFW_2019/genotypes/oxinfo90/combined.chr7.oxinfo90.annot, /u/home/j/jzou1115/project-zarlab/CFW/confidence_interval_pipeline_out_pruned_uc/genotypes/chr7.oxinfo90.txt, /u/home/j/jzou1115/project-zarlab/CFW/confidence_intervals/data/phenotypes/pheno.uc.txt
    output: /u/home/j/jzou1115/project-zarlab/CFW/confidence_interval_pipeline_out_pruned_uc/genotypes/chr7.oxinfo90.Rdata
    jobid: 26
    wildcards: chr=7

Submitted job 26 with external jobid 'Your job 4259129 ("subsetPrunedSNPs") has been submitted'.

[Tue Sep  1 22:38:54 2020]
rule subsetPrunedSNPs:
    input: /u/home/j/jzou1115/project-zarlab/CFW/MegaAnalysis_CFW_2019/genotypes/oxinfo90/ox.chr18.oxinfo90.dosages.gz, /u/home/j/jzou1115/project-zarlab/CFW/MegaAnalysis_CFW_2019/genotypes/oxinfo90/combined.chr18.oxinfo90.annot, /u/home/j/jzou1115/project-zarlab/CFW/confidence_interval_pipeline_out_pruned_uc/genotypes/chr18.oxinfo90.txt, /u/home/j/jzou1115/project-zarlab/CFW/confidence_intervals/data/phenotypes/pheno.uc.txt
    output: /u/home/j/jzou1115/project-zarlab/CFW/confidence_interval_pipeline_out_pruned_uc/genotypes/chr18.oxinfo90.Rdata
    jobid: 37
    wildcards: chr=18

[Tue Sep  1 22:38:55 2020]
Finished job 9.
19 of 461 steps (4%) done
Submitted job 37 with external jobid 'Your job 4259130 ("subsetPrunedSNPs") has been submitted'.

[Tue Sep  1 22:38:55 2020]
rule subsetPrunedSNPs:
    input: /u/home/j/jzou1115/project-zarlab/CFW/MegaAnalysis_CFW_2019/genotypes/oxinfo90/ox.chr15.oxinfo90.dosages.gz, /u/home/j/jzou1115/project-zarlab/CFW/MegaAnalysis_CFW_2019/genotypes/oxinfo90/combined.chr15.oxinfo90.annot, /u/home/j/jzou1115/project-zarlab/CFW/confidence_interval_pipeline_out_pruned_uc/genotypes/chr15.oxinfo90.txt, /u/home/j/jzou1115/project-zarlab/CFW/confidence_intervals/data/phenotypes/pheno.uc.txt
    output: /u/home/j/jzou1115/project-zarlab/CFW/confidence_interval_pipeline_out_pruned_uc/genotypes/chr15.oxinfo90.Rdata
    jobid: 34
    wildcards: chr=15

Submitted job 34 with external jobid 'Your job 4259131 ("subsetPrunedSNPs") has been submitted'.

[Tue Sep  1 22:38:56 2020]
rule subsetPrunedSNPs:
    input: /u/home/j/jzou1115/project-zarlab/CFW/MegaAnalysis_CFW_2019/genotypes/oxinfo90/ox.chr11.oxinfo90.dosages.gz, /u/home/j/jzou1115/project-zarlab/CFW/MegaAnalysis_CFW_2019/genotypes/oxinfo90/combined.chr11.oxinfo90.annot, /u/home/j/jzou1115/project-zarlab/CFW/confidence_interval_pipeline_out_pruned_uc/genotypes/chr11.oxinfo90.txt, /u/home/j/jzou1115/project-zarlab/CFW/confidence_intervals/data/phenotypes/pheno.uc.txt
    output: /u/home/j/jzou1115/project-zarlab/CFW/confidence_interval_pipeline_out_pruned_uc/genotypes/chr11.oxinfo90.Rdata
    jobid: 30
    wildcards: chr=11

Submitted job 30 with external jobid 'Your job 4259132 ("subsetPrunedSNPs") has been submitted'.

[Tue Sep  1 22:38:57 2020]
rule subsetPrunedSNPs:
    input: /u/home/j/jzou1115/project-zarlab/CFW/MegaAnalysis_CFW_2019/genotypes/oxinfo90/ox.chr5.oxinfo90.dosages.gz, /u/home/j/jzou1115/project-zarlab/CFW/MegaAnalysis_CFW_2019/genotypes/oxinfo90/combined.chr5.oxinfo90.annot, /u/home/j/jzou1115/project-zarlab/CFW/confidence_interval_pipeline_out_pruned_uc/genotypes/chr5.oxinfo90.txt, /u/home/j/jzou1115/project-zarlab/CFW/confidence_intervals/data/phenotypes/pheno.uc.txt
    output: /u/home/j/jzou1115/project-zarlab/CFW/confidence_interval_pipeline_out_pruned_uc/genotypes/chr5.oxinfo90.Rdata
    jobid: 24
    wildcards: chr=5

Submitted job 24 with external jobid 'Your job 4259133 ("subsetPrunedSNPs") has been submitted'.

[Tue Sep  1 22:38:58 2020]
rule subsetPrunedSNPs:
    input: /u/home/j/jzou1115/project-zarlab/CFW/MegaAnalysis_CFW_2019/genotypes/oxinfo90/ox.chr9.oxinfo90.dosages.gz, /u/home/j/jzou1115/project-zarlab/CFW/MegaAnalysis_CFW_2019/genotypes/oxinfo90/combined.chr9.oxinfo90.annot, /u/home/j/jzou1115/project-zarlab/CFW/confidence_interval_pipeline_out_pruned_uc/genotypes/chr9.oxinfo90.txt, /u/home/j/jzou1115/project-zarlab/CFW/confidence_intervals/data/phenotypes/pheno.uc.txt
    output: /u/home/j/jzou1115/project-zarlab/CFW/confidence_interval_pipeline_out_pruned_uc/genotypes/chr9.oxinfo90.Rdata
    jobid: 28
    wildcards: chr=9

Submitted job 28 with external jobid 'Your job 4259134 ("subsetPrunedSNPs") has been submitted'.

[Tue Sep  1 22:38:59 2020]
rule subsetPrunedSNPs:
    input: /u/home/j/jzou1115/project-zarlab/CFW/MegaAnalysis_CFW_2019/genotypes/oxinfo90/ox.chr10.oxinfo90.dosages.gz, /u/home/j/jzou1115/project-zarlab/CFW/MegaAnalysis_CFW_2019/genotypes/oxinfo90/combined.chr10.oxinfo90.annot, /u/home/j/jzou1115/project-zarlab/CFW/confidence_interval_pipeline_out_pruned_uc/genotypes/chr10.oxinfo90.txt, /u/home/j/jzou1115/project-zarlab/CFW/confidence_intervals/data/phenotypes/pheno.uc.txt
    output: /u/home/j/jzou1115/project-zarlab/CFW/confidence_interval_pipeline_out_pruned_uc/genotypes/chr10.oxinfo90.Rdata
    jobid: 29
    wildcards: chr=10

Submitted job 29 with external jobid 'Your job 4259135 ("subsetPrunedSNPs") has been submitted'.

[Tue Sep  1 22:39:00 2020]
rule subsetPrunedSNPs:
    input: /u/home/j/jzou1115/project-zarlab/CFW/MegaAnalysis_CFW_2019/genotypes/oxinfo90/ox.chr19.oxinfo90.dosages.gz, /u/home/j/jzou1115/project-zarlab/CFW/MegaAnalysis_CFW_2019/genotypes/oxinfo90/combined.chr19.oxinfo90.annot, /u/home/j/jzou1115/project-zarlab/CFW/confidence_interval_pipeline_out_pruned_uc/genotypes/chr19.oxinfo90.txt, /u/home/j/jzou1115/project-zarlab/CFW/confidence_intervals/data/phenotypes/pheno.uc.txt
    output: /u/home/j/jzou1115/project-zarlab/CFW/confidence_interval_pipeline_out_pruned_uc/genotypes/chr19.oxinfo90.Rdata
    jobid: 38
    wildcards: chr=19

Submitted job 38 with external jobid 'Your job 4259136 ("subsetPrunedSNPs") has been submitted'.

[Tue Sep  1 22:39:01 2020]
rule subsetPrunedSNPs:
    input: /u/home/j/jzou1115/project-zarlab/CFW/MegaAnalysis_CFW_2019/genotypes/oxinfo90/ox.chr2.oxinfo90.dosages.gz, /u/home/j/jzou1115/project-zarlab/CFW/MegaAnalysis_CFW_2019/genotypes/oxinfo90/combined.chr2.oxinfo90.annot, /u/home/j/jzou1115/project-zarlab/CFW/confidence_interval_pipeline_out_pruned_uc/genotypes/chr2.oxinfo90.txt, /u/home/j/jzou1115/project-zarlab/CFW/confidence_intervals/data/phenotypes/pheno.uc.txt
    output: /u/home/j/jzou1115/project-zarlab/CFW/confidence_interval_pipeline_out_pruned_uc/genotypes/chr2.oxinfo90.Rdata
    jobid: 21
    wildcards: chr=2

Submitted job 21 with external jobid 'Your job 4259137 ("subsetPrunedSNPs") has been submitted'.

[Tue Sep  1 22:39:02 2020]
rule subsetPrunedSNPs:
    input: /u/home/j/jzou1115/project-zarlab/CFW/MegaAnalysis_CFW_2019/genotypes/oxinfo90/ox.chr13.oxinfo90.dosages.gz, /u/home/j/jzou1115/project-zarlab/CFW/MegaAnalysis_CFW_2019/genotypes/oxinfo90/combined.chr13.oxinfo90.annot, /u/home/j/jzou1115/project-zarlab/CFW/confidence_interval_pipeline_out_pruned_uc/genotypes/chr13.oxinfo90.txt, /u/home/j/jzou1115/project-zarlab/CFW/confidence_intervals/data/phenotypes/pheno.uc.txt
    output: /u/home/j/jzou1115/project-zarlab/CFW/confidence_interval_pipeline_out_pruned_uc/genotypes/chr13.oxinfo90.Rdata
    jobid: 32
    wildcards: chr=13

Submitted job 32 with external jobid 'Your job 4259138 ("subsetPrunedSNPs") has been submitted'.
[Tue Sep  1 22:40:01 2020]
Finished job 35.
20 of 461 steps (4%) done
[Tue Sep  1 22:40:45 2020]
Finished job 37.
21 of 461 steps (5%) done
[Tue Sep  1 22:40:46 2020]
Finished job 38.
22 of 461 steps (5%) done
[Tue Sep  1 22:40:57 2020]
Finished job 26.
23 of 461 steps (5%) done
[Tue Sep  1 22:41:41 2020]
Finished job 22.
24 of 461 steps (5%) done
[Tue Sep  1 22:41:41 2020]
Finished job 27.
25 of 461 steps (5%) done
[Tue Sep  1 22:41:53 2020]
Finished job 29.
26 of 461 steps (6%) done
[Tue Sep  1 22:42:36 2020]
Finished job 31.
27 of 461 steps (6%) done
[Tue Sep  1 22:42:38 2020]
Finished job 34.
28 of 461 steps (6%) done
[Tue Sep  1 22:42:48 2020]
Finished job 24.
29 of 461 steps (6%) done
[Tue Sep  1 22:42:48 2020]
Finished job 28.
30 of 461 steps (7%) done
[Tue Sep  1 22:42:59 2020]
Finished job 23.
31 of 461 steps (7%) done
[Tue Sep  1 22:43:39 2020]
Finished job 36.
32 of 461 steps (7%) done
[Tue Sep  1 22:44:20 2020]
Finished job 25.
33 of 461 steps (7%) done
[Tue Sep  1 22:44:20 2020]
Finished job 33.
34 of 461 steps (7%) done
[Tue Sep  1 22:44:20 2020]
Finished job 30.
35 of 461 steps (8%) done
[Tue Sep  1 22:44:30 2020]
Finished job 20.
36 of 461 steps (8%) done
[Tue Sep  1 22:45:11 2020]
Finished job 32.
37 of 461 steps (8%) done
[Tue Sep  1 22:46:42 2020]
Finished job 21.
38 of 461 steps (8%) done

[Tue Sep  1 22:46:42 2020]
rule makeKinship:
    input: /u/home/j/jzou1115/project-zarlab/CFW/confidence_interval_pipeline_out_pruned_uc/genotypes/chr1.oxinfo90.Rdata, /u/home/j/jzou1115/project-zarlab/CFW/confidence_interval_pipeline_out_pruned_uc/genotypes/chr2.oxinfo90.Rdata, /u/home/j/jzou1115/project-zarlab/CFW/confidence_interval_pipeline_out_pruned_uc/genotypes/chr3.oxinfo90.Rdata, /u/home/j/jzou1115/project-zarlab/CFW/confidence_interval_pipeline_out_pruned_uc/genotypes/chr4.oxinfo90.Rdata, /u/home/j/jzou1115/project-zarlab/CFW/confidence_interval_pipeline_out_pruned_uc/genotypes/chr5.oxinfo90.Rdata, /u/home/j/jzou1115/project-zarlab/CFW/confidence_interval_pipeline_out_pruned_uc/genotypes/chr6.oxinfo90.Rdata, /u/home/j/jzou1115/project-zarlab/CFW/confidence_interval_pipeline_out_pruned_uc/genotypes/chr7.oxinfo90.Rdata, /u/home/j/jzou1115/project-zarlab/CFW/confidence_interval_pipeline_out_pruned_uc/genotypes/chr8.oxinfo90.Rdata, /u/home/j/jzou1115/project-zarlab/CFW/confidence_interval_pipeline_out_pruned_uc/genotypes/chr9.oxinfo90.Rdata, /u/home/j/jzou1115/project-zarlab/CFW/confidence_interval_pipeline_out_pruned_uc/genotypes/chr10.oxinfo90.Rdata, /u/home/j/jzou1115/project-zarlab/CFW/confidence_interval_pipeline_out_pruned_uc/genotypes/chr11.oxinfo90.Rdata, /u/home/j/jzou1115/project-zarlab/CFW/confidence_interval_pipeline_out_pruned_uc/genotypes/chr12.oxinfo90.Rdata, /u/home/j/jzou1115/project-zarlab/CFW/confidence_interval_pipeline_out_pruned_uc/genotypes/chr13.oxinfo90.Rdata, /u/home/j/jzou1115/project-zarlab/CFW/confidence_interval_pipeline_out_pruned_uc/genotypes/chr14.oxinfo90.Rdata, /u/home/j/jzou1115/project-zarlab/CFW/confidence_interval_pipeline_out_pruned_uc/genotypes/chr15.oxinfo90.Rdata, /u/home/j/jzou1115/project-zarlab/CFW/confidence_interval_pipeline_out_pruned_uc/genotypes/chr16.oxinfo90.Rdata, /u/home/j/jzou1115/project-zarlab/CFW/confidence_interval_pipeline_out_pruned_uc/genotypes/chr17.oxinfo90.Rdata, /u/home/j/jzou1115/project-zarlab/CFW/confidence_interval_pipeline_out_pruned_uc/genotypes/chr18.oxinfo90.Rdata, /u/home/j/jzou1115/project-zarlab/CFW/confidence_interval_pipeline_out_pruned_uc/genotypes/chr19.oxinfo90.Rdata
    output: /u/home/j/jzou1115/project-zarlab/CFW/confidence_interval_pipeline_out_pruned_uc/genotypes/kinship_matrices.RData
    jobid: 460

Submitted job 460 with external jobid 'Your job 4259146 ("makeKinship") has been submitted'.
[Tue Sep  1 22:47:42 2020]
Error in rule makeKinship:
    jobid: 460
    output: /u/home/j/jzou1115/project-zarlab/CFW/confidence_interval_pipeline_out_pruned_uc/genotypes/kinship_matrices.RData
    cluster_jobid: Your job 4259146 ("makeKinship") has been submitted

Error executing rule makeKinship on cluster (jobid: 460, external: Your job 4259146 ("makeKinship") has been submitted, jobscript: /u/project/zarlab/jzou1115/CFW/MegaAnalysis_CFW_Code/confidence_interval_pipeline_pruned/.snakemake/tmp.6r37ra4j/snakejob.makeKinship.460.sh). For error details see the cluster log and the log files of the involved rule(s).
Shutting down, this might take some time.
Exiting because a job execution failed. Look above for error message
Complete log: /u/project/zarlab/jzou1115/CFW/MegaAnalysis_CFW_Code/confidence_interval_pipeline_pruned/.snakemake/log/2020-09-01T223749.650383.snakemake.log
