Building DAG of jobs...
Using shell: /bin/bash
Provided cores: 1 (use --cores to define parallelism)
Rules claiming more threads will be scaled down.
Job counts:
	count	jobs
	1	susier_input
	1

[Sun Sep  6 12:15:40 2020]
rule susier_input:
    input: /u/home/j/jzou1115/project-zarlab/CFW/confidence_interval_pipeline_out_pruned_uc/confidence_intervals/CI_pruned.txt, /u/home/j/jzou1115/project-zarlab/CFW/confidence_interval_pipeline_out_pruned_uc/genotypes/chr15.oxinfo90.txt, /u/home/j/jzou1115/project-zarlab/CFW/MegaAnalysis_CFW_2019_Summary_Statistics/OX/TA.ox.assoc.txt.gz, /u/home/j/jzou1115/project-zarlab/CFW/MegaAnalysis_CFW_2019/genotypes/oxinfo90/combined.chr15.oxinfo90.dosages.gz
    output: /u/home/j/jzou1115/project-zarlab/CFW/confidence_interval_pipeline_out_pruned_uc/finemapping/input/TA.15.90589642_pruned_sorted.z, /u/home/j/jzou1115/project-zarlab/CFW/confidence_interval_pipeline_out_pruned_uc/finemapping/input/TA.15.90589642_pruned_sorted.ld
    jobid: 0
    wildcards: q=TA.15.90589642

[Sun Sep  6 12:15:52 2020]
Error in rule susier_input:
    jobid: 0
    output: /u/home/j/jzou1115/project-zarlab/CFW/confidence_interval_pipeline_out_pruned_uc/finemapping/input/TA.15.90589642_pruned_sorted.z, /u/home/j/jzou1115/project-zarlab/CFW/confidence_interval_pipeline_out_pruned_uc/finemapping/input/TA.15.90589642_pruned_sorted.ld

RuleException:
CalledProcessError in line 186 of /u/project/zarlab/jzou1115/CFW/MegaAnalysis_CFW_Code/confidence_interval_pipeline_pruned/Snakefile:
Command 'set -euo pipefail;  /u/home/j/jzou1115/project-ernst/software/anaconda3/bin/python3.7 /u/project/zarlab/jzou1115/CFW/MegaAnalysis_CFW_Code/confidence_interval_pipeline_pruned/.snakemake/scripts/tmp_q33zhu6.susier_input.py' returned non-zero exit status 1.
  File "/u/project/zarlab/jzou1115/CFW/MegaAnalysis_CFW_Code/confidence_interval_pipeline_pruned/Snakefile", line 186, in __rule_susier_input
  File "/u/home/j/jzou1115/project-ernst/software/anaconda3/lib/python3.7/concurrent/futures/thread.py", line 57, in run
Shutting down, this might take some time.
Exiting because a job execution failed. Look above for error message
Complete log: /u/project/zarlab/jzou1115/CFW/MegaAnalysis_CFW_Code/confidence_interval_pipeline_pruned/.snakemake/log/2020-09-06T121539.005081.snakemake.log
