Building DAG of jobs...
Using shell: /bin/bash
Provided cores: 1 (use --cores to define parallelism)
Rules claiming more threads will be scaled down.
Job counts:
	count	jobs
	1	all
	65	run_susier_ref
	66
Select jobs to execute...

[Wed Jan 20 16:11:25 2021]
rule run_susier_ref:
    input: /u/home/j/jzou1115/project-zarlab/CFW/confidence_interval_pipeline_out_pruned_ox_redo/finemapping/input/tibia.15.12517342_pruned_sorted.z, /u/home/j/jzou1115/project-zarlab/CFW/confidence_interval_pipeline_out_pruned_ox_redo/finemapping/input/tibia.15.12517342_pruned_sorted.ld
    output: /u/home/j/jzou1115/project-zarlab/CFW/confidence_interval_pipeline_out_pruned_ox_redo/finemapping/output_ref/tibia.15.12517342_10_.80.RData, /u/home/j/jzou1115/project-zarlab/CFW/confidence_interval_pipeline_out_pruned_ox_redo/finemapping/output_ref/tibia.15.12517342_10_.80.png, /u/home/j/jzou1115/project-zarlab/CFW/confidence_interval_pipeline_out_pruned_ox_redo/finemapping/output_ref/tibia.15.12517342_10_.80_snps.txt
    jobid: 172
    wildcards: q=tibia.15.12517342, l=10, cov=.80

[Wed Jan 20 16:11:30 2021]
Finished job 172.
1 of 66 steps (2%) done
Select jobs to execute...

[Wed Jan 20 16:11:30 2021]
rule run_susier_ref:
    input: /u/home/j/jzou1115/project-zarlab/CFW/confidence_interval_pipeline_out_pruned_ox_redo/finemapping/input/bmd.a.11.94771633_pruned_sorted.z, /u/home/j/jzou1115/project-zarlab/CFW/confidence_interval_pipeline_out_pruned_ox_redo/finemapping/input/bmd.a.11.94771633_pruned_sorted.ld
    output: /u/home/j/jzou1115/project-zarlab/CFW/confidence_interval_pipeline_out_pruned_ox_redo/finemapping/output_ref/bmd.a.11.94771633_10_.80.RData, /u/home/j/jzou1115/project-zarlab/CFW/confidence_interval_pipeline_out_pruned_ox_redo/finemapping/output_ref/bmd.a.11.94771633_10_.80.png, /u/home/j/jzou1115/project-zarlab/CFW/confidence_interval_pipeline_out_pruned_ox_redo/finemapping/output_ref/bmd.a.11.94771633_10_.80_snps.txt
    jobid: 116
    wildcards: q=bmd.a.11.94771633, l=10, cov=.80

[Wed Jan 20 16:11:33 2021]
Finished job 116.
2 of 66 steps (3%) done
Select jobs to execute...

[Wed Jan 20 16:11:33 2021]
rule run_susier_ref:
    input: /u/home/j/jzou1115/project-zarlab/CFW/confidence_interval_pipeline_out_pruned_ox_redo/finemapping/input/basal.activity.11.96926414_pruned_sorted.z, /u/home/j/jzou1115/project-zarlab/CFW/confidence_interval_pipeline_out_pruned_ox_redo/finemapping/input/basal.activity.11.96926414_pruned_sorted.ld
    output: /u/home/j/jzou1115/project-zarlab/CFW/confidence_interval_pipeline_out_pruned_ox_redo/finemapping/output_ref/basal.activity.11.96926414_10_.95.RData, /u/home/j/jzou1115/project-zarlab/CFW/confidence_interval_pipeline_out_pruned_ox_redo/finemapping/output_ref/basal.activity.11.96926414_10_.95.png, /u/home/j/jzou1115/project-zarlab/CFW/confidence_interval_pipeline_out_pruned_ox_redo/finemapping/output_ref/basal.activity.11.96926414_10_.95_snps.txt
    jobid: 109
    wildcards: q=basal.activity.11.96926414, l=10, cov=.95

[Wed Jan 20 16:11:36 2021]
Finished job 109.
3 of 66 steps (5%) done
Select jobs to execute...

[Wed Jan 20 16:11:36 2021]
rule run_susier_ref:
    input: /u/home/j/jzou1115/project-zarlab/CFW/confidence_interval_pipeline_out_pruned_ox_redo/finemapping/input/TA.2.155856984_pruned_sorted.z, /u/home/j/jzou1115/project-zarlab/CFW/confidence_interval_pipeline_out_pruned_ox_redo/finemapping/input/TA.2.155856984_pruned_sorted.ld
    output: /u/home/j/jzou1115/project-zarlab/CFW/confidence_interval_pipeline_out_pruned_ox_redo/finemapping/output_ref/TA.2.155856984_10_.80.RData, /u/home/j/jzou1115/project-zarlab/CFW/confidence_interval_pipeline_out_pruned_ox_redo/finemapping/output_ref/TA.2.155856984_10_.80.png, /u/home/j/jzou1115/project-zarlab/CFW/confidence_interval_pipeline_out_pruned_ox_redo/finemapping/output_ref/TA.2.155856984_10_.80_snps.txt
    jobid: 74
    wildcards: q=TA.2.155856984, l=10, cov=.80

[Wed Jan 20 16:11:39 2021]
Finished job 74.
4 of 66 steps (6%) done
Select jobs to execute...

[Wed Jan 20 16:11:39 2021]
rule run_susier_ref:
    input: /u/home/j/jzou1115/project-zarlab/CFW/confidence_interval_pipeline_out_pruned_ox_redo/finemapping/input/bmd.n.11.95451065_pruned_sorted.z, /u/home/j/jzou1115/project-zarlab/CFW/confidence_interval_pipeline_out_pruned_ox_redo/finemapping/input/bmd.n.11.95451065_pruned_sorted.ld
    output: /u/home/j/jzou1115/project-zarlab/CFW/confidence_interval_pipeline_out_pruned_ox_redo/finemapping/output_ref/bmd.n.11.95451065_10_.95.RData, /u/home/j/jzou1115/project-zarlab/CFW/confidence_interval_pipeline_out_pruned_ox_redo/finemapping/output_ref/bmd.n.11.95451065_10_.95.png, /u/home/j/jzou1115/project-zarlab/CFW/confidence_interval_pipeline_out_pruned_ox_redo/finemapping/output_ref/bmd.n.11.95451065_10_.95_snps.txt
    jobid: 123
    wildcards: q=bmd.n.11.95451065, l=10, cov=.95

[Wed Jan 20 16:11:43 2021]
Finished job 123.
5 of 66 steps (8%) done
Select jobs to execute...

[Wed Jan 20 16:11:43 2021]
rule run_susier_ref:
    input: /u/home/j/jzou1115/project-zarlab/CFW/confidence_interval_pipeline_out_pruned_ox_redo/finemapping/input/weight.bmi.tibia.19.4169458_pruned_sorted.z, /u/home/j/jzou1115/project-zarlab/CFW/confidence_interval_pipeline_out_pruned_ox_redo/finemapping/input/weight.bmi.tibia.19.4169458_pruned_sorted.ld
    output: /u/home/j/jzou1115/project-zarlab/CFW/confidence_interval_pipeline_out_pruned_ox_redo/finemapping/output_ref/weight.bmi.tibia.19.4169458_10_.80.RData, /u/home/j/jzou1115/project-zarlab/CFW/confidence_interval_pipeline_out_pruned_ox_redo/finemapping/output_ref/weight.bmi.tibia.19.4169458_10_.80.png, /u/home/j/jzou1115/project-zarlab/CFW/confidence_interval_pipeline_out_pruned_ox_redo/finemapping/output_ref/weight.bmi.tibia.19.4169458_10_.80_snps.txt
    jobid: 192
    wildcards: q=weight.bmi.tibia.19.4169458, l=10, cov=.80

[Wed Jan 20 16:11:46 2021]
Finished job 192.
6 of 66 steps (9%) done
Select jobs to execute...

[Wed Jan 20 16:11:46 2021]
rule run_susier_ref:
    input: /u/home/j/jzou1115/project-zarlab/CFW/confidence_interval_pipeline_out_pruned_ox_redo/finemapping/input/bmd.18.38732267_pruned_sorted.z, /u/home/j/jzou1115/project-zarlab/CFW/confidence_interval_pipeline_out_pruned_ox_redo/finemapping/input/bmd.18.38732267_pruned_sorted.ld
    output: /u/home/j/jzou1115/project-zarlab/CFW/confidence_interval_pipeline_out_pruned_ox_redo/finemapping/output_ref/bmd.18.38732267_10_.95.RData, /u/home/j/jzou1115/project-zarlab/CFW/confidence_interval_pipeline_out_pruned_ox_redo/finemapping/output_ref/bmd.18.38732267_10_.95.png, /u/home/j/jzou1115/project-zarlab/CFW/confidence_interval_pipeline_out_pruned_ox_redo/finemapping/output_ref/bmd.18.38732267_10_.95_snps.txt
    jobid: 137
    wildcards: q=bmd.18.38732267, l=10, cov=.95

[Wed Jan 20 16:11:49 2021]
Finished job 137.
7 of 66 steps (11%) done
Select jobs to execute...

[Wed Jan 20 16:11:49 2021]
rule run_susier_ref:
    input: /u/home/j/jzou1115/project-zarlab/CFW/confidence_interval_pipeline_out_pruned_ox_redo/finemapping/input/tibia.6.147027848_pruned_sorted.z, /u/home/j/jzou1115/project-zarlab/CFW/confidence_interval_pipeline_out_pruned_ox_redo/finemapping/input/tibia.6.147027848_pruned_sorted.ld
    output: /u/home/j/jzou1115/project-zarlab/CFW/confidence_interval_pipeline_out_pruned_ox_redo/finemapping/output_ref/tibia.6.147027848_10_.80.RData, /u/home/j/jzou1115/project-zarlab/CFW/confidence_interval_pipeline_out_pruned_ox_redo/finemapping/output_ref/tibia.6.147027848_10_.80.png, /u/home/j/jzou1115/project-zarlab/CFW/confidence_interval_pipeline_out_pruned_ox_redo/finemapping/output_ref/tibia.6.147027848_10_.80_snps.txt
    jobid: 178
    wildcards: q=tibia.6.147027848, l=10, cov=.80

[Wed Jan 20 16:11:52 2021]
Finished job 178.
8 of 66 steps (12%) done
Select jobs to execute...

[Wed Jan 20 16:11:52 2021]
rule run_susier_ref:
    input: /u/home/j/jzou1115/project-zarlab/CFW/confidence_interval_pipeline_out_pruned_ox_redo/finemapping/input/plantaris.9.87167994_pruned_sorted.z, /u/home/j/jzou1115/project-zarlab/CFW/confidence_interval_pipeline_out_pruned_ox_redo/finemapping/input/plantaris.9.87167994_pruned_sorted.ld
    output: /u/home/j/jzou1115/project-zarlab/CFW/confidence_interval_pipeline_out_pruned_ox_redo/finemapping/output_ref/plantaris.9.87167994_10_.95.RData, /u/home/j/jzou1115/project-zarlab/CFW/confidence_interval_pipeline_out_pruned_ox_redo/finemapping/output_ref/plantaris.9.87167994_10_.95.png, /u/home/j/jzou1115/project-zarlab/CFW/confidence_interval_pipeline_out_pruned_ox_redo/finemapping/output_ref/plantaris.9.87167994_10_.95_snps.txt
    jobid: 151
    wildcards: q=plantaris.9.87167994, l=10, cov=.95

[Wed Jan 20 16:11:58 2021]
Finished job 151.
9 of 66 steps (14%) done
Select jobs to execute...

[Wed Jan 20 16:11:58 2021]
rule run_susier_ref:
    input: /u/home/j/jzou1115/project-zarlab/CFW/confidence_interval_pipeline_out_pruned_ox_redo/finemapping/input/tibia.12.83514944_pruned_sorted.z, /u/home/j/jzou1115/project-zarlab/CFW/confidence_interval_pipeline_out_pruned_ox_redo/finemapping/input/tibia.12.83514944_pruned_sorted.ld
    output: /u/home/j/jzou1115/project-zarlab/CFW/confidence_interval_pipeline_out_pruned_ox_redo/finemapping/output_ref/tibia.12.83514944_10_.80.RData, /u/home/j/jzou1115/project-zarlab/CFW/confidence_interval_pipeline_out_pruned_ox_redo/finemapping/output_ref/tibia.12.83514944_10_.80.png, /u/home/j/jzou1115/project-zarlab/CFW/confidence_interval_pipeline_out_pruned_ox_redo/finemapping/output_ref/tibia.12.83514944_10_.80_snps.txt
    jobid: 164
    wildcards: q=tibia.12.83514944, l=10, cov=.80

[Wed Jan 20 16:12:00 2021]
Error in rule run_susier_ref:
    jobid: 164
    output: /u/home/j/jzou1115/project-zarlab/CFW/confidence_interval_pipeline_out_pruned_ox_redo/finemapping/output_ref/tibia.12.83514944_10_.80.RData, /u/home/j/jzou1115/project-zarlab/CFW/confidence_interval_pipeline_out_pruned_ox_redo/finemapping/output_ref/tibia.12.83514944_10_.80.png, /u/home/j/jzou1115/project-zarlab/CFW/confidence_interval_pipeline_out_pruned_ox_redo/finemapping/output_ref/tibia.12.83514944_10_.80_snps.txt

RuleException:
CalledProcessError in line 207 of /u/project/zarlab/jzou1115/CFW/MegaAnalysis_CFW_Code/confidence_interval_pipeline_pruned/Snakefile:
Command 'set -euo pipefail;  Rscript --vanilla /u/project/zarlab/jzou1115/CFW/MegaAnalysis_CFW_Code/confidence_interval_pipeline_pruned/.snakemake/scripts/tmposdsoepd.run_susier_ref.R' returned non-zero exit status 1.
  File "/u/home/j/jzou1115/project-ernst/software/anaconda3/lib/python3.7/site-packages/snakemake/executors/__init__.py", line 2339, in run_wrapper
  File "/u/project/zarlab/jzou1115/CFW/MegaAnalysis_CFW_Code/confidence_interval_pipeline_pruned/Snakefile", line 207, in __rule_run_susier_ref
  File "/u/home/j/jzou1115/project-ernst/software/anaconda3/lib/python3.7/site-packages/snakemake/executors/__init__.py", line 560, in _callback
  File "/u/home/j/jzou1115/project-ernst/software/anaconda3/lib/python3.7/concurrent/futures/thread.py", line 57, in run
  File "/u/home/j/jzou1115/project-ernst/software/anaconda3/lib/python3.7/site-packages/snakemake/executors/__init__.py", line 546, in cached_or_run
  File "/u/home/j/jzou1115/project-ernst/software/anaconda3/lib/python3.7/site-packages/snakemake/executors/__init__.py", line 2351, in run_wrapper
Shutting down, this might take some time.
Exiting because a job execution failed. Look above for error message
Complete log: /u/project/zarlab/jzou1115/CFW/MegaAnalysis_CFW_Code/confidence_interval_pipeline_pruned/.snakemake/log/2021-01-20T161123.566051.snakemake.log
