Building DAG of jobs...
Using shell: /bin/bash
Provided cores: 1 (use --cores to define parallelism)
Rules claiming more threads will be scaled down.
Job counts:
	count	jobs
	1	all
	20	run_susier_ref
	21
Select jobs to execute...

[Wed Jan 20 21:07:03 2021]
rule run_susier_ref:
    input: /u/home/j/jzou1115/project-zarlab/CFW/confidence_interval_pipeline_out_pruned/finemapping/input/weight.bmi.tibia.17.34013675_pruned_sorted.z, /u/home/j/jzou1115/project-zarlab/CFW/confidence_interval_pipeline_out_pruned/finemapping/input/weight.bmi.tibia.17.34013675_pruned_sorted.ld
    output: /u/home/j/jzou1115/project-zarlab/CFW/confidence_interval_pipeline_out_pruned/finemapping/output_ref/weight.bmi.tibia.17.34013675_10_.80_snps.txt
    jobid: 386
    wildcards: q=weight.bmi.tibia.17.34013675, l=10, cov=.80

[Wed Jan 20 21:07:39 2021]
Finished job 386.
1 of 21 steps (5%) done
Select jobs to execute...

[Wed Jan 20 21:07:39 2021]
rule run_susier_ref:
    input: /u/home/j/jzou1115/project-zarlab/CFW/confidence_interval_pipeline_out_pruned/finemapping/input/gastroc.11.79954876_pruned_sorted.z, /u/home/j/jzou1115/project-zarlab/CFW/confidence_interval_pipeline_out_pruned/finemapping/input/gastroc.11.79954876_pruned_sorted.ld
    output: /u/home/j/jzou1115/project-zarlab/CFW/confidence_interval_pipeline_out_pruned/finemapping/output_ref/gastroc.11.79954876_10_.80_snps.txt
    jobid: 302
    wildcards: q=gastroc.11.79954876, l=10, cov=.80

[Wed Jan 20 21:07:41 2021]
Finished job 302.
2 of 21 steps (10%) done
Select jobs to execute...

[Wed Jan 20 21:07:41 2021]
rule run_susier_ref:
    input: /u/home/j/jzou1115/project-zarlab/CFW/confidence_interval_pipeline_out_pruned/finemapping/input/soleus.2.155505679_pruned_sorted.z, /u/home/j/jzou1115/project-zarlab/CFW/confidence_interval_pipeline_out_pruned/finemapping/input/soleus.2.155505679_pruned_sorted.ld
    output: /u/home/j/jzou1115/project-zarlab/CFW/confidence_interval_pipeline_out_pruned/finemapping/output_ref/soleus.2.155505679_10_.80_snps.txt
    jobid: 328
    wildcards: q=soleus.2.155505679, l=10, cov=.80

[Wed Jan 20 21:07:43 2021]
Finished job 328.
3 of 21 steps (14%) done
Select jobs to execute...

[Wed Jan 20 21:07:43 2021]
rule run_susier_ref:
    input: /u/home/j/jzou1115/project-zarlab/CFW/confidence_interval_pipeline_out_pruned/finemapping/input/bmd.a.11.96913720_pruned_sorted.z, /u/home/j/jzou1115/project-zarlab/CFW/confidence_interval_pipeline_out_pruned/finemapping/input/bmd.a.11.96913720_pruned_sorted.ld
    output: /u/home/j/jzou1115/project-zarlab/CFW/confidence_interval_pipeline_out_pruned/finemapping/output_ref/bmd.a.11.96913720_10_.80_snps.txt
    jobid: 268
    wildcards: q=bmd.a.11.96913720, l=10, cov=.80

[Wed Jan 20 21:07:45 2021]
Finished job 268.
4 of 21 steps (19%) done
Select jobs to execute...

[Wed Jan 20 21:07:45 2021]
rule run_susier_ref:
    input: /u/home/j/jzou1115/project-zarlab/CFW/confidence_interval_pipeline_out_pruned/finemapping/input/tibia.6.148328439_pruned_sorted.z, /u/home/j/jzou1115/project-zarlab/CFW/confidence_interval_pipeline_out_pruned/finemapping/input/tibia.6.148328439_pruned_sorted.ld
    output: /u/home/j/jzou1115/project-zarlab/CFW/confidence_interval_pipeline_out_pruned/finemapping/output_ref/tibia.6.148328439_10_.95_snps.txt
    jobid: 371
    wildcards: q=tibia.6.148328439, l=10, cov=.95

[Wed Jan 20 21:07:47 2021]
Finished job 371.
5 of 21 steps (24%) done
Select jobs to execute...

[Wed Jan 20 21:07:47 2021]
rule run_susier_ref:
    input: /u/home/j/jzou1115/project-zarlab/CFW/confidence_interval_pipeline_out_pruned/finemapping/input/bmd.5.24922475_pruned_sorted.z, /u/home/j/jzou1115/project-zarlab/CFW/confidence_interval_pipeline_out_pruned/finemapping/input/bmd.5.24922475_pruned_sorted.ld
    output: /u/home/j/jzou1115/project-zarlab/CFW/confidence_interval_pipeline_out_pruned/finemapping/output_ref/bmd.5.24922475_10_.80_snps.txt
    jobid: 288
    wildcards: q=bmd.5.24922475, l=10, cov=.80

[Wed Jan 20 21:07:49 2021]
Finished job 288.
6 of 21 steps (29%) done
Select jobs to execute...

[Wed Jan 20 21:07:49 2021]
rule run_susier_ref:
    input: /u/home/j/jzou1115/project-zarlab/CFW/confidence_interval_pipeline_out_pruned/finemapping/input/activity.begin.13.7632884_pruned_sorted.z, /u/home/j/jzou1115/project-zarlab/CFW/confidence_interval_pipeline_out_pruned/finemapping/input/activity.begin.13.7632884_pruned_sorted.ld
    output: /u/home/j/jzou1115/project-zarlab/CFW/confidence_interval_pipeline_out_pruned/finemapping/output_ref/activity.begin.13.7632884_10_.80_snps.txt
    jobid: 176
    wildcards: q=activity.begin.13.7632884, l=10, cov=.80

[Wed Jan 20 21:07:52 2021]
Finished job 176.
7 of 21 steps (33%) done
Select jobs to execute...

[Wed Jan 20 21:07:52 2021]
rule run_susier_ref:
    input: /u/home/j/jzou1115/project-zarlab/CFW/confidence_interval_pipeline_out_pruned/finemapping/input/EDL.12.83885241_pruned_sorted.z, /u/home/j/jzou1115/project-zarlab/CFW/confidence_interval_pipeline_out_pruned/finemapping/input/EDL.12.83885241_pruned_sorted.ld
    output: /u/home/j/jzou1115/project-zarlab/CFW/confidence_interval_pipeline_out_pruned/finemapping/output_ref/EDL.12.83885241_10_.80_snps.txt
    jobid: 134
    wildcards: q=EDL.12.83885241, l=10, cov=.80

[Wed Jan 20 21:07:54 2021]
Finished job 134.
8 of 21 steps (38%) done
Select jobs to execute...

[Wed Jan 20 21:07:54 2021]
rule run_susier_ref:
    input: /u/home/j/jzou1115/project-zarlab/CFW/confidence_interval_pipeline_out_pruned/finemapping/input/activity.total.13.7101524_pruned_sorted.z, /u/home/j/jzou1115/project-zarlab/CFW/confidence_interval_pipeline_out_pruned/finemapping/input/activity.total.13.7101524_pruned_sorted.ld
    output: /u/home/j/jzou1115/project-zarlab/CFW/confidence_interval_pipeline_out_pruned/finemapping/output_ref/activity.total.13.7101524_10_.80_snps.txt
    jobid: 232
    wildcards: q=activity.total.13.7101524, l=10, cov=.80

[Wed Jan 20 21:07:56 2021]
Finished job 232.
9 of 21 steps (43%) done
Select jobs to execute...

[Wed Jan 20 21:07:56 2021]
rule run_susier_ref:
    input: /u/home/j/jzou1115/project-zarlab/CFW/confidence_interval_pipeline_out_pruned/finemapping/input/TA.2.155819633_pruned_sorted.z, /u/home/j/jzou1115/project-zarlab/CFW/confidence_interval_pipeline_out_pruned/finemapping/input/TA.2.155819633_pruned_sorted.ld
    output: /u/home/j/jzou1115/project-zarlab/CFW/confidence_interval_pipeline_out_pruned/finemapping/output_ref/TA.2.155819633_10_.80_snps.txt
    jobid: 168
    wildcards: q=TA.2.155819633, l=10, cov=.80

[Wed Jan 20 21:07:58 2021]
Finished job 168.
10 of 21 steps (48%) done
Select jobs to execute...

[Wed Jan 20 21:07:58 2021]
rule run_susier_ref:
    input: /u/home/j/jzou1115/project-zarlab/CFW/confidence_interval_pipeline_out_pruned/finemapping/input/activity.begin.11.93418612_pruned_sorted.z, /u/home/j/jzou1115/project-zarlab/CFW/confidence_interval_pipeline_out_pruned/finemapping/input/activity.begin.11.93418612_pruned_sorted.ld
    output: /u/home/j/jzou1115/project-zarlab/CFW/confidence_interval_pipeline_out_pruned/finemapping/output_ref/activity.begin.11.93418612_10_.80_snps.txt
    jobid: 170
    wildcards: q=activity.begin.11.93418612, l=10, cov=.80

[Wed Jan 20 21:08:00 2021]
Finished job 170.
11 of 21 steps (52%) done
Select jobs to execute...

[Wed Jan 20 21:08:00 2021]
rule run_susier_ref:
    input: /u/home/j/jzou1115/project-zarlab/CFW/confidence_interval_pipeline_out_pruned/finemapping/input/tibia.12.83514944_pruned_sorted.z, /u/home/j/jzou1115/project-zarlab/CFW/confidence_interval_pipeline_out_pruned/finemapping/input/tibia.12.83514944_pruned_sorted.ld
    output: /u/home/j/jzou1115/project-zarlab/CFW/confidence_interval_pipeline_out_pruned/finemapping/output_ref/tibia.12.83514944_10_.80_snps.txt
    jobid: 350
    wildcards: q=tibia.12.83514944, l=10, cov=.80

[Wed Jan 20 21:08:04 2021]
Finished job 350.
12 of 21 steps (57%) done
Select jobs to execute...

[Wed Jan 20 21:08:04 2021]
rule run_susier_ref:
    input: /u/home/j/jzou1115/project-zarlab/CFW/confidence_interval_pipeline_out_pruned/finemapping/input/activity.end.13.10150339_pruned_sorted.z, /u/home/j/jzou1115/project-zarlab/CFW/confidence_interval_pipeline_out_pruned/finemapping/input/activity.end.13.10150339_pruned_sorted.ld
    output: /u/home/j/jzou1115/project-zarlab/CFW/confidence_interval_pipeline_out_pruned/finemapping/output_ref/activity.end.13.10150339_10_.80_snps.txt
    jobid: 190
    wildcards: q=activity.end.13.10150339, l=10, cov=.80

[Wed Jan 20 21:08:10 2021]
Finished job 190.
13 of 21 steps (62%) done
Select jobs to execute...

[Wed Jan 20 21:08:10 2021]
rule run_susier_ref:
    input: /u/home/j/jzou1115/project-zarlab/CFW/confidence_interval_pipeline_out_pruned/finemapping/input/activity.middle.11.96852500_pruned_sorted.z, /u/home/j/jzou1115/project-zarlab/CFW/confidence_interval_pipeline_out_pruned/finemapping/input/activity.middle.11.96852500_pruned_sorted.ld
    output: /u/home/j/jzou1115/project-zarlab/CFW/confidence_interval_pipeline_out_pruned/finemapping/output_ref/activity.middle.11.96852500_10_.80_snps.txt
    jobid: 204
    wildcards: q=activity.middle.11.96852500, l=10, cov=.80

[Wed Jan 20 21:08:12 2021]
Finished job 204.
14 of 21 steps (67%) done
Select jobs to execute...

[Wed Jan 20 21:08:12 2021]
rule run_susier_ref:
    input: /u/home/j/jzou1115/project-zarlab/CFW/confidence_interval_pipeline_out_pruned/finemapping/input/activity.middle.2.89917236_pruned_sorted.z, /u/home/j/jzou1115/project-zarlab/CFW/confidence_interval_pipeline_out_pruned/finemapping/input/activity.middle.2.89917236_pruned_sorted.ld
    output: /u/home/j/jzou1115/project-zarlab/CFW/confidence_interval_pipeline_out_pruned/finemapping/output_ref/activity.middle.2.89917236_10_.80_snps.txt
    jobid: 218
    wildcards: q=activity.middle.2.89917236, l=10, cov=.80

[Wed Jan 20 21:08:14 2021]
Finished job 218.
15 of 21 steps (71%) done
Select jobs to execute...

[Wed Jan 20 21:08:14 2021]
rule run_susier_ref:
    input: /u/home/j/jzou1115/project-zarlab/CFW/confidence_interval_pipeline_out_pruned/finemapping/input/EDL.2.83000091_pruned_sorted.z, /u/home/j/jzou1115/project-zarlab/CFW/confidence_interval_pipeline_out_pruned/finemapping/input/EDL.2.83000091_pruned_sorted.ld
    output: /u/home/j/jzou1115/project-zarlab/CFW/confidence_interval_pipeline_out_pruned/finemapping/output_ref/EDL.2.83000091_10_.80_snps.txt
    jobid: 148
    wildcards: q=EDL.2.83000091, l=10, cov=.80

[Wed Jan 20 21:08:17 2021]
Finished job 148.
16 of 21 steps (76%) done
Select jobs to execute...

[Wed Jan 20 21:08:17 2021]
rule run_susier_ref:
    input: /u/home/j/jzou1115/project-zarlab/CFW/confidence_interval_pipeline_out_pruned/finemapping/input/bmd.a.11.94758993_pruned_sorted.z, /u/home/j/jzou1115/project-zarlab/CFW/confidence_interval_pipeline_out_pruned/finemapping/input/bmd.a.11.94758993_pruned_sorted.ld
    output: /u/home/j/jzou1115/project-zarlab/CFW/confidence_interval_pipeline_out_pruned/finemapping/output_ref/bmd.a.11.94758993_10_.95_snps.txt
    jobid: 265
    wildcards: q=bmd.a.11.94758993, l=10, cov=.95

[Wed Jan 20 21:08:19 2021]
Finished job 265.
17 of 21 steps (81%) done
Select jobs to execute...

[Wed Jan 20 21:08:19 2021]
rule run_susier_ref:
    input: /u/home/j/jzou1115/project-zarlab/CFW/confidence_interval_pipeline_out_pruned/finemapping/input/tibia.11.96952835_pruned_sorted.z, /u/home/j/jzou1115/project-zarlab/CFW/confidence_interval_pipeline_out_pruned/finemapping/input/tibia.11.96952835_pruned_sorted.ld
    output: /u/home/j/jzou1115/project-zarlab/CFW/confidence_interval_pipeline_out_pruned/finemapping/output_ref/tibia.11.96952835_10_.95_snps.txt
    jobid: 349
    wildcards: q=tibia.11.96952835, l=10, cov=.95

[Wed Jan 20 21:08:22 2021]
Finished job 349.
18 of 21 steps (86%) done
Select jobs to execute...

[Wed Jan 20 21:08:22 2021]
rule run_susier_ref:
    input: /u/home/j/jzou1115/project-zarlab/CFW/confidence_interval_pipeline_out_pruned/finemapping/input/bmd.11.96912238_pruned_sorted.z, /u/home/j/jzou1115/project-zarlab/CFW/confidence_interval_pipeline_out_pruned/finemapping/input/bmd.11.96912238_pruned_sorted.ld
    output: /u/home/j/jzou1115/project-zarlab/CFW/confidence_interval_pipeline_out_pruned/finemapping/output_ref/bmd.11.96912238_10_.95_snps.txt
    jobid: 279
    wildcards: q=bmd.11.96912238, l=10, cov=.95

[Wed Jan 20 21:08:24 2021]
Finished job 279.
19 of 21 steps (90%) done
Select jobs to execute...

[Wed Jan 20 21:08:24 2021]
rule run_susier_ref:
    input: /u/home/j/jzou1115/project-zarlab/CFW/confidence_interval_pipeline_out_pruned/finemapping/input/EDL.13.114188942_pruned_sorted.z, /u/home/j/jzou1115/project-zarlab/CFW/confidence_interval_pipeline_out_pruned/finemapping/input/EDL.13.114188942_pruned_sorted.ld
    output: /u/home/j/jzou1115/project-zarlab/CFW/confidence_interval_pipeline_out_pruned/finemapping/output_ref/EDL.13.114188942_10_.95_snps.txt
    jobid: 139
    wildcards: q=EDL.13.114188942, l=10, cov=.95

[Wed Jan 20 21:08:26 2021]
Finished job 139.
20 of 21 steps (95%) done
Select jobs to execute...

[Wed Jan 20 21:08:26 2021]
localrule all:
    input: /u/home/j/jzou1115/project-zarlab/CFW/confidence_interval_pipeline_out_pruned/finemapping/output/EDL.12.83885241_annovar_input_fixRef.txt, /u/home/j/jzou1115/project-zarlab/CFW/confidence_interval_pipeline_out_pruned/finemapping/output/EDL.13.113025220_annovar_input_fixRef.txt, /u/home/j/jzou1115/project-zarlab/CFW/confidence_interval_pipeline_out_pruned/finemapping/output/EDL.13.114188942_annovar_input_fixRef.txt, /u/home/j/jzou1115/project-zarlab/CFW/confidence_interval_pipeline_out_pruned/finemapping/output/EDL.2.155780222_annovar_input_fixRef.txt, /u/home/j/jzou1115/project-zarlab/CFW/confidence_interval_pipeline_out_pruned/finemapping/output/EDL.2.77669072_annovar_input_fixRef.txt, /u/home/j/jzou1115/project-zarlab/CFW/confidence_interval_pipeline_out_pruned/finemapping/output/EDL.2.78722881_annovar_input_fixRef.txt, /u/home/j/jzou1115/project-zarlab/CFW/confidence_interval_pipeline_out_pruned/finemapping/output/EDL.2.80039850_annovar_input_fixRef.txt, /u/home/j/jzou1115/project-zarlab/CFW/confidence_interval_pipeline_out_pruned/finemapping/output/EDL.2.83000091_annovar_input_fixRef.txt, /u/home/j/jzou1115/project-zarlab/CFW/confidence_interval_pipeline_out_pruned/finemapping/output/EDL.2.84134413_annovar_input_fixRef.txt, /u/home/j/jzou1115/project-zarlab/CFW/confidence_interval_pipeline_out_pruned/finemapping/output/EDL.2.85453160_annovar_input_fixRef.txt, /u/home/j/jzou1115/project-zarlab/CFW/confidence_interval_pipeline_out_pruned/finemapping/output/EDL.2.86662262_annovar_input_fixRef.txt, /u/home/j/jzou1115/project-zarlab/CFW/confidence_interval_pipeline_out_pruned/finemapping/output/TA.11.18398304_annovar_input_fixRef.txt, /u/home/j/jzou1115/project-zarlab/CFW/confidence_interval_pipeline_out_pruned/finemapping/output/TA.11.79522084_annovar_input_fixRef.txt, /u/home/j/jzou1115/project-zarlab/CFW/confidence_interval_pipeline_out_pruned/finemapping/output/TA.11.88973232_annovar_input_fixRef.txt, /u/home/j/jzou1115/project-zarlab/CFW/confidence_interval_pipeline_out_pruned/finemapping/output/TA.12.83514944_annovar_input_fixRef.txt, /u/home/j/jzou1115/project-zarlab/CFW/confidence_interval_pipeline_out_pruned/finemapping/output/TA.13.9090078_annovar_input_fixRef.txt, /u/home/j/jzou1115/project-zarlab/CFW/confidence_interval_pipeline_out_pruned/finemapping/output/TA.2.154645131_annovar_input_fixRef.txt, /u/home/j/jzou1115/project-zarlab/CFW/confidence_interval_pipeline_out_pruned/finemapping/output/TA.2.155819633_annovar_input_fixRef.txt, /u/home/j/jzou1115/project-zarlab/CFW/confidence_interval_pipeline_out_pruned/finemapping/output/activity.begin.11.93418612_annovar_input_fixRef.txt, /u/home/j/jzou1115/project-zarlab/CFW/confidence_interval_pipeline_out_pruned/finemapping/output/activity.begin.11.94772022_annovar_input_fixRef.txt, /u/home/j/jzou1115/project-zarlab/CFW/confidence_interval_pipeline_out_pruned/finemapping/output/activity.begin.11.96964818_annovar_input_fixRef.txt, /u/home/j/jzou1115/project-zarlab/CFW/confidence_interval_pipeline_out_pruned/finemapping/output/activity.begin.13.7632884_annovar_input_fixRef.txt, /u/home/j/jzou1115/project-zarlab/CFW/confidence_interval_pipeline_out_pruned/finemapping/output/activity.begin.13.8153523_annovar_input_fixRef.txt, /u/home/j/jzou1115/project-zarlab/CFW/confidence_interval_pipeline_out_pruned/finemapping/output/activity.begin.13.9154368_annovar_input_fixRef.txt, /u/home/j/jzou1115/project-zarlab/CFW/confidence_interval_pipeline_out_pruned/finemapping/output/activity.begin.2.153696216_annovar_input_fixRef.txt, /u/home/j/jzou1115/project-zarlab/CFW/confidence_interval_pipeline_out_pruned/finemapping/output/activity.begin.2.89917236_annovar_input_fixRef.txt, /u/home/j/jzou1115/project-zarlab/CFW/confidence_interval_pipeline_out_pruned/finemapping/output/activity.end.11.95636638_annovar_input_fixRef.txt, /u/home/j/jzou1115/project-zarlab/CFW/confidence_interval_pipeline_out_pruned/finemapping/output/activity.end.11.96653605_annovar_input_fixRef.txt, /u/home/j/jzou1115/project-zarlab/CFW/confidence_interval_pipeline_out_pruned/finemapping/output/activity.end.13.10150339_annovar_input_fixRef.txt, /u/home/j/jzou1115/project-zarlab/CFW/confidence_interval_pipeline_out_pruned/finemapping/output/activity.end.13.6323352_annovar_input_fixRef.txt, /u/home/j/jzou1115/project-zarlab/CFW/confidence_interval_pipeline_out_pruned/finemapping/output/activity.end.13.7101524_annovar_input_fixRef.txt, /u/home/j/jzou1115/project-zarlab/CFW/confidence_interval_pipeline_out_pruned/finemapping/output/activity.end.13.8209788_annovar_input_fixRef.txt, /u/home/j/jzou1115/project-zarlab/CFW/confidence_interval_pipeline_out_pruned/finemapping/output/activity.middle.11.93418604_annovar_input_fixRef.txt, /u/home/j/jzou1115/project-zarlab/CFW/confidence_interval_pipeline_out_pruned/finemapping/output/activity.middle.11.94054029_annovar_input_fixRef.txt, /u/home/j/jzou1115/project-zarlab/CFW/confidence_interval_pipeline_out_pruned/finemapping/output/activity.middle.11.95651415_annovar_input_fixRef.txt, /u/home/j/jzou1115/project-zarlab/CFW/confidence_interval_pipeline_out_pruned/finemapping/output/activity.middle.11.96852500_annovar_input_fixRef.txt, /u/home/j/jzou1115/project-zarlab/CFW/confidence_interval_pipeline_out_pruned/finemapping/output/activity.middle.13.10150339_annovar_input_fixRef.txt, /u/home/j/jzou1115/project-zarlab/CFW/confidence_interval_pipeline_out_pruned/finemapping/output/activity.middle.13.7101524_annovar_input_fixRef.txt, /u/home/j/jzou1115/project-zarlab/CFW/confidence_interval_pipeline_out_pruned/finemapping/output/activity.middle.13.8209788_annovar_input_fixRef.txt, /u/home/j/jzou1115/project-zarlab/CFW/confidence_interval_pipeline_out_pruned/finemapping/output/activity.middle.13.8800578_annovar_input_fixRef.txt, /u/home/j/jzou1115/project-zarlab/CFW/confidence_interval_pipeline_out_pruned/finemapping/output/activity.middle.2.152116228_annovar_input_fixRef.txt, /u/home/j/jzou1115/project-zarlab/CFW/confidence_interval_pipeline_out_pruned/finemapping/output/activity.middle.2.153760436_annovar_input_fixRef.txt, /u/home/j/jzou1115/project-zarlab/CFW/confidence_interval_pipeline_out_pruned/finemapping/output/activity.middle.2.89917236_annovar_input_fixRef.txt, /u/home/j/jzou1115/project-zarlab/CFW/confidence_interval_pipeline_out_pruned/finemapping/output/activity.middle.9.81879809_annovar_input_fixRef.txt, /u/home/j/jzou1115/project-zarlab/CFW/confidence_interval_pipeline_out_pruned/finemapping/output/activity.total.11.93418612_annovar_input_fixRef.txt, /u/home/j/jzou1115/project-zarlab/CFW/confidence_interval_pipeline_out_pruned/finemapping/output/activity.total.11.95651415_annovar_input_fixRef.txt, /u/home/j/jzou1115/project-zarlab/CFW/confidence_interval_pipeline_out_pruned/finemapping/output/activity.total.11.96653605_annovar_input_fixRef.txt, /u/home/j/jzou1115/project-zarlab/CFW/confidence_interval_pipeline_out_pruned/finemapping/output/activity.total.13.10144490_annovar_input_fixRef.txt, /u/home/j/jzou1115/project-zarlab/CFW/confidence_interval_pipeline_out_pruned/finemapping/output/activity.total.13.5954638_annovar_input_fixRef.txt, /u/home/j/jzou1115/project-zarlab/CFW/confidence_interval_pipeline_out_pruned/finemapping/output/activity.total.13.7101524_annovar_input_fixRef.txt, /u/home/j/jzou1115/project-zarlab/CFW/confidence_interval_pipeline_out_pruned/finemapping/output/activity.total.13.8144012_annovar_input_fixRef.txt, /u/home/j/jzou1115/project-zarlab/CFW/confidence_interval_pipeline_out_pruned/finemapping/output/activity.total.13.8800578_annovar_input_fixRef.txt, /u/home/j/jzou1115/project-zarlab/CFW/confidence_interval_pipeline_out_pruned/finemapping/output/activity.total.2.89914086_annovar_input_fixRef.txt, /u/home/j/jzou1115/project-zarlab/CFW/confidence_interval_pipeline_out_pruned/finemapping/output/activity.total.9.81882866_annovar_input_fixRef.txt, /u/home/j/jzou1115/project-zarlab/CFW/confidence_interval_pipeline_out_pruned/finemapping/output/activity30.13.10150339_annovar_input_fixRef.txt, /u/home/j/jzou1115/project-zarlab/CFW/confidence_interval_pipeline_out_pruned/finemapping/output/activity30.13.6038915_annovar_input_fixRef.txt, /u/home/j/jzou1115/project-zarlab/CFW/confidence_interval_pipeline_out_pruned/finemapping/output/activity30.13.7101524_annovar_input_fixRef.txt, /u/home/j/jzou1115/project-zarlab/CFW/confidence_interval_pipeline_out_pruned/finemapping/output/activity30.13.8139647_annovar_input_fixRef.txt, /u/home/j/jzou1115/project-zarlab/CFW/confidence_interval_pipeline_out_pruned/finemapping/output/activity5.13.8155366_annovar_input_fixRef.txt, /u/home/j/jzou1115/project-zarlab/CFW/confidence_interval_pipeline_out_pruned/finemapping/output/basal.activity.11.95673447_annovar_input_fixRef.txt, /u/home/j/jzou1115/project-zarlab/CFW/confidence_interval_pipeline_out_pruned/finemapping/output/basal.activity.11.96816215_annovar_input_fixRef.txt, /u/home/j/jzou1115/project-zarlab/CFW/confidence_interval_pipeline_out_pruned/finemapping/output/basal.activity.13.10150339_annovar_input_fixRef.txt, /u/home/j/jzou1115/project-zarlab/CFW/confidence_interval_pipeline_out_pruned/finemapping/output/basal.activity.13.6154389_annovar_input_fixRef.txt, /u/home/j/jzou1115/project-zarlab/CFW/confidence_interval_pipeline_out_pruned/finemapping/output/basal.activity.13.7101524_annovar_input_fixRef.txt, /u/home/j/jzou1115/project-zarlab/CFW/confidence_interval_pipeline_out_pruned/finemapping/output/basal.activity.13.8209788_annovar_input_fixRef.txt, /u/home/j/jzou1115/project-zarlab/CFW/confidence_interval_pipeline_out_pruned/finemapping/output/bmd.a.11.94758993_annovar_input_fixRef.txt, /u/home/j/jzou1115/project-zarlab/CFW/confidence_interval_pipeline_out_pruned/finemapping/output/bmd.a.11.95761488_annovar_input_fixRef.txt, /u/home/j/jzou1115/project-zarlab/CFW/confidence_interval_pipeline_out_pruned/finemapping/output/bmd.a.11.96913720_annovar_input_fixRef.txt, /u/home/j/jzou1115/project-zarlab/CFW/confidence_interval_pipeline_out_pruned/finemapping/output/bmd.11.100053320_annovar_input_fixRef.txt, /u/home/j/jzou1115/project-zarlab/CFW/confidence_interval_pipeline_out_pruned/finemapping/output/bmd.11.93469819_annovar_input_fixRef.txt, /u/home/j/jzou1115/project-zarlab/CFW/confidence_interval_pipeline_out_pruned/finemapping/output/bmd.11.94772022_annovar_input_fixRef.txt, /u/home/j/jzou1115/project-zarlab/CFW/confidence_interval_pipeline_out_pruned/finemapping/output/bmd.11.95761488_annovar_input_fixRef.txt, /u/home/j/jzou1115/project-zarlab/CFW/confidence_interval_pipeline_out_pruned/finemapping/output/bmd.11.96912238_annovar_input_fixRef.txt, /u/home/j/jzou1115/project-zarlab/CFW/confidence_interval_pipeline_out_pruned/finemapping/output/bmd.15.86382123_annovar_input_fixRef.txt, /u/home/j/jzou1115/project-zarlab/CFW/confidence_interval_pipeline_out_pruned/finemapping/output/bmd.18.38659321_annovar_input_fixRef.txt, /u/home/j/jzou1115/project-zarlab/CFW/confidence_interval_pipeline_out_pruned/finemapping/output/bmd.5.21721308_annovar_input_fixRef.txt, /u/home/j/jzou1115/project-zarlab/CFW/confidence_interval_pipeline_out_pruned/finemapping/output/bmd.5.23814155_annovar_input_fixRef.txt, /u/home/j/jzou1115/project-zarlab/CFW/confidence_interval_pipeline_out_pruned/finemapping/output/bmd.5.24922475_annovar_input_fixRef.txt, /u/home/j/jzou1115/project-zarlab/CFW/confidence_interval_pipeline_out_pruned/finemapping/output/bmd.5.27366822_annovar_input_fixRef.txt, /u/home/j/jzou1115/project-zarlab/CFW/confidence_interval_pipeline_out_pruned/finemapping/output/bmd.n.11.95582360_annovar_input_fixRef.txt, /u/home/j/jzou1115/project-zarlab/CFW/confidence_interval_pipeline_out_pruned/finemapping/output/bmd.n.11.96918212_annovar_input_fixRef.txt, /u/home/j/jzou1115/project-zarlab/CFW/confidence_interval_pipeline_out_pruned/finemapping/output/bmd.n.18.38930957_annovar_input_fixRef.txt, /u/home/j/jzou1115/project-zarlab/CFW/confidence_interval_pipeline_out_pruned/finemapping/output/bmd.n.5.23815043_annovar_input_fixRef.txt, /u/home/j/jzou1115/project-zarlab/CFW/confidence_interval_pipeline_out_pruned/finemapping/output/bmd.n.5.24920012_annovar_input_fixRef.txt, /u/home/j/jzou1115/project-zarlab/CFW/confidence_interval_pipeline_out_pruned/finemapping/output/gastroc.11.79954876_annovar_input_fixRef.txt, /u/home/j/jzou1115/project-zarlab/CFW/confidence_interval_pipeline_out_pruned/finemapping/output/gastroc.11.88973192_annovar_input_fixRef.txt, /u/home/j/jzou1115/project-zarlab/CFW/confidence_interval_pipeline_out_pruned/finemapping/output/gastroc.12.83517483_annovar_input_fixRef.txt, /u/home/j/jzou1115/project-zarlab/CFW/confidence_interval_pipeline_out_pruned/finemapping/output/gastroc.2.155856984_annovar_input_fixRef.txt, /u/home/j/jzou1115/project-zarlab/CFW/confidence_interval_pipeline_out_pruned/finemapping/output/glucose.1.152192170_annovar_input_fixRef.txt, /u/home/j/jzou1115/project-zarlab/CFW/confidence_interval_pipeline_out_pruned/finemapping/output/habit.ratio.18.25412656_annovar_input_fixRef.txt, /u/home/j/jzou1115/project-zarlab/CFW/confidence_interval_pipeline_out_pruned/finemapping/output/plantaris.13.116222549_annovar_input_fixRef.txt, /u/home/j/jzou1115/project-zarlab/CFW/confidence_interval_pipeline_out_pruned/finemapping/output/plantaris.2.155812908_annovar_input_fixRef.txt, /u/home/j/jzou1115/project-zarlab/CFW/confidence_interval_pipeline_out_pruned/finemapping/output/plantaris.4.85394581_annovar_input_fixRef.txt, /u/home/j/jzou1115/project-zarlab/CFW/confidence_interval_pipeline_out_pruned/finemapping/output/plantaris.9.87855594_annovar_input_fixRef.txt, /u/home/j/jzou1115/project-zarlab/CFW/confidence_interval_pipeline_out_pruned/finemapping/output/soleus.13.113404971_annovar_input_fixRef.txt, /u/home/j/jzou1115/project-zarlab/CFW/confidence_interval_pipeline_out_pruned/finemapping/output/soleus.13.114802392_annovar_input_fixRef.txt, /u/home/j/jzou1115/project-zarlab/CFW/confidence_interval_pipeline_out_pruned/finemapping/output/soleus.13.9242435_annovar_input_fixRef.txt, /u/home/j/jzou1115/project-zarlab/CFW/confidence_interval_pipeline_out_pruned/finemapping/output/soleus.2.155505679_annovar_input_fixRef.txt, /u/home/j/jzou1115/project-zarlab/CFW/confidence_interval_pipeline_out_pruned/finemapping/output/soleus.3.15783853_annovar_input_fixRef.txt, /u/home/j/jzou1115/project-zarlab/CFW/confidence_interval_pipeline_out_pruned/finemapping/output/soleus.6.15600158_annovar_input_fixRef.txt, /u/home/j/jzou1115/project-zarlab/CFW/confidence_interval_pipeline_out_pruned/finemapping/output/soleus.6.18123198_annovar_input_fixRef.txt, /u/home/j/jzou1115/project-zarlab/CFW/confidence_interval_pipeline_out_pruned/finemapping/output/tail.length.8.79338858_annovar_input_fixRef.txt, /u/home/j/jzou1115/project-zarlab/CFW/confidence_interval_pipeline_out_pruned/finemapping/output/tail.length.8.80905518_annovar_input_fixRef.txt, /u/home/j/jzou1115/project-zarlab/CFW/confidence_interval_pipeline_out_pruned/finemapping/output/tail.length.8.81878779_annovar_input_fixRef.txt, /u/home/j/jzou1115/project-zarlab/CFW/confidence_interval_pipeline_out_pruned/finemapping/output/tibia.11.32268598_annovar_input_fixRef.txt, /u/home/j/jzou1115/project-zarlab/CFW/confidence_interval_pipeline_out_pruned/finemapping/output/tibia.11.33440009_annovar_input_fixRef.txt, /u/home/j/jzou1115/project-zarlab/CFW/confidence_interval_pipeline_out_pruned/finemapping/output/tibia.11.95761488_annovar_input_fixRef.txt, /u/home/j/jzou1115/project-zarlab/CFW/confidence_interval_pipeline_out_pruned/finemapping/output/tibia.11.96952835_annovar_input_fixRef.txt, /u/home/j/jzou1115/project-zarlab/CFW/confidence_interval_pipeline_out_pruned/finemapping/output/tibia.12.83514944_annovar_input_fixRef.txt, /u/home/j/jzou1115/project-zarlab/CFW/confidence_interval_pipeline_out_pruned/finemapping/output/tibia.12.91175287_annovar_input_fixRef.txt, /u/home/j/jzou1115/project-zarlab/CFW/confidence_interval_pipeline_out_pruned/finemapping/output/tibia.12.91722613_annovar_input_fixRef.txt, /u/home/j/jzou1115/project-zarlab/CFW/confidence_interval_pipeline_out_pruned/finemapping/output/tibia.15.11500538_annovar_input_fixRef.txt, /u/home/j/jzou1115/project-zarlab/CFW/confidence_interval_pipeline_out_pruned/finemapping/output/tibia.15.12517342_annovar_input_fixRef.txt, /u/home/j/jzou1115/project-zarlab/CFW/confidence_interval_pipeline_out_pruned/finemapping/output/tibia.5.39698535_annovar_input_fixRef.txt, /u/home/j/jzou1115/project-zarlab/CFW/confidence_interval_pipeline_out_pruned/finemapping/output/tibia.5.40708978_annovar_input_fixRef.txt, /u/home/j/jzou1115/project-zarlab/CFW/confidence_interval_pipeline_out_pruned/finemapping/output/tibia.6.145481081_annovar_input_fixRef.txt, /u/home/j/jzou1115/project-zarlab/CFW/confidence_interval_pipeline_out_pruned/finemapping/output/tibia.6.147027848_annovar_input_fixRef.txt, /u/home/j/jzou1115/project-zarlab/CFW/confidence_interval_pipeline_out_pruned/finemapping/output/tibia.6.147721449_annovar_input_fixRef.txt, /u/home/j/jzou1115/project-zarlab/CFW/confidence_interval_pipeline_out_pruned/finemapping/output/tibia.6.148328439_annovar_input_fixRef.txt, /u/home/j/jzou1115/project-zarlab/CFW/confidence_interval_pipeline_out_pruned/finemapping/output/tibia.9.80408302_annovar_input_fixRef.txt, /u/home/j/jzou1115/project-zarlab/CFW/confidence_interval_pipeline_out_pruned/finemapping/output/tibia.9.81411377_annovar_input_fixRef.txt, /u/home/j/jzou1115/project-zarlab/CFW/confidence_interval_pipeline_out_pruned/finemapping/output/tibia.9.83150389_annovar_input_fixRef.txt, /u/home/j/jzou1115/project-zarlab/CFW/confidence_interval_pipeline_out_pruned/finemapping/output/tibia.9.85054834_annovar_input_fixRef.txt, /u/home/j/jzou1115/project-zarlab/CFW/confidence_interval_pipeline_out_pruned/finemapping/output/weight.bmi.tibia.12.83323871_annovar_input_fixRef.txt, /u/home/j/jzou1115/project-zarlab/CFW/confidence_interval_pipeline_out_pruned/finemapping/output/weight.bmi.tibia.13.5655594_annovar_input_fixRef.txt, /u/home/j/jzou1115/project-zarlab/CFW/confidence_interval_pipeline_out_pruned/finemapping/output/weight.bmi.tibia.13.8924722_annovar_input_fixRef.txt, /u/home/j/jzou1115/project-zarlab/CFW/confidence_interval_pipeline_out_pruned/finemapping/output/weight.bmi.tibia.17.34013675_annovar_input_fixRef.txt, /u/home/j/jzou1115/project-zarlab/CFW/confidence_interval_pipeline_out_pruned/finemapping/output/weight.bmi.tibia.17.34822977_annovar_input_fixRef.txt, /u/home/j/jzou1115/project-zarlab/CFW/confidence_interval_pipeline_out_pruned/finemapping/output/weight.bmi.tibia.2.153707637_annovar_input_fixRef.txt, /u/home/j/jzou1115/project-zarlab/CFW/confidence_interval_pipeline_out_pruned/finemapping/output/weight.13.9217096_annovar_input_fixRef.txt, /u/home/j/jzou1115/project-zarlab/CFW/confidence_interval_pipeline_out_pruned/finemapping/output/weight.17.34013000_annovar_input_fixRef.txt, /u/home/j/jzou1115/project-zarlab/CFW/confidence_interval_pipeline_out_pruned/finemapping/output/weight.17.34900243_annovar_input_fixRef.txt, /u/home/j/jzou1115/project-zarlab/CFW/confidence_interval_pipeline_out_pruned/finemapping/output/weight.17.37094289_annovar_input_fixRef.txt, /u/home/j/jzou1115/project-zarlab/CFW/confidence_interval_pipeline_out_pruned/finemapping/output_ref/EDL.12.83885241_10_.80_snps.txt, /u/home/j/jzou1115/project-zarlab/CFW/confidence_interval_pipeline_out_pruned/finemapping/output_ref/EDL.12.83885241_10_.95_snps.txt, /u/home/j/jzou1115/project-zarlab/CFW/confidence_interval_pipeline_out_pruned/finemapping/output_ref/EDL.13.113025220_10_.80_snps.txt, /u/home/j/jzou1115/project-zarlab/CFW/confidence_interval_pipeline_out_pruned/finemapping/output_ref/EDL.13.113025220_10_.95_snps.txt, /u/home/j/jzou1115/project-zarlab/CFW/confidence_interval_pipeline_out_pruned/finemapping/output_ref/EDL.13.114188942_10_.80_snps.txt, /u/home/j/jzou1115/project-zarlab/CFW/confidence_interval_pipeline_out_pruned/finemapping/output_ref/EDL.13.114188942_10_.95_snps.txt, /u/home/j/jzou1115/project-zarlab/CFW/confidence_interval_pipeline_out_pruned/finemapping/output_ref/EDL.2.155780222_10_.80_snps.txt, /u/home/j/jzou1115/project-zarlab/CFW/confidence_interval_pipeline_out_pruned/finemapping/output_ref/EDL.2.155780222_10_.95_snps.txt, /u/home/j/jzou1115/project-zarlab/CFW/confidence_interval_pipeline_out_pruned/finemapping/output_ref/EDL.2.77669072_10_.80_snps.txt, /u/home/j/jzou1115/project-zarlab/CFW/confidence_interval_pipeline_out_pruned/finemapping/output_ref/EDL.2.77669072_10_.95_snps.txt, /u/home/j/jzou1115/project-zarlab/CFW/confidence_interval_pipeline_out_pruned/finemapping/output_ref/EDL.2.78722881_10_.80_snps.txt, /u/home/j/jzou1115/project-zarlab/CFW/confidence_interval_pipeline_out_pruned/finemapping/output_ref/EDL.2.78722881_10_.95_snps.txt, /u/home/j/jzou1115/project-zarlab/CFW/confidence_interval_pipeline_out_pruned/finemapping/output_ref/EDL.2.80039850_10_.80_snps.txt, /u/home/j/jzou1115/project-zarlab/CFW/confidence_interval_pipeline_out_pruned/finemapping/output_ref/EDL.2.80039850_10_.95_snps.txt, /u/home/j/jzou1115/project-zarlab/CFW/confidence_interval_pipeline_out_pruned/finemapping/output_ref/EDL.2.83000091_10_.80_snps.txt, /u/home/j/jzou1115/project-zarlab/CFW/confidence_interval_pipeline_out_pruned/finemapping/output_ref/EDL.2.83000091_10_.95_snps.txt, /u/home/j/jzou1115/project-zarlab/CFW/confidence_interval_pipeline_out_pruned/finemapping/output_ref/EDL.2.84134413_10_.80_snps.txt, /u/home/j/jzou1115/project-zarlab/CFW/confidence_interval_pipeline_out_pruned/finemapping/output_ref/EDL.2.84134413_10_.95_snps.txt, /u/home/j/jzou1115/project-zarlab/CFW/confidence_interval_pipeline_out_pruned/finemapping/output_ref/EDL.2.85453160_10_.80_snps.txt, /u/home/j/jzou1115/project-zarlab/CFW/confidence_interval_pipeline_out_pruned/finemapping/output_ref/EDL.2.85453160_10_.95_snps.txt, /u/home/j/jzou1115/project-zarlab/CFW/confidence_interval_pipeline_out_pruned/finemapping/output_ref/EDL.2.86662262_10_.80_snps.txt, /u/home/j/jzou1115/project-zarlab/CFW/confidence_interval_pipeline_out_pruned/finemapping/output_ref/EDL.2.86662262_10_.95_snps.txt, /u/home/j/jzou1115/project-zarlab/CFW/confidence_interval_pipeline_out_pruned/finemapping/output_ref/TA.11.18398304_10_.80_snps.txt, /u/home/j/jzou1115/project-zarlab/CFW/confidence_interval_pipeline_out_pruned/finemapping/output_ref/TA.11.18398304_10_.95_snps.txt, /u/home/j/jzou1115/project-zarlab/CFW/confidence_interval_pipeline_out_pruned/finemapping/output_ref/TA.11.79522084_10_.80_snps.txt, /u/home/j/jzou1115/project-zarlab/CFW/confidence_interval_pipeline_out_pruned/finemapping/output_ref/TA.11.79522084_10_.95_snps.txt, /u/home/j/jzou1115/project-zarlab/CFW/confidence_interval_pipeline_out_pruned/finemapping/output_ref/TA.11.88973232_10_.80_snps.txt, /u/home/j/jzou1115/project-zarlab/CFW/confidence_interval_pipeline_out_pruned/finemapping/output_ref/TA.11.88973232_10_.95_snps.txt, /u/home/j/jzou1115/project-zarlab/CFW/confidence_interval_pipeline_out_pruned/finemapping/output_ref/TA.12.83514944_10_.80_snps.txt, /u/home/j/jzou1115/project-zarlab/CFW/confidence_interval_pipeline_out_pruned/finemapping/output_ref/TA.12.83514944_10_.95_snps.txt, /u/home/j/jzou1115/project-zarlab/CFW/confidence_interval_pipeline_out_pruned/finemapping/output_ref/TA.13.9090078_10_.80_snps.txt, /u/home/j/jzou1115/project-zarlab/CFW/confidence_interval_pipeline_out_pruned/finemapping/output_ref/TA.13.9090078_10_.95_snps.txt, /u/home/j/jzou1115/project-zarlab/CFW/confidence_interval_pipeline_out_pruned/finemapping/output_ref/TA.2.154645131_10_.80_snps.txt, /u/home/j/jzou1115/project-zarlab/CFW/confidence_interval_pipeline_out_pruned/finemapping/output_ref/TA.2.154645131_10_.95_snps.txt, /u/home/j/jzou1115/project-zarlab/CFW/confidence_interval_pipeline_out_pruned/finemapping/output_ref/TA.2.155819633_10_.80_snps.txt, /u/home/j/jzou1115/project-zarlab/CFW/confidence_interval_pipeline_out_pruned/finemapping/output_ref/TA.2.155819633_10_.95_snps.txt, /u/home/j/jzou1115/project-zarlab/CFW/confidence_interval_pipeline_out_pruned/finemapping/output_ref/activity.begin.11.93418612_10_.80_snps.txt, /u/home/j/jzou1115/project-zarlab/CFW/confidence_interval_pipeline_out_pruned/finemapping/output_ref/activity.begin.11.93418612_10_.95_snps.txt, /u/home/j/jzou1115/project-zarlab/CFW/confidence_interval_pipeline_out_pruned/finemapping/output_ref/activity.begin.11.94772022_10_.80_snps.txt, /u/home/j/jzou1115/project-zarlab/CFW/confidence_interval_pipeline_out_pruned/finemapping/output_ref/activity.begin.11.94772022_10_.95_snps.txt, /u/home/j/jzou1115/project-zarlab/CFW/confidence_interval_pipeline_out_pruned/finemapping/output_ref/activity.begin.11.96964818_10_.80_snps.txt, /u/home/j/jzou1115/project-zarlab/CFW/confidence_interval_pipeline_out_pruned/finemapping/output_ref/activity.begin.11.96964818_10_.95_snps.txt, /u/home/j/jzou1115/project-zarlab/CFW/confidence_interval_pipeline_out_pruned/finemapping/output_ref/activity.begin.13.7632884_10_.80_snps.txt, /u/home/j/jzou1115/project-zarlab/CFW/confidence_interval_pipeline_out_pruned/finemapping/output_ref/activity.begin.13.7632884_10_.95_snps.txt, /u/home/j/jzou1115/project-zarlab/CFW/confidence_interval_pipeline_out_pruned/finemapping/output_ref/activity.begin.13.8153523_10_.80_snps.txt, /u/home/j/jzou1115/project-zarlab/CFW/confidence_interval_pipeline_out_pruned/finemapping/output_ref/activity.begin.13.8153523_10_.95_snps.txt, /u/home/j/jzou1115/project-zarlab/CFW/confidence_interval_pipeline_out_pruned/finemapping/output_ref/activity.begin.13.9154368_10_.80_snps.txt, /u/home/j/jzou1115/project-zarlab/CFW/confidence_interval_pipeline_out_pruned/finemapping/output_ref/activity.begin.13.9154368_10_.95_snps.txt, /u/home/j/jzou1115/project-zarlab/CFW/confidence_interval_pipeline_out_pruned/finemapping/output_ref/activity.begin.2.153696216_10_.80_snps.txt, /u/home/j/jzou1115/project-zarlab/CFW/confidence_interval_pipeline_out_pruned/finemapping/output_ref/activity.begin.2.153696216_10_.95_snps.txt, /u/home/j/jzou1115/project-zarlab/CFW/confidence_interval_pipeline_out_pruned/finemapping/output_ref/activity.begin.2.89917236_10_.80_snps.txt, /u/home/j/jzou1115/project-zarlab/CFW/confidence_interval_pipeline_out_pruned/finemapping/output_ref/activity.begin.2.89917236_10_.95_snps.txt, /u/home/j/jzou1115/project-zarlab/CFW/confidence_interval_pipeline_out_pruned/finemapping/output_ref/activity.end.11.95636638_10_.80_snps.txt, /u/home/j/jzou1115/project-zarlab/CFW/confidence_interval_pipeline_out_pruned/finemapping/output_ref/activity.end.11.95636638_10_.95_snps.txt, /u/home/j/jzou1115/project-zarlab/CFW/confidence_interval_pipeline_out_pruned/finemapping/output_ref/activity.end.11.96653605_10_.80_snps.txt, /u/home/j/jzou1115/project-zarlab/CFW/confidence_interval_pipeline_out_pruned/finemapping/output_ref/activity.end.11.96653605_10_.95_snps.txt, /u/home/j/jzou1115/project-zarlab/CFW/confidence_interval_pipeline_out_pruned/finemapping/output_ref/activity.end.13.10150339_10_.80_snps.txt, /u/home/j/jzou1115/project-zarlab/CFW/confidence_interval_pipeline_out_pruned/finemapping/output_ref/activity.end.13.10150339_10_.95_snps.txt, /u/home/j/jzou1115/project-zarlab/CFW/confidence_interval_pipeline_out_pruned/finemapping/output_ref/activity.end.13.6323352_10_.80_snps.txt, /u/home/j/jzou1115/project-zarlab/CFW/confidence_interval_pipeline_out_pruned/finemapping/output_ref/activity.end.13.6323352_10_.95_snps.txt, /u/home/j/jzou1115/project-zarlab/CFW/confidence_interval_pipeline_out_pruned/finemapping/output_ref/activity.end.13.7101524_10_.80_snps.txt, /u/home/j/jzou1115/project-zarlab/CFW/confidence_interval_pipeline_out_pruned/finemapping/output_ref/activity.end.13.7101524_10_.95_snps.txt, /u/home/j/jzou1115/project-zarlab/CFW/confidence_interval_pipeline_out_pruned/finemapping/output_ref/activity.end.13.8209788_10_.80_snps.txt, /u/home/j/jzou1115/project-zarlab/CFW/confidence_interval_pipeline_out_pruned/finemapping/output_ref/activity.end.13.8209788_10_.95_snps.txt, /u/home/j/jzou1115/project-zarlab/CFW/confidence_interval_pipeline_out_pruned/finemapping/output_ref/activity.middle.11.93418604_10_.80_snps.txt, /u/home/j/jzou1115/project-zarlab/CFW/confidence_interval_pipeline_out_pruned/finemapping/output_ref/activity.middle.11.93418604_10_.95_snps.txt, /u/home/j/jzou1115/project-zarlab/CFW/confidence_interval_pipeline_out_pruned/finemapping/output_ref/activity.middle.11.94054029_10_.80_snps.txt, /u/home/j/jzou1115/project-zarlab/CFW/confidence_interval_pipeline_out_pruned/finemapping/output_ref/activity.middle.11.94054029_10_.95_snps.txt, /u/home/j/jzou1115/project-zarlab/CFW/confidence_interval_pipeline_out_pruned/finemapping/output_ref/activity.middle.11.95651415_10_.80_snps.txt, /u/home/j/jzou1115/project-zarlab/CFW/confidence_interval_pipeline_out_pruned/finemapping/output_ref/activity.middle.11.95651415_10_.95_snps.txt, /u/home/j/jzou1115/project-zarlab/CFW/confidence_interval_pipeline_out_pruned/finemapping/output_ref/activity.middle.11.96852500_10_.80_snps.txt, /u/home/j/jzou1115/project-zarlab/CFW/confidence_interval_pipeline_out_pruned/finemapping/output_ref/activity.middle.11.96852500_10_.95_snps.txt, /u/home/j/jzou1115/project-zarlab/CFW/confidence_interval_pipeline_out_pruned/finemapping/output_ref/activity.middle.13.10150339_10_.80_snps.txt, /u/home/j/jzou1115/project-zarlab/CFW/confidence_interval_pipeline_out_pruned/finemapping/output_ref/activity.middle.13.10150339_10_.95_snps.txt, /u/home/j/jzou1115/project-zarlab/CFW/confidence_interval_pipeline_out_pruned/finemapping/output_ref/activity.middle.13.7101524_10_.80_snps.txt, /u/home/j/jzou1115/project-zarlab/CFW/confidence_interval_pipeline_out_pruned/finemapping/output_ref/activity.middle.13.7101524_10_.95_snps.txt, /u/home/j/jzou1115/project-zarlab/CFW/confidence_interval_pipeline_out_pruned/finemapping/output_ref/activity.middle.13.8209788_10_.80_snps.txt, /u/home/j/jzou1115/project-zarlab/CFW/confidence_interval_pipeline_out_pruned/finemapping/output_ref/activity.middle.13.8209788_10_.95_snps.txt, /u/home/j/jzou1115/project-zarlab/CFW/confidence_interval_pipeline_out_pruned/finemapping/output_ref/activity.middle.13.8800578_10_.80_snps.txt, /u/home/j/jzou1115/project-zarlab/CFW/confidence_interval_pipeline_out_pruned/finemapping/output_ref/activity.middle.13.8800578_10_.95_snps.txt, /u/home/j/jzou1115/project-zarlab/CFW/confidence_interval_pipeline_out_pruned/finemapping/output_ref/activity.middle.2.152116228_10_.80_snps.txt, /u/home/j/jzou1115/project-zarlab/CFW/confidence_interval_pipeline_out_pruned/finemapping/output_ref/activity.middle.2.152116228_10_.95_snps.txt, /u/home/j/jzou1115/project-zarlab/CFW/confidence_interval_pipeline_out_pruned/finemapping/output_ref/activity.middle.2.153760436_10_.80_snps.txt, /u/home/j/jzou1115/project-zarlab/CFW/confidence_interval_pipeline_out_pruned/finemapping/output_ref/activity.middle.2.153760436_10_.95_snps.txt, /u/home/j/jzou1115/project-zarlab/CFW/confidence_interval_pipeline_out_pruned/finemapping/output_ref/activity.middle.2.89917236_10_.80_snps.txt, /u/home/j/jzou1115/project-zarlab/CFW/confidence_interval_pipeline_out_pruned/finemapping/output_ref/activity.middle.2.89917236_10_.95_snps.txt, /u/home/j/jzou1115/project-zarlab/CFW/confidence_interval_pipeline_out_pruned/finemapping/output_ref/activity.middle.9.81879809_10_.80_snps.txt, /u/home/j/jzou1115/project-zarlab/CFW/confidence_interval_pipeline_out_pruned/finemapping/output_ref/activity.middle.9.81879809_10_.95_snps.txt, /u/home/j/jzou1115/project-zarlab/CFW/confidence_interval_pipeline_out_pruned/finemapping/output_ref/activity.total.11.93418612_10_.80_snps.txt, /u/home/j/jzou1115/project-zarlab/CFW/confidence_interval_pipeline_out_pruned/finemapping/output_ref/activity.total.11.93418612_10_.95_snps.txt, /u/home/j/jzou1115/project-zarlab/CFW/confidence_interval_pipeline_out_pruned/finemapping/output_ref/activity.total.11.95651415_10_.80_snps.txt, /u/home/j/jzou1115/project-zarlab/CFW/confidence_interval_pipeline_out_pruned/finemapping/output_ref/activity.total.11.95651415_10_.95_snps.txt, /u/home/j/jzou1115/project-zarlab/CFW/confidence_interval_pipeline_out_pruned/finemapping/output_ref/activity.total.11.96653605_10_.80_snps.txt, /u/home/j/jzou1115/project-zarlab/CFW/confidence_interval_pipeline_out_pruned/finemapping/output_ref/activity.total.11.96653605_10_.95_snps.txt, /u/home/j/jzou1115/project-zarlab/CFW/confidence_interval_pipeline_out_pruned/finemapping/output_ref/activity.total.13.10144490_10_.80_snps.txt, /u/home/j/jzou1115/project-zarlab/CFW/confidence_interval_pipeline_out_pruned/finemapping/output_ref/activity.total.13.10144490_10_.95_snps.txt, /u/home/j/jzou1115/project-zarlab/CFW/confidence_interval_pipeline_out_pruned/finemapping/output_ref/activity.total.13.5954638_10_.80_snps.txt, /u/home/j/jzou1115/project-zarlab/CFW/confidence_interval_pipeline_out_pruned/finemapping/output_ref/activity.total.13.5954638_10_.95_snps.txt, /u/home/j/jzou1115/project-zarlab/CFW/confidence_interval_pipeline_out_pruned/finemapping/output_ref/activity.total.13.7101524_10_.80_snps.txt, /u/home/j/jzou1115/project-zarlab/CFW/confidence_interval_pipeline_out_pruned/finemapping/output_ref/activity.total.13.7101524_10_.95_snps.txt, /u/home/j/jzou1115/project-zarlab/CFW/confidence_interval_pipeline_out_pruned/finemapping/output_ref/activity.total.13.8144012_10_.80_snps.txt, /u/home/j/jzou1115/project-zarlab/CFW/confidence_interval_pipeline_out_pruned/finemapping/output_ref/activity.total.13.8144012_10_.95_snps.txt, /u/home/j/jzou1115/project-zarlab/CFW/confidence_interval_pipeline_out_pruned/finemapping/output_ref/activity.total.13.8800578_10_.80_snps.txt, /u/home/j/jzou1115/project-zarlab/CFW/confidence_interval_pipeline_out_pruned/finemapping/output_ref/activity.total.13.8800578_10_.95_snps.txt, /u/home/j/jzou1115/project-zarlab/CFW/confidence_interval_pipeline_out_pruned/finemapping/output_ref/activity.total.2.89914086_10_.80_snps.txt, /u/home/j/jzou1115/project-zarlab/CFW/confidence_interval_pipeline_out_pruned/finemapping/output_ref/activity.total.2.89914086_10_.95_snps.txt, /u/home/j/jzou1115/project-zarlab/CFW/confidence_interval_pipeline_out_pruned/finemapping/output_ref/activity.total.9.81882866_10_.80_snps.txt, /u/home/j/jzou1115/project-zarlab/CFW/confidence_interval_pipeline_out_pruned/finemapping/output_ref/activity.total.9.81882866_10_.95_snps.txt, /u/home/j/jzou1115/project-zarlab/CFW/confidence_interval_pipeline_out_pruned/finemapping/output_ref/activity30.13.10150339_10_.80_snps.txt, /u/home/j/jzou1115/project-zarlab/CFW/confidence_interval_pipeline_out_pruned/finemapping/output_ref/activity30.13.10150339_10_.95_snps.txt, /u/home/j/jzou1115/project-zarlab/CFW/confidence_interval_pipeline_out_pruned/finemapping/output_ref/activity30.13.6038915_10_.80_snps.txt, /u/home/j/jzou1115/project-zarlab/CFW/confidence_interval_pipeline_out_pruned/finemapping/output_ref/activity30.13.6038915_10_.95_snps.txt, /u/home/j/jzou1115/project-zarlab/CFW/confidence_interval_pipeline_out_pruned/finemapping/output_ref/activity30.13.7101524_10_.80_snps.txt, /u/home/j/jzou1115/project-zarlab/CFW/confidence_interval_pipeline_out_pruned/finemapping/output_ref/activity30.13.7101524_10_.95_snps.txt, /u/home/j/jzou1115/project-zarlab/CFW/confidence_interval_pipeline_out_pruned/finemapping/output_ref/activity30.13.8139647_10_.80_snps.txt, /u/home/j/jzou1115/project-zarlab/CFW/confidence_interval_pipeline_out_pruned/finemapping/output_ref/activity30.13.8139647_10_.95_snps.txt, /u/home/j/jzou1115/project-zarlab/CFW/confidence_interval_pipeline_out_pruned/finemapping/output_ref/activity5.13.8155366_10_.80_snps.txt, /u/home/j/jzou1115/project-zarlab/CFW/confidence_interval_pipeline_out_pruned/finemapping/output_ref/activity5.13.8155366_10_.95_snps.txt, /u/home/j/jzou1115/project-zarlab/CFW/confidence_interval_pipeline_out_pruned/finemapping/output_ref/basal.activity.11.95673447_10_.80_snps.txt, /u/home/j/jzou1115/project-zarlab/CFW/confidence_interval_pipeline_out_pruned/finemapping/output_ref/basal.activity.11.95673447_10_.95_snps.txt, /u/home/j/jzou1115/project-zarlab/CFW/confidence_interval_pipeline_out_pruned/finemapping/output_ref/basal.activity.11.96816215_10_.80_snps.txt, /u/home/j/jzou1115/project-zarlab/CFW/confidence_interval_pipeline_out_pruned/finemapping/output_ref/basal.activity.11.96816215_10_.95_snps.txt, /u/home/j/jzou1115/project-zarlab/CFW/confidence_interval_pipeline_out_pruned/finemapping/output_ref/basal.activity.13.10150339_10_.80_snps.txt, /u/home/j/jzou1115/project-zarlab/CFW/confidence_interval_pipeline_out_pruned/finemapping/output_ref/basal.activity.13.10150339_10_.95_snps.txt, /u/home/j/jzou1115/project-zarlab/CFW/confidence_interval_pipeline_out_pruned/finemapping/output_ref/basal.activity.13.6154389_10_.80_snps.txt, /u/home/j/jzou1115/project-zarlab/CFW/confidence_interval_pipeline_out_pruned/finemapping/output_ref/basal.activity.13.6154389_10_.95_snps.txt, /u/home/j/jzou1115/project-zarlab/CFW/confidence_interval_pipeline_out_pruned/finemapping/output_ref/basal.activity.13.7101524_10_.80_snps.txt, /u/home/j/jzou1115/project-zarlab/CFW/confidence_interval_pipeline_out_pruned/finemapping/output_ref/basal.activity.13.7101524_10_.95_snps.txt, /u/home/j/jzou1115/project-zarlab/CFW/confidence_interval_pipeline_out_pruned/finemapping/output_ref/basal.activity.13.8209788_10_.80_snps.txt, /u/home/j/jzou1115/project-zarlab/CFW/confidence_interval_pipeline_out_pruned/finemapping/output_ref/basal.activity.13.8209788_10_.95_snps.txt, /u/home/j/jzou1115/project-zarlab/CFW/confidence_interval_pipeline_out_pruned/finemapping/output_ref/bmd.a.11.94758993_10_.80_snps.txt, /u/home/j/jzou1115/project-zarlab/CFW/confidence_interval_pipeline_out_pruned/finemapping/output_ref/bmd.a.11.94758993_10_.95_snps.txt, /u/home/j/jzou1115/project-zarlab/CFW/confidence_interval_pipeline_out_pruned/finemapping/output_ref/bmd.a.11.95761488_10_.80_snps.txt, /u/home/j/jzou1115/project-zarlab/CFW/confidence_interval_pipeline_out_pruned/finemapping/output_ref/bmd.a.11.95761488_10_.95_snps.txt, /u/home/j/jzou1115/project-zarlab/CFW/confidence_interval_pipeline_out_pruned/finemapping/output_ref/bmd.a.11.96913720_10_.80_snps.txt, /u/home/j/jzou1115/project-zarlab/CFW/confidence_interval_pipeline_out_pruned/finemapping/output_ref/bmd.a.11.96913720_10_.95_snps.txt, /u/home/j/jzou1115/project-zarlab/CFW/confidence_interval_pipeline_out_pruned/finemapping/output_ref/bmd.11.100053320_10_.80_snps.txt, /u/home/j/jzou1115/project-zarlab/CFW/confidence_interval_pipeline_out_pruned/finemapping/output_ref/bmd.11.100053320_10_.95_snps.txt, /u/home/j/jzou1115/project-zarlab/CFW/confidence_interval_pipeline_out_pruned/finemapping/output_ref/bmd.11.93469819_10_.80_snps.txt, /u/home/j/jzou1115/project-zarlab/CFW/confidence_interval_pipeline_out_pruned/finemapping/output_ref/bmd.11.93469819_10_.95_snps.txt, /u/home/j/jzou1115/project-zarlab/CFW/confidence_interval_pipeline_out_pruned/finemapping/output_ref/bmd.11.94772022_10_.80_snps.txt, /u/home/j/jzou1115/project-zarlab/CFW/confidence_interval_pipeline_out_pruned/finemapping/output_ref/bmd.11.94772022_10_.95_snps.txt, /u/home/j/jzou1115/project-zarlab/CFW/confidence_interval_pipeline_out_pruned/finemapping/output_ref/bmd.11.95761488_10_.80_snps.txt, /u/home/j/jzou1115/project-zarlab/CFW/confidence_interval_pipeline_out_pruned/finemapping/output_ref/bmd.11.95761488_10_.95_snps.txt, /u/home/j/jzou1115/project-zarlab/CFW/confidence_interval_pipeline_out_pruned/finemapping/output_ref/bmd.11.96912238_10_.80_snps.txt, /u/home/j/jzou1115/project-zarlab/CFW/confidence_interval_pipeline_out_pruned/finemapping/output_ref/bmd.11.96912238_10_.95_snps.txt, /u/home/j/jzou1115/project-zarlab/CFW/confidence_interval_pipeline_out_pruned/finemapping/output_ref/bmd.15.86382123_10_.80_snps.txt, /u/home/j/jzou1115/project-zarlab/CFW/confidence_interval_pipeline_out_pruned/finemapping/output_ref/bmd.15.86382123_10_.95_snps.txt, /u/home/j/jzou1115/project-zarlab/CFW/confidence_interval_pipeline_out_pruned/finemapping/output_ref/bmd.18.38659321_10_.80_snps.txt, /u/home/j/jzou1115/project-zarlab/CFW/confidence_interval_pipeline_out_pruned/finemapping/output_ref/bmd.18.38659321_10_.95_snps.txt, /u/home/j/jzou1115/project-zarlab/CFW/confidence_interval_pipeline_out_pruned/finemapping/output_ref/bmd.5.21721308_10_.80_snps.txt, /u/home/j/jzou1115/project-zarlab/CFW/confidence_interval_pipeline_out_pruned/finemapping/output_ref/bmd.5.21721308_10_.95_snps.txt, /u/home/j/jzou1115/project-zarlab/CFW/confidence_interval_pipeline_out_pruned/finemapping/output_ref/bmd.5.23814155_10_.80_snps.txt, /u/home/j/jzou1115/project-zarlab/CFW/confidence_interval_pipeline_out_pruned/finemapping/output_ref/bmd.5.23814155_10_.95_snps.txt, /u/home/j/jzou1115/project-zarlab/CFW/confidence_interval_pipeline_out_pruned/finemapping/output_ref/bmd.5.24922475_10_.80_snps.txt, /u/home/j/jzou1115/project-zarlab/CFW/confidence_interval_pipeline_out_pruned/finemapping/output_ref/bmd.5.24922475_10_.95_snps.txt, /u/home/j/jzou1115/project-zarlab/CFW/confidence_interval_pipeline_out_pruned/finemapping/output_ref/bmd.5.27366822_10_.80_snps.txt, /u/home/j/jzou1115/project-zarlab/CFW/confidence_interval_pipeline_out_pruned/finemapping/output_ref/bmd.5.27366822_10_.95_snps.txt, /u/home/j/jzou1115/project-zarlab/CFW/confidence_interval_pipeline_out_pruned/finemapping/output_ref/bmd.n.11.95582360_10_.80_snps.txt, /u/home/j/jzou1115/project-zarlab/CFW/confidence_interval_pipeline_out_pruned/finemapping/output_ref/bmd.n.11.95582360_10_.95_snps.txt, /u/home/j/jzou1115/project-zarlab/CFW/confidence_interval_pipeline_out_pruned/finemapping/output_ref/bmd.n.11.96918212_10_.80_snps.txt, /u/home/j/jzou1115/project-zarlab/CFW/confidence_interval_pipeline_out_pruned/finemapping/output_ref/bmd.n.11.96918212_10_.95_snps.txt, /u/home/j/jzou1115/project-zarlab/CFW/confidence_interval_pipeline_out_pruned/finemapping/output_ref/bmd.n.18.38930957_10_.80_snps.txt, /u/home/j/jzou1115/project-zarlab/CFW/confidence_interval_pipeline_out_pruned/finemapping/output_ref/bmd.n.18.38930957_10_.95_snps.txt, /u/home/j/jzou1115/project-zarlab/CFW/confidence_interval_pipeline_out_pruned/finemapping/output_ref/bmd.n.5.23815043_10_.80_snps.txt, /u/home/j/jzou1115/project-zarlab/CFW/confidence_interval_pipeline_out_pruned/finemapping/output_ref/bmd.n.5.23815043_10_.95_snps.txt, /u/home/j/jzou1115/project-zarlab/CFW/confidence_interval_pipeline_out_pruned/finemapping/output_ref/bmd.n.5.24920012_10_.80_snps.txt, /u/home/j/jzou1115/project-zarlab/CFW/confidence_interval_pipeline_out_pruned/finemapping/output_ref/bmd.n.5.24920012_10_.95_snps.txt, /u/home/j/jzou1115/project-zarlab/CFW/confidence_interval_pipeline_out_pruned/finemapping/output_ref/gastroc.11.79954876_10_.80_snps.txt, /u/home/j/jzou1115/project-zarlab/CFW/confidence_interval_pipeline_out_pruned/finemapping/output_ref/gastroc.11.79954876_10_.95_snps.txt, /u/home/j/jzou1115/project-zarlab/CFW/confidence_interval_pipeline_out_pruned/finemapping/output_ref/gastroc.11.88973192_10_.80_snps.txt, /u/home/j/jzou1115/project-zarlab/CFW/confidence_interval_pipeline_out_pruned/finemapping/output_ref/gastroc.11.88973192_10_.95_snps.txt, /u/home/j/jzou1115/project-zarlab/CFW/confidence_interval_pipeline_out_pruned/finemapping/output_ref/gastroc.12.83517483_10_.80_snps.txt, /u/home/j/jzou1115/project-zarlab/CFW/confidence_interval_pipeline_out_pruned/finemapping/output_ref/gastroc.12.83517483_10_.95_snps.txt, /u/home/j/jzou1115/project-zarlab/CFW/confidence_interval_pipeline_out_pruned/finemapping/output_ref/gastroc.2.155856984_10_.80_snps.txt, /u/home/j/jzou1115/project-zarlab/CFW/confidence_interval_pipeline_out_pruned/finemapping/output_ref/gastroc.2.155856984_10_.95_snps.txt, /u/home/j/jzou1115/project-zarlab/CFW/confidence_interval_pipeline_out_pruned/finemapping/output_ref/glucose.1.152192170_10_.80_snps.txt, /u/home/j/jzou1115/project-zarlab/CFW/confidence_interval_pipeline_out_pruned/finemapping/output_ref/glucose.1.152192170_10_.95_snps.txt, /u/home/j/jzou1115/project-zarlab/CFW/confidence_interval_pipeline_out_pruned/finemapping/output_ref/habit.ratio.18.25412656_10_.80_snps.txt, /u/home/j/jzou1115/project-zarlab/CFW/confidence_interval_pipeline_out_pruned/finemapping/output_ref/habit.ratio.18.25412656_10_.95_snps.txt, /u/home/j/jzou1115/project-zarlab/CFW/confidence_interval_pipeline_out_pruned/finemapping/output_ref/plantaris.13.116222549_10_.80_snps.txt, /u/home/j/jzou1115/project-zarlab/CFW/confidence_interval_pipeline_out_pruned/finemapping/output_ref/plantaris.13.116222549_10_.95_snps.txt, /u/home/j/jzou1115/project-zarlab/CFW/confidence_interval_pipeline_out_pruned/finemapping/output_ref/plantaris.2.155812908_10_.80_snps.txt, /u/home/j/jzou1115/project-zarlab/CFW/confidence_interval_pipeline_out_pruned/finemapping/output_ref/plantaris.2.155812908_10_.95_snps.txt, /u/home/j/jzou1115/project-zarlab/CFW/confidence_interval_pipeline_out_pruned/finemapping/output_ref/plantaris.4.85394581_10_.80_snps.txt, /u/home/j/jzou1115/project-zarlab/CFW/confidence_interval_pipeline_out_pruned/finemapping/output_ref/plantaris.4.85394581_10_.95_snps.txt, /u/home/j/jzou1115/project-zarlab/CFW/confidence_interval_pipeline_out_pruned/finemapping/output_ref/plantaris.9.87855594_10_.80_snps.txt, /u/home/j/jzou1115/project-zarlab/CFW/confidence_interval_pipeline_out_pruned/finemapping/output_ref/plantaris.9.87855594_10_.95_snps.txt, /u/home/j/jzou1115/project-zarlab/CFW/confidence_interval_pipeline_out_pruned/finemapping/output_ref/soleus.13.113404971_10_.80_snps.txt, /u/home/j/jzou1115/project-zarlab/CFW/confidence_interval_pipeline_out_pruned/finemapping/output_ref/soleus.13.113404971_10_.95_snps.txt, /u/home/j/jzou1115/project-zarlab/CFW/confidence_interval_pipeline_out_pruned/finemapping/output_ref/soleus.13.114802392_10_.80_snps.txt, /u/home/j/jzou1115/project-zarlab/CFW/confidence_interval_pipeline_out_pruned/finemapping/output_ref/soleus.13.114802392_10_.95_snps.txt, /u/home/j/jzou1115/project-zarlab/CFW/confidence_interval_pipeline_out_pruned/finemapping/output_ref/soleus.13.9242435_10_.80_snps.txt, /u/home/j/jzou1115/project-zarlab/CFW/confidence_interval_pipeline_out_pruned/finemapping/output_ref/soleus.13.9242435_10_.95_snps.txt, /u/home/j/jzou1115/project-zarlab/CFW/confidence_interval_pipeline_out_pruned/finemapping/output_ref/soleus.2.155505679_10_.80_snps.txt, /u/home/j/jzou1115/project-zarlab/CFW/confidence_interval_pipeline_out_pruned/finemapping/output_ref/soleus.2.155505679_10_.95_snps.txt, /u/home/j/jzou1115/project-zarlab/CFW/confidence_interval_pipeline_out_pruned/finemapping/output_ref/soleus.3.15783853_10_.80_snps.txt, /u/home/j/jzou1115/project-zarlab/CFW/confidence_interval_pipeline_out_pruned/finemapping/output_ref/soleus.3.15783853_10_.95_snps.txt, /u/home/j/jzou1115/project-zarlab/CFW/confidence_interval_pipeline_out_pruned/finemapping/output_ref/soleus.6.15600158_10_.80_snps.txt, /u/home/j/jzou1115/project-zarlab/CFW/confidence_interval_pipeline_out_pruned/finemapping/output_ref/soleus.6.15600158_10_.95_snps.txt, /u/home/j/jzou1115/project-zarlab/CFW/confidence_interval_pipeline_out_pruned/finemapping/output_ref/soleus.6.18123198_10_.80_snps.txt, /u/home/j/jzou1115/project-zarlab/CFW/confidence_interval_pipeline_out_pruned/finemapping/output_ref/soleus.6.18123198_10_.95_snps.txt, /u/home/j/jzou1115/project-zarlab/CFW/confidence_interval_pipeline_out_pruned/finemapping/output_ref/tail.length.8.79338858_10_.80_snps.txt, /u/home/j/jzou1115/project-zarlab/CFW/confidence_interval_pipeline_out_pruned/finemapping/output_ref/tail.length.8.79338858_10_.95_snps.txt, /u/home/j/jzou1115/project-zarlab/CFW/confidence_interval_pipeline_out_pruned/finemapping/output_ref/tail.length.8.80905518_10_.80_snps.txt, /u/home/j/jzou1115/project-zarlab/CFW/confidence_interval_pipeline_out_pruned/finemapping/output_ref/tail.length.8.80905518_10_.95_snps.txt, /u/home/j/jzou1115/project-zarlab/CFW/confidence_interval_pipeline_out_pruned/finemapping/output_ref/tail.length.8.81878779_10_.80_snps.txt, /u/home/j/jzou1115/project-zarlab/CFW/confidence_interval_pipeline_out_pruned/finemapping/output_ref/tail.length.8.81878779_10_.95_snps.txt, /u/home/j/jzou1115/project-zarlab/CFW/confidence_interval_pipeline_out_pruned/finemapping/output_ref/tibia.11.32268598_10_.80_snps.txt, /u/home/j/jzou1115/project-zarlab/CFW/confidence_interval_pipeline_out_pruned/finemapping/output_ref/tibia.11.32268598_10_.95_snps.txt, /u/home/j/jzou1115/project-zarlab/CFW/confidence_interval_pipeline_out_pruned/finemapping/output_ref/tibia.11.33440009_10_.80_snps.txt, /u/home/j/jzou1115/project-zarlab/CFW/confidence_interval_pipeline_out_pruned/finemapping/output_ref/tibia.11.33440009_10_.95_snps.txt, /u/home/j/jzou1115/project-zarlab/CFW/confidence_interval_pipeline_out_pruned/finemapping/output_ref/tibia.11.95761488_10_.80_snps.txt, /u/home/j/jzou1115/project-zarlab/CFW/confidence_interval_pipeline_out_pruned/finemapping/output_ref/tibia.11.95761488_10_.95_snps.txt, /u/home/j/jzou1115/project-zarlab/CFW/confidence_interval_pipeline_out_pruned/finemapping/output_ref/tibia.11.96952835_10_.80_snps.txt, /u/home/j/jzou1115/project-zarlab/CFW/confidence_interval_pipeline_out_pruned/finemapping/output_ref/tibia.11.96952835_10_.95_snps.txt, /u/home/j/jzou1115/project-zarlab/CFW/confidence_interval_pipeline_out_pruned/finemapping/output_ref/tibia.12.83514944_10_.80_snps.txt, /u/home/j/jzou1115/project-zarlab/CFW/confidence_interval_pipeline_out_pruned/finemapping/output_ref/tibia.12.83514944_10_.95_snps.txt, /u/home/j/jzou1115/project-zarlab/CFW/confidence_interval_pipeline_out_pruned/finemapping/output_ref/tibia.12.91175287_10_.80_snps.txt, /u/home/j/jzou1115/project-zarlab/CFW/confidence_interval_pipeline_out_pruned/finemapping/output_ref/tibia.12.91175287_10_.95_snps.txt, /u/home/j/jzou1115/project-zarlab/CFW/confidence_interval_pipeline_out_pruned/finemapping/output_ref/tibia.12.91722613_10_.80_snps.txt, /u/home/j/jzou1115/project-zarlab/CFW/confidence_interval_pipeline_out_pruned/finemapping/output_ref/tibia.12.91722613_10_.95_snps.txt, /u/home/j/jzou1115/project-zarlab/CFW/confidence_interval_pipeline_out_pruned/finemapping/output_ref/tibia.15.11500538_10_.80_snps.txt, /u/home/j/jzou1115/project-zarlab/CFW/confidence_interval_pipeline_out_pruned/finemapping/output_ref/tibia.15.11500538_10_.95_snps.txt, /u/home/j/jzou1115/project-zarlab/CFW/confidence_interval_pipeline_out_pruned/finemapping/output_ref/tibia.15.12517342_10_.80_snps.txt, /u/home/j/jzou1115/project-zarlab/CFW/confidence_interval_pipeline_out_pruned/finemapping/output_ref/tibia.15.12517342_10_.95_snps.txt, /u/home/j/jzou1115/project-zarlab/CFW/confidence_interval_pipeline_out_pruned/finemapping/output_ref/tibia.5.39698535_10_.80_snps.txt, /u/home/j/jzou1115/project-zarlab/CFW/confidence_interval_pipeline_out_pruned/finemapping/output_ref/tibia.5.39698535_10_.95_snps.txt, /u/home/j/jzou1115/project-zarlab/CFW/confidence_interval_pipeline_out_pruned/finemapping/output_ref/tibia.5.40708978_10_.80_snps.txt, /u/home/j/jzou1115/project-zarlab/CFW/confidence_interval_pipeline_out_pruned/finemapping/output_ref/tibia.5.40708978_10_.95_snps.txt, /u/home/j/jzou1115/project-zarlab/CFW/confidence_interval_pipeline_out_pruned/finemapping/output_ref/tibia.6.145481081_10_.80_snps.txt, /u/home/j/jzou1115/project-zarlab/CFW/confidence_interval_pipeline_out_pruned/finemapping/output_ref/tibia.6.145481081_10_.95_snps.txt, /u/home/j/jzou1115/project-zarlab/CFW/confidence_interval_pipeline_out_pruned/finemapping/output_ref/tibia.6.147027848_10_.80_snps.txt, /u/home/j/jzou1115/project-zarlab/CFW/confidence_interval_pipeline_out_pruned/finemapping/output_ref/tibia.6.147027848_10_.95_snps.txt, /u/home/j/jzou1115/project-zarlab/CFW/confidence_interval_pipeline_out_pruned/finemapping/output_ref/tibia.6.147721449_10_.80_snps.txt, /u/home/j/jzou1115/project-zarlab/CFW/confidence_interval_pipeline_out_pruned/finemapping/output_ref/tibia.6.147721449_10_.95_snps.txt, /u/home/j/jzou1115/project-zarlab/CFW/confidence_interval_pipeline_out_pruned/finemapping/output_ref/tibia.6.148328439_10_.80_snps.txt, /u/home/j/jzou1115/project-zarlab/CFW/confidence_interval_pipeline_out_pruned/finemapping/output_ref/tibia.6.148328439_10_.95_snps.txt, /u/home/j/jzou1115/project-zarlab/CFW/confidence_interval_pipeline_out_pruned/finemapping/output_ref/tibia.9.80408302_10_.80_snps.txt, /u/home/j/jzou1115/project-zarlab/CFW/confidence_interval_pipeline_out_pruned/finemapping/output_ref/tibia.9.80408302_10_.95_snps.txt, /u/home/j/jzou1115/project-zarlab/CFW/confidence_interval_pipeline_out_pruned/finemapping/output_ref/tibia.9.81411377_10_.80_snps.txt, /u/home/j/jzou1115/project-zarlab/CFW/confidence_interval_pipeline_out_pruned/finemapping/output_ref/tibia.9.81411377_10_.95_snps.txt, /u/home/j/jzou1115/project-zarlab/CFW/confidence_interval_pipeline_out_pruned/finemapping/output_ref/tibia.9.83150389_10_.80_snps.txt, /u/home/j/jzou1115/project-zarlab/CFW/confidence_interval_pipeline_out_pruned/finemapping/output_ref/tibia.9.83150389_10_.95_snps.txt, /u/home/j/jzou1115/project-zarlab/CFW/confidence_interval_pipeline_out_pruned/finemapping/output_ref/tibia.9.85054834_10_.80_snps.txt, /u/home/j/jzou1115/project-zarlab/CFW/confidence_interval_pipeline_out_pruned/finemapping/output_ref/tibia.9.85054834_10_.95_snps.txt, /u/home/j/jzou1115/project-zarlab/CFW/confidence_interval_pipeline_out_pruned/finemapping/output_ref/weight.bmi.tibia.12.83323871_10_.80_snps.txt, /u/home/j/jzou1115/project-zarlab/CFW/confidence_interval_pipeline_out_pruned/finemapping/output_ref/weight.bmi.tibia.12.83323871_10_.95_snps.txt, /u/home/j/jzou1115/project-zarlab/CFW/confidence_interval_pipeline_out_pruned/finemapping/output_ref/weight.bmi.tibia.13.5655594_10_.80_snps.txt, /u/home/j/jzou1115/project-zarlab/CFW/confidence_interval_pipeline_out_pruned/finemapping/output_ref/weight.bmi.tibia.13.5655594_10_.95_snps.txt, /u/home/j/jzou1115/project-zarlab/CFW/confidence_interval_pipeline_out_pruned/finemapping/output_ref/weight.bmi.tibia.13.8924722_10_.80_snps.txt, /u/home/j/jzou1115/project-zarlab/CFW/confidence_interval_pipeline_out_pruned/finemapping/output_ref/weight.bmi.tibia.13.8924722_10_.95_snps.txt, /u/home/j/jzou1115/project-zarlab/CFW/confidence_interval_pipeline_out_pruned/finemapping/output_ref/weight.bmi.tibia.17.34013675_10_.80_snps.txt, /u/home/j/jzou1115/project-zarlab/CFW/confidence_interval_pipeline_out_pruned/finemapping/output_ref/weight.bmi.tibia.17.34013675_10_.95_snps.txt, /u/home/j/jzou1115/project-zarlab/CFW/confidence_interval_pipeline_out_pruned/finemapping/output_ref/weight.bmi.tibia.17.34822977_10_.80_snps.txt, /u/home/j/jzou1115/project-zarlab/CFW/confidence_interval_pipeline_out_pruned/finemapping/output_ref/weight.bmi.tibia.17.34822977_10_.95_snps.txt, /u/home/j/jzou1115/project-zarlab/CFW/confidence_interval_pipeline_out_pruned/finemapping/output_ref/weight.bmi.tibia.2.153707637_10_.80_snps.txt, /u/home/j/jzou1115/project-zarlab/CFW/confidence_interval_pipeline_out_pruned/finemapping/output_ref/weight.bmi.tibia.2.153707637_10_.95_snps.txt, /u/home/j/jzou1115/project-zarlab/CFW/confidence_interval_pipeline_out_pruned/finemapping/output_ref/weight.13.9217096_10_.80_snps.txt, /u/home/j/jzou1115/project-zarlab/CFW/confidence_interval_pipeline_out_pruned/finemapping/output_ref/weight.13.9217096_10_.95_snps.txt, /u/home/j/jzou1115/project-zarlab/CFW/confidence_interval_pipeline_out_pruned/finemapping/output_ref/weight.17.34013000_10_.80_snps.txt, /u/home/j/jzou1115/project-zarlab/CFW/confidence_interval_pipeline_out_pruned/finemapping/output_ref/weight.17.34013000_10_.95_snps.txt, /u/home/j/jzou1115/project-zarlab/CFW/confidence_interval_pipeline_out_pruned/finemapping/output_ref/weight.17.34900243_10_.80_snps.txt, /u/home/j/jzou1115/project-zarlab/CFW/confidence_interval_pipeline_out_pruned/finemapping/output_ref/weight.17.34900243_10_.95_snps.txt, /u/home/j/jzou1115/project-zarlab/CFW/confidence_interval_pipeline_out_pruned/finemapping/output_ref/weight.17.37094289_10_.80_snps.txt, /u/home/j/jzou1115/project-zarlab/CFW/confidence_interval_pipeline_out_pruned/finemapping/output_ref/weight.17.37094289_10_.95_snps.txt
    jobid: 0

[Wed Jan 20 21:08:26 2021]
Finished job 0.
21 of 21 steps (100%) done
Complete log: /u/project/zarlab/jzou1115/CFW/MegaAnalysis_CFW_Code/confidence_interval_pipeline_pruned/.snakemake/log/2021-01-20T210650.376949.snakemake.log
