Building DAG of jobs...
Using shell: /bin/bash
Provided cores: 1 (use --cores to define parallelism)
Rules claiming more threads will be scaled down.
Job counts:
	count	jobs
	1	all
	195	run_susier_ref
	196
Select jobs to execute...

[Wed Jan 20 14:45:37 2021]
rule run_susier_ref:
    input: /u/home/j/jzou1115/project-zarlab/CFW/confidence_interval_pipeline_out_pruned_ox_redo/finemapping/input/plantaris.9.88395083_pruned_sorted.z, /u/home/j/jzou1115/project-zarlab/CFW/confidence_interval_pipeline_out_pruned_ox_redo/finemapping/input/plantaris.9.88395083_pruned_sorted.ld
    output: /u/home/j/jzou1115/project-zarlab/CFW/confidence_interval_pipeline_out_pruned_ox_redo/finemapping/output_ref/plantaris.9.88395083_10_.95.RData, /u/home/j/jzou1115/project-zarlab/CFW/confidence_interval_pipeline_out_pruned_ox_redo/finemapping/output_ref/plantaris.9.88395083_10_.95.png, /u/home/j/jzou1115/project-zarlab/CFW/confidence_interval_pipeline_out_pruned_ox_redo/finemapping/output_ref/plantaris.9.88395083_10_.95_snps.txt
    jobid: 197
    wildcards: q=plantaris.9.88395083, l=10, cov=.95

[Wed Jan 20 14:45:42 2021]
Finished job 197.
1 of 196 steps (0.51%) done
Select jobs to execute...

[Wed Jan 20 14:45:42 2021]
rule run_susier_ref:
    input: /u/home/j/jzou1115/project-zarlab/CFW/confidence_interval_pipeline_out_pruned_ox_redo/finemapping/input/tibia.6.147694054_pruned_sorted.z, /u/home/j/jzou1115/project-zarlab/CFW/confidence_interval_pipeline_out_pruned_ox_redo/finemapping/input/tibia.6.147694054_pruned_sorted.ld
    output: /u/home/j/jzou1115/project-zarlab/CFW/confidence_interval_pipeline_out_pruned_ox_redo/finemapping/output_ref/tibia.6.147694054_10_.95.RData, /u/home/j/jzou1115/project-zarlab/CFW/confidence_interval_pipeline_out_pruned_ox_redo/finemapping/output_ref/tibia.6.147694054_10_.95.png, /u/home/j/jzou1115/project-zarlab/CFW/confidence_interval_pipeline_out_pruned_ox_redo/finemapping/output_ref/tibia.6.147694054_10_.95_snps.txt
    jobid: 239
    wildcards: q=tibia.6.147694054, l=10, cov=.95

[Wed Jan 20 14:45:45 2021]
Finished job 239.
2 of 196 steps (1%) done
Select jobs to execute...

[Wed Jan 20 14:45:45 2021]
rule run_susier_ref:
    input: /u/home/j/jzou1115/project-zarlab/CFW/confidence_interval_pipeline_out_pruned_ox_redo/finemapping/input/activity.begin.4.118423228_pruned_sorted.z, /u/home/j/jzou1115/project-zarlab/CFW/confidence_interval_pipeline_out_pruned_ox_redo/finemapping/input/activity.begin.4.118423228_pruned_sorted.ld
    output: /u/home/j/jzou1115/project-zarlab/CFW/confidence_interval_pipeline_out_pruned_ox_redo/finemapping/output_ref/activity.begin.4.118423228_10_.95.RData, /u/home/j/jzou1115/project-zarlab/CFW/confidence_interval_pipeline_out_pruned_ox_redo/finemapping/output_ref/activity.begin.4.118423228_10_.95.png, /u/home/j/jzou1115/project-zarlab/CFW/confidence_interval_pipeline_out_pruned_ox_redo/finemapping/output_ref/activity.begin.4.118423228_10_.95_snps.txt
    jobid: 86
    wildcards: q=activity.begin.4.118423228, l=10, cov=.95

[Wed Jan 20 14:45:52 2021]
Finished job 86.
3 of 196 steps (2%) done
Select jobs to execute...

[Wed Jan 20 14:45:52 2021]
rule run_susier_ref:
    input: /u/home/j/jzou1115/project-zarlab/CFW/confidence_interval_pipeline_out_pruned_ox_redo/finemapping/input/fc.context.corr.1.105077546_pruned_sorted.z, /u/home/j/jzou1115/project-zarlab/CFW/confidence_interval_pipeline_out_pruned_ox_redo/finemapping/input/fc.context.corr.1.105077546_pruned_sorted.ld
    output: /u/home/j/jzou1115/project-zarlab/CFW/confidence_interval_pipeline_out_pruned_ox_redo/finemapping/output_ref/fc.context.corr.1.105077546_10_.75.RData, /u/home/j/jzou1115/project-zarlab/CFW/confidence_interval_pipeline_out_pruned_ox_redo/finemapping/output_ref/fc.context.corr.1.105077546_10_.75.png, /u/home/j/jzou1115/project-zarlab/CFW/confidence_interval_pipeline_out_pruned_ox_redo/finemapping/output_ref/fc.context.corr.1.105077546_10_.75_snps.txt
    jobid: 183
    wildcards: q=fc.context.corr.1.105077546, l=10, cov=.75

[Wed Jan 20 14:45:55 2021]
Finished job 183.
4 of 196 steps (2%) done
Select jobs to execute...

[Wed Jan 20 14:45:55 2021]
rule run_susier_ref:
    input: /u/home/j/jzou1115/project-zarlab/CFW/confidence_interval_pipeline_out_pruned_ox_redo/finemapping/input/activity.middle.13.7162931_pruned_sorted.z, /u/home/j/jzou1115/project-zarlab/CFW/confidence_interval_pipeline_out_pruned_ox_redo/finemapping/input/activity.middle.13.7162931_pruned_sorted.ld
    output: /u/home/j/jzou1115/project-zarlab/CFW/confidence_interval_pipeline_out_pruned_ox_redo/finemapping/output_ref/activity.middle.13.7162931_10_.80.RData, /u/home/j/jzou1115/project-zarlab/CFW/confidence_interval_pipeline_out_pruned_ox_redo/finemapping/output_ref/activity.middle.13.7162931_10_.80.png, /u/home/j/jzou1115/project-zarlab/CFW/confidence_interval_pipeline_out_pruned_ox_redo/finemapping/output_ref/activity.middle.13.7162931_10_.80_snps.txt
    jobid: 100
    wildcards: q=activity.middle.13.7162931, l=10, cov=.80

[Wed Jan 20 14:45:59 2021]
Finished job 100.
5 of 196 steps (3%) done
Select jobs to execute...

[Wed Jan 20 14:45:59 2021]
rule run_susier_ref:
    input: /u/home/j/jzou1115/project-zarlab/CFW/confidence_interval_pipeline_out_pruned_ox_redo/finemapping/input/bmd.n.11.96861296_pruned_sorted.z, /u/home/j/jzou1115/project-zarlab/CFW/confidence_interval_pipeline_out_pruned_ox_redo/finemapping/input/bmd.n.11.96861296_pruned_sorted.ld
    output: /u/home/j/jzou1115/project-zarlab/CFW/confidence_interval_pipeline_out_pruned_ox_redo/finemapping/output_ref/bmd.n.11.96861296_10_.95.RData, /u/home/j/jzou1115/project-zarlab/CFW/confidence_interval_pipeline_out_pruned_ox_redo/finemapping/output_ref/bmd.n.11.96861296_10_.95.png, /u/home/j/jzou1115/project-zarlab/CFW/confidence_interval_pipeline_out_pruned_ox_redo/finemapping/output_ref/bmd.n.11.96861296_10_.95_snps.txt
    jobid: 155
    wildcards: q=bmd.n.11.96861296, l=10, cov=.95

[Wed Jan 20 14:46:04 2021]
Finished job 155.
6 of 196 steps (3%) done
Select jobs to execute...

[Wed Jan 20 14:46:04 2021]
rule run_susier_ref:
    input: /u/home/j/jzou1115/project-zarlab/CFW/confidence_interval_pipeline_out_pruned_ox_redo/finemapping/input/bmd.n.18.38930957_pruned_sorted.z, /u/home/j/jzou1115/project-zarlab/CFW/confidence_interval_pipeline_out_pruned_ox_redo/finemapping/input/bmd.n.18.38930957_pruned_sorted.ld
    output: /u/home/j/jzou1115/project-zarlab/CFW/confidence_interval_pipeline_out_pruned_ox_redo/finemapping/output_ref/bmd.n.18.38930957_10_.75.RData, /u/home/j/jzou1115/project-zarlab/CFW/confidence_interval_pipeline_out_pruned_ox_redo/finemapping/output_ref/bmd.n.18.38930957_10_.75.png, /u/home/j/jzou1115/project-zarlab/CFW/confidence_interval_pipeline_out_pruned_ox_redo/finemapping/output_ref/bmd.n.18.38930957_10_.75_snps.txt
    jobid: 156
    wildcards: q=bmd.n.18.38930957, l=10, cov=.75

[Wed Jan 20 14:46:13 2021]
Finished job 156.
7 of 196 steps (4%) done
Select jobs to execute...

[Wed Jan 20 14:46:13 2021]
rule run_susier_ref:
    input: /u/home/j/jzou1115/project-zarlab/CFW/confidence_interval_pipeline_out_pruned_ox_redo/finemapping/input/activity.middle.13.7162931_pruned_sorted.z, /u/home/j/jzou1115/project-zarlab/CFW/confidence_interval_pipeline_out_pruned_ox_redo/finemapping/input/activity.middle.13.7162931_pruned_sorted.ld
    output: /u/home/j/jzou1115/project-zarlab/CFW/confidence_interval_pipeline_out_pruned_ox_redo/finemapping/output_ref/activity.middle.13.7162931_10_.75.RData, /u/home/j/jzou1115/project-zarlab/CFW/confidence_interval_pipeline_out_pruned_ox_redo/finemapping/output_ref/activity.middle.13.7162931_10_.75.png, /u/home/j/jzou1115/project-zarlab/CFW/confidence_interval_pipeline_out_pruned_ox_redo/finemapping/output_ref/activity.middle.13.7162931_10_.75_snps.txt
    jobid: 99
    wildcards: q=activity.middle.13.7162931, l=10, cov=.75

[Wed Jan 20 14:46:17 2021]
Finished job 99.
8 of 196 steps (4%) done
Select jobs to execute...

[Wed Jan 20 14:46:17 2021]
rule run_susier_ref:
    input: /u/home/j/jzou1115/project-zarlab/CFW/confidence_interval_pipeline_out_pruned_ox_redo/finemapping/input/fc.context.corr.1.105077546_pruned_sorted.z, /u/home/j/jzou1115/project-zarlab/CFW/confidence_interval_pipeline_out_pruned_ox_redo/finemapping/input/fc.context.corr.1.105077546_pruned_sorted.ld
    output: /u/home/j/jzou1115/project-zarlab/CFW/confidence_interval_pipeline_out_pruned_ox_redo/finemapping/output_ref/fc.context.corr.1.105077546_10_.80.RData, /u/home/j/jzou1115/project-zarlab/CFW/confidence_interval_pipeline_out_pruned_ox_redo/finemapping/output_ref/fc.context.corr.1.105077546_10_.80.png, /u/home/j/jzou1115/project-zarlab/CFW/confidence_interval_pipeline_out_pruned_ox_redo/finemapping/output_ref/fc.context.corr.1.105077546_10_.80_snps.txt
    jobid: 184
    wildcards: q=fc.context.corr.1.105077546, l=10, cov=.80

[Wed Jan 20 14:46:20 2021]
Finished job 184.
9 of 196 steps (5%) done
Select jobs to execute...

[Wed Jan 20 14:46:20 2021]
rule run_susier_ref:
    input: /u/home/j/jzou1115/project-zarlab/CFW/confidence_interval_pipeline_out_pruned_ox_redo/finemapping/input/soleus.13.113404971_pruned_sorted.z, /u/home/j/jzou1115/project-zarlab/CFW/confidence_interval_pipeline_out_pruned_ox_redo/finemapping/input/soleus.13.113404971_pruned_sorted.ld
    output: /u/home/j/jzou1115/project-zarlab/CFW/confidence_interval_pipeline_out_pruned_ox_redo/finemapping/output_ref/soleus.13.113404971_10_.75.RData, /u/home/j/jzou1115/project-zarlab/CFW/confidence_interval_pipeline_out_pruned_ox_redo/finemapping/output_ref/soleus.13.113404971_10_.75.png, /u/home/j/jzou1115/project-zarlab/CFW/confidence_interval_pipeline_out_pruned_ox_redo/finemapping/output_ref/soleus.13.113404971_10_.75_snps.txt
    jobid: 198
    wildcards: q=soleus.13.113404971, l=10, cov=.75

[Wed Jan 20 14:46:24 2021]
Finished job 198.
10 of 196 steps (5%) done
Select jobs to execute...

[Wed Jan 20 14:46:24 2021]
rule run_susier_ref:
    input: /u/home/j/jzou1115/project-zarlab/CFW/confidence_interval_pipeline_out_pruned_ox_redo/finemapping/input/tibia.9.80970139_pruned_sorted.z, /u/home/j/jzou1115/project-zarlab/CFW/confidence_interval_pipeline_out_pruned_ox_redo/finemapping/input/tibia.9.80970139_pruned_sorted.ld
    output: /u/home/j/jzou1115/project-zarlab/CFW/confidence_interval_pipeline_out_pruned_ox_redo/finemapping/output_ref/tibia.9.80970139_10_.75.RData, /u/home/j/jzou1115/project-zarlab/CFW/confidence_interval_pipeline_out_pruned_ox_redo/finemapping/output_ref/tibia.9.80970139_10_.75.png, /u/home/j/jzou1115/project-zarlab/CFW/confidence_interval_pipeline_out_pruned_ox_redo/finemapping/output_ref/tibia.9.80970139_10_.75_snps.txt
    jobid: 240
    wildcards: q=tibia.9.80970139, l=10, cov=.75

[Wed Jan 20 14:46:30 2021]
Finished job 240.
11 of 196 steps (6%) done
Select jobs to execute...

[Wed Jan 20 14:46:30 2021]
rule run_susier_ref:
    input: /u/home/j/jzou1115/project-zarlab/CFW/confidence_interval_pipeline_out_pruned_ox_redo/finemapping/input/basal.activity.13.8211378_pruned_sorted.z, /u/home/j/jzou1115/project-zarlab/CFW/confidence_interval_pipeline_out_pruned_ox_redo/finemapping/input/basal.activity.13.8211378_pruned_sorted.ld
    output: /u/home/j/jzou1115/project-zarlab/CFW/confidence_interval_pipeline_out_pruned_ox_redo/finemapping/output_ref/basal.activity.13.8211378_10_.75.RData, /u/home/j/jzou1115/project-zarlab/CFW/confidence_interval_pipeline_out_pruned_ox_redo/finemapping/output_ref/basal.activity.13.8211378_10_.75.png, /u/home/j/jzou1115/project-zarlab/CFW/confidence_interval_pipeline_out_pruned_ox_redo/finemapping/output_ref/basal.activity.13.8211378_10_.75_snps.txt
    jobid: 135
    wildcards: q=basal.activity.13.8211378, l=10, cov=.75

[Wed Jan 20 14:46:33 2021]
Finished job 135.
12 of 196 steps (6%) done
Select jobs to execute...

[Wed Jan 20 14:46:33 2021]
rule run_susier_ref:
    input: /u/home/j/jzou1115/project-zarlab/CFW/confidence_interval_pipeline_out_pruned_ox_redo/finemapping/input/bmd.11.91691893_pruned_sorted.z, /u/home/j/jzou1115/project-zarlab/CFW/confidence_interval_pipeline_out_pruned_ox_redo/finemapping/input/bmd.11.91691893_pruned_sorted.ld
    output: /u/home/j/jzou1115/project-zarlab/CFW/confidence_interval_pipeline_out_pruned_ox_redo/finemapping/output_ref/bmd.11.91691893_10_.80.RData, /u/home/j/jzou1115/project-zarlab/CFW/confidence_interval_pipeline_out_pruned_ox_redo/finemapping/output_ref/bmd.11.91691893_10_.80.png, /u/home/j/jzou1115/project-zarlab/CFW/confidence_interval_pipeline_out_pruned_ox_redo/finemapping/output_ref/bmd.11.91691893_10_.80_snps.txt
    jobid: 163
    wildcards: q=bmd.11.91691893, l=10, cov=.80

[Wed Jan 20 14:46:38 2021]
Finished job 163.
13 of 196 steps (7%) done
Select jobs to execute...

[Wed Jan 20 14:46:38 2021]
rule run_susier_ref:
    input: /u/home/j/jzou1115/project-zarlab/CFW/confidence_interval_pipeline_out_pruned_ox_redo/finemapping/input/activity.middle.13.7162931_pruned_sorted.z, /u/home/j/jzou1115/project-zarlab/CFW/confidence_interval_pipeline_out_pruned_ox_redo/finemapping/input/activity.middle.13.7162931_pruned_sorted.ld
    output: /u/home/j/jzou1115/project-zarlab/CFW/confidence_interval_pipeline_out_pruned_ox_redo/finemapping/output_ref/activity.middle.13.7162931_10_.95.RData, /u/home/j/jzou1115/project-zarlab/CFW/confidence_interval_pipeline_out_pruned_ox_redo/finemapping/output_ref/activity.middle.13.7162931_10_.95.png, /u/home/j/jzou1115/project-zarlab/CFW/confidence_interval_pipeline_out_pruned_ox_redo/finemapping/output_ref/activity.middle.13.7162931_10_.95_snps.txt
    jobid: 101
    wildcards: q=activity.middle.13.7162931, l=10, cov=.95

[Wed Jan 20 14:46:43 2021]
Finished job 101.
14 of 196 steps (7%) done
Select jobs to execute...

[Wed Jan 20 14:46:43 2021]
rule run_susier_ref:
    input: /u/home/j/jzou1115/project-zarlab/CFW/confidence_interval_pipeline_out_pruned_ox_redo/finemapping/input/bmd.n.18.38930957_pruned_sorted.z, /u/home/j/jzou1115/project-zarlab/CFW/confidence_interval_pipeline_out_pruned_ox_redo/finemapping/input/bmd.n.18.38930957_pruned_sorted.ld
    output: /u/home/j/jzou1115/project-zarlab/CFW/confidence_interval_pipeline_out_pruned_ox_redo/finemapping/output_ref/bmd.n.18.38930957_10_.80.RData, /u/home/j/jzou1115/project-zarlab/CFW/confidence_interval_pipeline_out_pruned_ox_redo/finemapping/output_ref/bmd.n.18.38930957_10_.80.png, /u/home/j/jzou1115/project-zarlab/CFW/confidence_interval_pipeline_out_pruned_ox_redo/finemapping/output_ref/bmd.n.18.38930957_10_.80_snps.txt
    jobid: 157
    wildcards: q=bmd.n.18.38930957, l=10, cov=.80

[Wed Jan 20 14:46:46 2021]
Finished job 157.
15 of 196 steps (8%) done
Select jobs to execute...

[Wed Jan 20 14:46:46 2021]
rule run_susier_ref:
    input: /u/home/j/jzou1115/project-zarlab/CFW/confidence_interval_pipeline_out_pruned_ox_redo/finemapping/input/activity.end.13.6469139_pruned_sorted.z, /u/home/j/jzou1115/project-zarlab/CFW/confidence_interval_pipeline_out_pruned_ox_redo/finemapping/input/activity.end.13.6469139_pruned_sorted.ld
    output: /u/home/j/jzou1115/project-zarlab/CFW/confidence_interval_pipeline_out_pruned_ox_redo/finemapping/output_ref/activity.end.13.6469139_10_.75.RData, /u/home/j/jzou1115/project-zarlab/CFW/confidence_interval_pipeline_out_pruned_ox_redo/finemapping/output_ref/activity.end.13.6469139_10_.75.png, /u/home/j/jzou1115/project-zarlab/CFW/confidence_interval_pipeline_out_pruned_ox_redo/finemapping/output_ref/activity.end.13.6469139_10_.75_snps.txt
    jobid: 87
    wildcards: q=activity.end.13.6469139, l=10, cov=.75

[Wed Jan 20 14:46:52 2021]
Finished job 87.
16 of 196 steps (8%) done
Select jobs to execute...

[Wed Jan 20 14:46:52 2021]
rule run_susier_ref:
    input: /u/home/j/jzou1115/project-zarlab/CFW/confidence_interval_pipeline_out_pruned_ox_redo/finemapping/input/fc.context.corr.1.105077546_pruned_sorted.z, /u/home/j/jzou1115/project-zarlab/CFW/confidence_interval_pipeline_out_pruned_ox_redo/finemapping/input/fc.context.corr.1.105077546_pruned_sorted.ld
    output: /u/home/j/jzou1115/project-zarlab/CFW/confidence_interval_pipeline_out_pruned_ox_redo/finemapping/output_ref/fc.context.corr.1.105077546_10_.95.RData, /u/home/j/jzou1115/project-zarlab/CFW/confidence_interval_pipeline_out_pruned_ox_redo/finemapping/output_ref/fc.context.corr.1.105077546_10_.95.png, /u/home/j/jzou1115/project-zarlab/CFW/confidence_interval_pipeline_out_pruned_ox_redo/finemapping/output_ref/fc.context.corr.1.105077546_10_.95_snps.txt
    jobid: 185
    wildcards: q=fc.context.corr.1.105077546, l=10, cov=.95

[Wed Jan 20 14:46:55 2021]
Finished job 185.
17 of 196 steps (9%) done
Select jobs to execute...

[Wed Jan 20 14:46:55 2021]
rule run_susier_ref:
    input: /u/home/j/jzou1115/project-zarlab/CFW/confidence_interval_pipeline_out_pruned_ox_redo/finemapping/input/soleus.13.113404971_pruned_sorted.z, /u/home/j/jzou1115/project-zarlab/CFW/confidence_interval_pipeline_out_pruned_ox_redo/finemapping/input/soleus.13.113404971_pruned_sorted.ld
    output: /u/home/j/jzou1115/project-zarlab/CFW/confidence_interval_pipeline_out_pruned_ox_redo/finemapping/output_ref/soleus.13.113404971_10_.80.RData, /u/home/j/jzou1115/project-zarlab/CFW/confidence_interval_pipeline_out_pruned_ox_redo/finemapping/output_ref/soleus.13.113404971_10_.80.png, /u/home/j/jzou1115/project-zarlab/CFW/confidence_interval_pipeline_out_pruned_ox_redo/finemapping/output_ref/soleus.13.113404971_10_.80_snps.txt
    jobid: 199
    wildcards: q=soleus.13.113404971, l=10, cov=.80

[Wed Jan 20 14:46:59 2021]
Finished job 199.
18 of 196 steps (9%) done
Select jobs to execute...

[Wed Jan 20 14:47:00 2021]
rule run_susier_ref:
    input: /u/home/j/jzou1115/project-zarlab/CFW/confidence_interval_pipeline_out_pruned_ox_redo/finemapping/input/tibia.9.80970139_pruned_sorted.z, /u/home/j/jzou1115/project-zarlab/CFW/confidence_interval_pipeline_out_pruned_ox_redo/finemapping/input/tibia.9.80970139_pruned_sorted.ld
    output: /u/home/j/jzou1115/project-zarlab/CFW/confidence_interval_pipeline_out_pruned_ox_redo/finemapping/output_ref/tibia.9.80970139_10_.80.RData, /u/home/j/jzou1115/project-zarlab/CFW/confidence_interval_pipeline_out_pruned_ox_redo/finemapping/output_ref/tibia.9.80970139_10_.80.png, /u/home/j/jzou1115/project-zarlab/CFW/confidence_interval_pipeline_out_pruned_ox_redo/finemapping/output_ref/tibia.9.80970139_10_.80_snps.txt
    jobid: 241
    wildcards: q=tibia.9.80970139, l=10, cov=.80

[Wed Jan 20 14:47:05 2021]
Finished job 241.
19 of 196 steps (10%) done
Select jobs to execute...

[Wed Jan 20 14:47:05 2021]
rule run_susier_ref:
    input: /u/home/j/jzou1115/project-zarlab/CFW/confidence_interval_pipeline_out_pruned_ox_redo/finemapping/input/activity.begin.4.118423228_pruned_sorted.z, /u/home/j/jzou1115/project-zarlab/CFW/confidence_interval_pipeline_out_pruned_ox_redo/finemapping/input/activity.begin.4.118423228_pruned_sorted.ld
    output: /u/home/j/jzou1115/project-zarlab/CFW/confidence_interval_pipeline_out_pruned_ox_redo/finemapping/output_ref/activity.begin.4.118423228_10_.80.RData, /u/home/j/jzou1115/project-zarlab/CFW/confidence_interval_pipeline_out_pruned_ox_redo/finemapping/output_ref/activity.begin.4.118423228_10_.80.png, /u/home/j/jzou1115/project-zarlab/CFW/confidence_interval_pipeline_out_pruned_ox_redo/finemapping/output_ref/activity.begin.4.118423228_10_.80_snps.txt
    jobid: 85
    wildcards: q=activity.begin.4.118423228, l=10, cov=.80

[Wed Jan 20 14:47:10 2021]
Finished job 85.
20 of 196 steps (10%) done
Select jobs to execute...

[Wed Jan 20 14:47:14 2021]
rule run_susier_ref:
    input: /u/home/j/jzou1115/project-zarlab/CFW/confidence_interval_pipeline_out_pruned_ox_redo/finemapping/input/activity.end.13.6469139_pruned_sorted.z, /u/home/j/jzou1115/project-zarlab/CFW/confidence_interval_pipeline_out_pruned_ox_redo/finemapping/input/activity.end.13.6469139_pruned_sorted.ld
    output: /u/home/j/jzou1115/project-zarlab/CFW/confidence_interval_pipeline_out_pruned_ox_redo/finemapping/output_ref/activity.end.13.6469139_10_.80.RData, /u/home/j/jzou1115/project-zarlab/CFW/confidence_interval_pipeline_out_pruned_ox_redo/finemapping/output_ref/activity.end.13.6469139_10_.80.png, /u/home/j/jzou1115/project-zarlab/CFW/confidence_interval_pipeline_out_pruned_ox_redo/finemapping/output_ref/activity.end.13.6469139_10_.80_snps.txt
    jobid: 88
    wildcards: q=activity.end.13.6469139, l=10, cov=.80

[Wed Jan 20 14:47:20 2021]
Finished job 88.
21 of 196 steps (11%) done
Select jobs to execute...

[Wed Jan 20 14:47:20 2021]
rule run_susier_ref:
    input: /u/home/j/jzou1115/project-zarlab/CFW/confidence_interval_pipeline_out_pruned_ox_redo/finemapping/input/tibia.6.147694054_pruned_sorted.z, /u/home/j/jzou1115/project-zarlab/CFW/confidence_interval_pipeline_out_pruned_ox_redo/finemapping/input/tibia.6.147694054_pruned_sorted.ld
    output: /u/home/j/jzou1115/project-zarlab/CFW/confidence_interval_pipeline_out_pruned_ox_redo/finemapping/output_ref/tibia.6.147694054_10_.80.RData, /u/home/j/jzou1115/project-zarlab/CFW/confidence_interval_pipeline_out_pruned_ox_redo/finemapping/output_ref/tibia.6.147694054_10_.80.png, /u/home/j/jzou1115/project-zarlab/CFW/confidence_interval_pipeline_out_pruned_ox_redo/finemapping/output_ref/tibia.6.147694054_10_.80_snps.txt
    jobid: 238
    wildcards: q=tibia.6.147694054, l=10, cov=.80

[Wed Jan 20 14:47:23 2021]
Finished job 238.
22 of 196 steps (11%) done
Select jobs to execute...

[Wed Jan 20 14:47:23 2021]
rule run_susier_ref:
    input: /u/home/j/jzou1115/project-zarlab/CFW/confidence_interval_pipeline_out_pruned_ox_redo/finemapping/input/activity.middle.13.8211378_pruned_sorted.z, /u/home/j/jzou1115/project-zarlab/CFW/confidence_interval_pipeline_out_pruned_ox_redo/finemapping/input/activity.middle.13.8211378_pruned_sorted.ld
    output: /u/home/j/jzou1115/project-zarlab/CFW/confidence_interval_pipeline_out_pruned_ox_redo/finemapping/output_ref/activity.middle.13.8211378_10_.75.RData, /u/home/j/jzou1115/project-zarlab/CFW/confidence_interval_pipeline_out_pruned_ox_redo/finemapping/output_ref/activity.middle.13.8211378_10_.75.png, /u/home/j/jzou1115/project-zarlab/CFW/confidence_interval_pipeline_out_pruned_ox_redo/finemapping/output_ref/activity.middle.13.8211378_10_.75_snps.txt
    jobid: 102
    wildcards: q=activity.middle.13.8211378, l=10, cov=.75

[Wed Jan 20 14:47:27 2021]
Finished job 102.
23 of 196 steps (12%) done
Select jobs to execute...

[Wed Jan 20 14:47:27 2021]
rule run_susier_ref:
    input: /u/home/j/jzou1115/project-zarlab/CFW/confidence_interval_pipeline_out_pruned_ox_redo/finemapping/input/plantaris.9.88395083_pruned_sorted.z, /u/home/j/jzou1115/project-zarlab/CFW/confidence_interval_pipeline_out_pruned_ox_redo/finemapping/input/plantaris.9.88395083_pruned_sorted.ld
    output: /u/home/j/jzou1115/project-zarlab/CFW/confidence_interval_pipeline_out_pruned_ox_redo/finemapping/output_ref/plantaris.9.88395083_10_.80.RData, /u/home/j/jzou1115/project-zarlab/CFW/confidence_interval_pipeline_out_pruned_ox_redo/finemapping/output_ref/plantaris.9.88395083_10_.80.png, /u/home/j/jzou1115/project-zarlab/CFW/confidence_interval_pipeline_out_pruned_ox_redo/finemapping/output_ref/plantaris.9.88395083_10_.80_snps.txt
    jobid: 196
    wildcards: q=plantaris.9.88395083, l=10, cov=.80

[Wed Jan 20 14:47:30 2021]
Finished job 196.
24 of 196 steps (12%) done
Select jobs to execute...

[Wed Jan 20 14:47:30 2021]
rule run_susier_ref:
    input: /u/home/j/jzou1115/project-zarlab/CFW/confidence_interval_pipeline_out_pruned_ox_redo/finemapping/input/bmd.n.18.38930957_pruned_sorted.z, /u/home/j/jzou1115/project-zarlab/CFW/confidence_interval_pipeline_out_pruned_ox_redo/finemapping/input/bmd.n.18.38930957_pruned_sorted.ld
    output: /u/home/j/jzou1115/project-zarlab/CFW/confidence_interval_pipeline_out_pruned_ox_redo/finemapping/output_ref/bmd.n.18.38930957_10_.95.RData, /u/home/j/jzou1115/project-zarlab/CFW/confidence_interval_pipeline_out_pruned_ox_redo/finemapping/output_ref/bmd.n.18.38930957_10_.95.png, /u/home/j/jzou1115/project-zarlab/CFW/confidence_interval_pipeline_out_pruned_ox_redo/finemapping/output_ref/bmd.n.18.38930957_10_.95_snps.txt
    jobid: 158
    wildcards: q=bmd.n.18.38930957, l=10, cov=.95

[Wed Jan 20 14:47:34 2021]
Finished job 158.
25 of 196 steps (13%) done
Select jobs to execute...

[Wed Jan 20 14:47:34 2021]
rule run_susier_ref:
    input: /u/home/j/jzou1115/project-zarlab/CFW/confidence_interval_pipeline_out_pruned_ox_redo/finemapping/input/gastroc.11.89084369_pruned_sorted.z, /u/home/j/jzou1115/project-zarlab/CFW/confidence_interval_pipeline_out_pruned_ox_redo/finemapping/input/gastroc.11.89084369_pruned_sorted.ld
    output: /u/home/j/jzou1115/project-zarlab/CFW/confidence_interval_pipeline_out_pruned_ox_redo/finemapping/output_ref/gastroc.11.89084369_10_.75.RData, /u/home/j/jzou1115/project-zarlab/CFW/confidence_interval_pipeline_out_pruned_ox_redo/finemapping/output_ref/gastroc.11.89084369_10_.75.png, /u/home/j/jzou1115/project-zarlab/CFW/confidence_interval_pipeline_out_pruned_ox_redo/finemapping/output_ref/gastroc.11.89084369_10_.75_snps.txt
    jobid: 186
    wildcards: q=gastroc.11.89084369, l=10, cov=.75

[Wed Jan 20 14:47:38 2021]
Finished job 186.
26 of 196 steps (13%) done
Select jobs to execute...

[Wed Jan 20 14:47:38 2021]
rule run_susier_ref:
    input: /u/home/j/jzou1115/project-zarlab/CFW/confidence_interval_pipeline_out_pruned_ox_redo/finemapping/input/soleus.13.113404971_pruned_sorted.z, /u/home/j/jzou1115/project-zarlab/CFW/confidence_interval_pipeline_out_pruned_ox_redo/finemapping/input/soleus.13.113404971_pruned_sorted.ld
    output: /u/home/j/jzou1115/project-zarlab/CFW/confidence_interval_pipeline_out_pruned_ox_redo/finemapping/output_ref/soleus.13.113404971_10_.95.RData, /u/home/j/jzou1115/project-zarlab/CFW/confidence_interval_pipeline_out_pruned_ox_redo/finemapping/output_ref/soleus.13.113404971_10_.95.png, /u/home/j/jzou1115/project-zarlab/CFW/confidence_interval_pipeline_out_pruned_ox_redo/finemapping/output_ref/soleus.13.113404971_10_.95_snps.txt
    jobid: 200
    wildcards: q=soleus.13.113404971, l=10, cov=.95

[Wed Jan 20 14:47:42 2021]
Finished job 200.
27 of 196 steps (14%) done
Select jobs to execute...

[Wed Jan 20 14:47:42 2021]
rule run_susier_ref:
    input: /u/home/j/jzou1115/project-zarlab/CFW/confidence_interval_pipeline_out_pruned_ox_redo/finemapping/input/bmd.5.24976030_pruned_sorted.z, /u/home/j/jzou1115/project-zarlab/CFW/confidence_interval_pipeline_out_pruned_ox_redo/finemapping/input/bmd.5.24976030_pruned_sorted.ld
    output: /u/home/j/jzou1115/project-zarlab/CFW/confidence_interval_pipeline_out_pruned_ox_redo/finemapping/output_ref/bmd.5.24976030_10_.95.RData, /u/home/j/jzou1115/project-zarlab/CFW/confidence_interval_pipeline_out_pruned_ox_redo/finemapping/output_ref/bmd.5.24976030_10_.95.png, /u/home/j/jzou1115/project-zarlab/CFW/confidence_interval_pipeline_out_pruned_ox_redo/finemapping/output_ref/bmd.5.24976030_10_.95_snps.txt
    jobid: 182
    wildcards: q=bmd.5.24976030, l=10, cov=.95

[Wed Jan 20 14:47:57 2021]
Finished job 182.
28 of 196 steps (14%) done
Select jobs to execute...

[Wed Jan 20 14:47:58 2021]
rule run_susier_ref:
    input: /u/home/j/jzou1115/project-zarlab/CFW/confidence_interval_pipeline_out_pruned_ox_redo/finemapping/input/tibia.9.80970139_pruned_sorted.z, /u/home/j/jzou1115/project-zarlab/CFW/confidence_interval_pipeline_out_pruned_ox_redo/finemapping/input/tibia.9.80970139_pruned_sorted.ld
    output: /u/home/j/jzou1115/project-zarlab/CFW/confidence_interval_pipeline_out_pruned_ox_redo/finemapping/output_ref/tibia.9.80970139_10_.95.RData, /u/home/j/jzou1115/project-zarlab/CFW/confidence_interval_pipeline_out_pruned_ox_redo/finemapping/output_ref/tibia.9.80970139_10_.95.png, /u/home/j/jzou1115/project-zarlab/CFW/confidence_interval_pipeline_out_pruned_ox_redo/finemapping/output_ref/tibia.9.80970139_10_.95_snps.txt
    jobid: 242
    wildcards: q=tibia.9.80970139, l=10, cov=.95

[Wed Jan 20 14:48:03 2021]
Finished job 242.
29 of 196 steps (15%) done
Select jobs to execute...

[Wed Jan 20 14:48:03 2021]
rule run_susier_ref:
    input: /u/home/j/jzou1115/project-zarlab/CFW/confidence_interval_pipeline_out_pruned_ox_redo/finemapping/input/bmd.n.11.96861296_pruned_sorted.z, /u/home/j/jzou1115/project-zarlab/CFW/confidence_interval_pipeline_out_pruned_ox_redo/finemapping/input/bmd.n.11.96861296_pruned_sorted.ld
    output: /u/home/j/jzou1115/project-zarlab/CFW/confidence_interval_pipeline_out_pruned_ox_redo/finemapping/output_ref/bmd.n.11.96861296_10_.80.RData, /u/home/j/jzou1115/project-zarlab/CFW/confidence_interval_pipeline_out_pruned_ox_redo/finemapping/output_ref/bmd.n.11.96861296_10_.80.png, /u/home/j/jzou1115/project-zarlab/CFW/confidence_interval_pipeline_out_pruned_ox_redo/finemapping/output_ref/bmd.n.11.96861296_10_.80_snps.txt
    jobid: 154
    wildcards: q=bmd.n.11.96861296, l=10, cov=.80

[Wed Jan 20 14:48:06 2021]
Finished job 154.
30 of 196 steps (15%) done
Select jobs to execute...

[Wed Jan 20 14:48:06 2021]
rule run_susier_ref:
    input: /u/home/j/jzou1115/project-zarlab/CFW/confidence_interval_pipeline_out_pruned_ox_redo/finemapping/input/activity.end.13.6469139_pruned_sorted.z, /u/home/j/jzou1115/project-zarlab/CFW/confidence_interval_pipeline_out_pruned_ox_redo/finemapping/input/activity.end.13.6469139_pruned_sorted.ld
    output: /u/home/j/jzou1115/project-zarlab/CFW/confidence_interval_pipeline_out_pruned_ox_redo/finemapping/output_ref/activity.end.13.6469139_10_.95.RData, /u/home/j/jzou1115/project-zarlab/CFW/confidence_interval_pipeline_out_pruned_ox_redo/finemapping/output_ref/activity.end.13.6469139_10_.95.png, /u/home/j/jzou1115/project-zarlab/CFW/confidence_interval_pipeline_out_pruned_ox_redo/finemapping/output_ref/activity.end.13.6469139_10_.95_snps.txt
    jobid: 89
    wildcards: q=activity.end.13.6469139, l=10, cov=.95

[Wed Jan 20 14:48:11 2021]
Finished job 89.
31 of 196 steps (16%) done
Select jobs to execute...

[Wed Jan 20 14:48:11 2021]
rule run_susier_ref:
    input: /u/home/j/jzou1115/project-zarlab/CFW/confidence_interval_pipeline_out_pruned_ox_redo/finemapping/input/activity.middle.13.5963084_pruned_sorted.z, /u/home/j/jzou1115/project-zarlab/CFW/confidence_interval_pipeline_out_pruned_ox_redo/finemapping/input/activity.middle.13.5963084_pruned_sorted.ld
    output: /u/home/j/jzou1115/project-zarlab/CFW/confidence_interval_pipeline_out_pruned_ox_redo/finemapping/output_ref/activity.middle.13.5963084_10_.95.RData, /u/home/j/jzou1115/project-zarlab/CFW/confidence_interval_pipeline_out_pruned_ox_redo/finemapping/output_ref/activity.middle.13.5963084_10_.95.png, /u/home/j/jzou1115/project-zarlab/CFW/confidence_interval_pipeline_out_pruned_ox_redo/finemapping/output_ref/activity.middle.13.5963084_10_.95_snps.txt
    jobid: 98
    wildcards: q=activity.middle.13.5963084, l=10, cov=.95

[Wed Jan 20 14:48:18 2021]
Finished job 98.
32 of 196 steps (16%) done
Select jobs to execute...

[Wed Jan 20 14:48:18 2021]
rule run_susier_ref:
    input: /u/home/j/jzou1115/project-zarlab/CFW/confidence_interval_pipeline_out_pruned_ox_redo/finemapping/input/activity.middle.13.8211378_pruned_sorted.z, /u/home/j/jzou1115/project-zarlab/CFW/confidence_interval_pipeline_out_pruned_ox_redo/finemapping/input/activity.middle.13.8211378_pruned_sorted.ld
    output: /u/home/j/jzou1115/project-zarlab/CFW/confidence_interval_pipeline_out_pruned_ox_redo/finemapping/output_ref/activity.middle.13.8211378_10_.80.RData, /u/home/j/jzou1115/project-zarlab/CFW/confidence_interval_pipeline_out_pruned_ox_redo/finemapping/output_ref/activity.middle.13.8211378_10_.80.png, /u/home/j/jzou1115/project-zarlab/CFW/confidence_interval_pipeline_out_pruned_ox_redo/finemapping/output_ref/activity.middle.13.8211378_10_.80_snps.txt
    jobid: 103
    wildcards: q=activity.middle.13.8211378, l=10, cov=.80

[Wed Jan 20 14:48:20 2021]
Finished job 103.
33 of 196 steps (17%) done
Select jobs to execute...

[Wed Jan 20 14:48:20 2021]
rule run_susier_ref:
    input: /u/home/j/jzou1115/project-zarlab/CFW/confidence_interval_pipeline_out_pruned_ox_redo/finemapping/input/bmd.n.5.23814155_pruned_sorted.z, /u/home/j/jzou1115/project-zarlab/CFW/confidence_interval_pipeline_out_pruned_ox_redo/finemapping/input/bmd.n.5.23814155_pruned_sorted.ld
    output: /u/home/j/jzou1115/project-zarlab/CFW/confidence_interval_pipeline_out_pruned_ox_redo/finemapping/output_ref/bmd.n.5.23814155_10_.75.RData, /u/home/j/jzou1115/project-zarlab/CFW/confidence_interval_pipeline_out_pruned_ox_redo/finemapping/output_ref/bmd.n.5.23814155_10_.75.png, /u/home/j/jzou1115/project-zarlab/CFW/confidence_interval_pipeline_out_pruned_ox_redo/finemapping/output_ref/bmd.n.5.23814155_10_.75_snps.txt
    jobid: 159
    wildcards: q=bmd.n.5.23814155, l=10, cov=.75

[Wed Jan 20 14:48:41 2021]
Finished job 159.
34 of 196 steps (17%) done
Select jobs to execute...

[Wed Jan 20 14:48:41 2021]
rule run_susier_ref:
    input: /u/home/j/jzou1115/project-zarlab/CFW/confidence_interval_pipeline_out_pruned_ox_redo/finemapping/input/gastroc.11.89084369_pruned_sorted.z, /u/home/j/jzou1115/project-zarlab/CFW/confidence_interval_pipeline_out_pruned_ox_redo/finemapping/input/gastroc.11.89084369_pruned_sorted.ld
    output: /u/home/j/jzou1115/project-zarlab/CFW/confidence_interval_pipeline_out_pruned_ox_redo/finemapping/output_ref/gastroc.11.89084369_10_.80.RData, /u/home/j/jzou1115/project-zarlab/CFW/confidence_interval_pipeline_out_pruned_ox_redo/finemapping/output_ref/gastroc.11.89084369_10_.80.png, /u/home/j/jzou1115/project-zarlab/CFW/confidence_interval_pipeline_out_pruned_ox_redo/finemapping/output_ref/gastroc.11.89084369_10_.80_snps.txt
    jobid: 187
    wildcards: q=gastroc.11.89084369, l=10, cov=.80

[Wed Jan 20 14:48:43 2021]
Finished job 187.
35 of 196 steps (18%) done
Select jobs to execute...

[Wed Jan 20 14:48:43 2021]
rule run_susier_ref:
    input: /u/home/j/jzou1115/project-zarlab/CFW/confidence_interval_pipeline_out_pruned_ox_redo/finemapping/input/activity.begin.4.118423228_pruned_sorted.z, /u/home/j/jzou1115/project-zarlab/CFW/confidence_interval_pipeline_out_pruned_ox_redo/finemapping/input/activity.begin.4.118423228_pruned_sorted.ld
    output: /u/home/j/jzou1115/project-zarlab/CFW/confidence_interval_pipeline_out_pruned_ox_redo/finemapping/output_ref/activity.begin.4.118423228_10_.75.RData, /u/home/j/jzou1115/project-zarlab/CFW/confidence_interval_pipeline_out_pruned_ox_redo/finemapping/output_ref/activity.begin.4.118423228_10_.75.png, /u/home/j/jzou1115/project-zarlab/CFW/confidence_interval_pipeline_out_pruned_ox_redo/finemapping/output_ref/activity.begin.4.118423228_10_.75_snps.txt
    jobid: 84
    wildcards: q=activity.begin.4.118423228, l=10, cov=.75

[Wed Jan 20 14:48:47 2021]
Finished job 84.
36 of 196 steps (18%) done
Select jobs to execute...

[Wed Jan 20 14:48:47 2021]
rule run_susier_ref:
    input: /u/home/j/jzou1115/project-zarlab/CFW/confidence_interval_pipeline_out_pruned_ox_redo/finemapping/input/soleus.13.114581926_pruned_sorted.z, /u/home/j/jzou1115/project-zarlab/CFW/confidence_interval_pipeline_out_pruned_ox_redo/finemapping/input/soleus.13.114581926_pruned_sorted.ld
    output: /u/home/j/jzou1115/project-zarlab/CFW/confidence_interval_pipeline_out_pruned_ox_redo/finemapping/output_ref/soleus.13.114581926_10_.75.RData, /u/home/j/jzou1115/project-zarlab/CFW/confidence_interval_pipeline_out_pruned_ox_redo/finemapping/output_ref/soleus.13.114581926_10_.75.png, /u/home/j/jzou1115/project-zarlab/CFW/confidence_interval_pipeline_out_pruned_ox_redo/finemapping/output_ref/soleus.13.114581926_10_.75_snps.txt
    jobid: 201
    wildcards: q=soleus.13.114581926, l=10, cov=.75

[Wed Jan 20 14:48:52 2021]
Finished job 201.
37 of 196 steps (19%) done
Select jobs to execute...

[Wed Jan 20 14:48:52 2021]
rule run_susier_ref:
    input: /u/home/j/jzou1115/project-zarlab/CFW/confidence_interval_pipeline_out_pruned_ox_redo/finemapping/input/tibia.6.147694054_pruned_sorted.z, /u/home/j/jzou1115/project-zarlab/CFW/confidence_interval_pipeline_out_pruned_ox_redo/finemapping/input/tibia.6.147694054_pruned_sorted.ld
    output: /u/home/j/jzou1115/project-zarlab/CFW/confidence_interval_pipeline_out_pruned_ox_redo/finemapping/output_ref/tibia.6.147694054_10_.75.RData, /u/home/j/jzou1115/project-zarlab/CFW/confidence_interval_pipeline_out_pruned_ox_redo/finemapping/output_ref/tibia.6.147694054_10_.75.png, /u/home/j/jzou1115/project-zarlab/CFW/confidence_interval_pipeline_out_pruned_ox_redo/finemapping/output_ref/tibia.6.147694054_10_.75_snps.txt
    jobid: 237
    wildcards: q=tibia.6.147694054, l=10, cov=.75

[Wed Jan 20 14:48:55 2021]
Finished job 237.
38 of 196 steps (19%) done
Select jobs to execute...

[Wed Jan 20 14:48:55 2021]
rule run_susier_ref:
    input: /u/home/j/jzou1115/project-zarlab/CFW/confidence_interval_pipeline_out_pruned_ox_redo/finemapping/input/tibia.9.82656249_pruned_sorted.z, /u/home/j/jzou1115/project-zarlab/CFW/confidence_interval_pipeline_out_pruned_ox_redo/finemapping/input/tibia.9.82656249_pruned_sorted.ld
    output: /u/home/j/jzou1115/project-zarlab/CFW/confidence_interval_pipeline_out_pruned_ox_redo/finemapping/output_ref/tibia.9.82656249_10_.75.RData, /u/home/j/jzou1115/project-zarlab/CFW/confidence_interval_pipeline_out_pruned_ox_redo/finemapping/output_ref/tibia.9.82656249_10_.75.png, /u/home/j/jzou1115/project-zarlab/CFW/confidence_interval_pipeline_out_pruned_ox_redo/finemapping/output_ref/tibia.9.82656249_10_.75_snps.txt
    jobid: 243
    wildcards: q=tibia.9.82656249, l=10, cov=.75

[Wed Jan 20 14:49:01 2021]
Finished job 243.
39 of 196 steps (20%) done
Select jobs to execute...

[Wed Jan 20 14:49:01 2021]
rule run_susier_ref:
    input: /u/home/j/jzou1115/project-zarlab/CFW/confidence_interval_pipeline_out_pruned_ox_redo/finemapping/input/activity.total.13.9242435_pruned_sorted.z, /u/home/j/jzou1115/project-zarlab/CFW/confidence_interval_pipeline_out_pruned_ox_redo/finemapping/input/activity.total.13.9242435_pruned_sorted.ld
    output: /u/home/j/jzou1115/project-zarlab/CFW/confidence_interval_pipeline_out_pruned_ox_redo/finemapping/output_ref/activity.total.13.9242435_10_.80.RData, /u/home/j/jzou1115/project-zarlab/CFW/confidence_interval_pipeline_out_pruned_ox_redo/finemapping/output_ref/activity.total.13.9242435_10_.80.png, /u/home/j/jzou1115/project-zarlab/CFW/confidence_interval_pipeline_out_pruned_ox_redo/finemapping/output_ref/activity.total.13.9242435_10_.80_snps.txt
    jobid: 121
    wildcards: q=activity.total.13.9242435, l=10, cov=.80

[Wed Jan 20 14:49:07 2021]
Finished job 121.
40 of 196 steps (20%) done
Select jobs to execute...

[Wed Jan 20 14:49:07 2021]
rule run_susier_ref:
    input: /u/home/j/jzou1115/project-zarlab/CFW/confidence_interval_pipeline_out_pruned_ox_redo/finemapping/input/soleus.2.155339026_pruned_sorted.z, /u/home/j/jzou1115/project-zarlab/CFW/confidence_interval_pipeline_out_pruned_ox_redo/finemapping/input/soleus.2.155339026_pruned_sorted.ld
    output: /u/home/j/jzou1115/project-zarlab/CFW/confidence_interval_pipeline_out_pruned_ox_redo/finemapping/output_ref/soleus.2.155339026_10_.80.RData, /u/home/j/jzou1115/project-zarlab/CFW/confidence_interval_pipeline_out_pruned_ox_redo/finemapping/output_ref/soleus.2.155339026_10_.80.png, /u/home/j/jzou1115/project-zarlab/CFW/confidence_interval_pipeline_out_pruned_ox_redo/finemapping/output_ref/soleus.2.155339026_10_.80_snps.txt
    jobid: 205
    wildcards: q=soleus.2.155339026, l=10, cov=.80

[Wed Jan 20 14:49:10 2021]
Finished job 205.
41 of 196 steps (21%) done
Select jobs to execute...

[Wed Jan 20 14:49:10 2021]
rule run_susier_ref:
    input: /u/home/j/jzou1115/project-zarlab/CFW/confidence_interval_pipeline_out_pruned_ox_redo/finemapping/input/tibia.12.91722613_pruned_sorted.z, /u/home/j/jzou1115/project-zarlab/CFW/confidence_interval_pipeline_out_pruned_ox_redo/finemapping/input/tibia.12.91722613_pruned_sorted.ld
    output: /u/home/j/jzou1115/project-zarlab/CFW/confidence_interval_pipeline_out_pruned_ox_redo/finemapping/output_ref/tibia.12.91722613_10_.75.RData, /u/home/j/jzou1115/project-zarlab/CFW/confidence_interval_pipeline_out_pruned_ox_redo/finemapping/output_ref/tibia.12.91722613_10_.75.png, /u/home/j/jzou1115/project-zarlab/CFW/confidence_interval_pipeline_out_pruned_ox_redo/finemapping/output_ref/tibia.12.91722613_10_.75_snps.txt
    jobid: 219
    wildcards: q=tibia.12.91722613, l=10, cov=.75

[Wed Jan 20 14:49:13 2021]
Finished job 219.
42 of 196 steps (21%) done
Select jobs to execute...

[Wed Jan 20 14:49:13 2021]
rule run_susier_ref:
    input: /u/home/j/jzou1115/project-zarlab/CFW/confidence_interval_pipeline_out_pruned_ox_redo/finemapping/input/tibia.9.83758448_pruned_sorted.z, /u/home/j/jzou1115/project-zarlab/CFW/confidence_interval_pipeline_out_pruned_ox_redo/finemapping/input/tibia.9.83758448_pruned_sorted.ld
    output: /u/home/j/jzou1115/project-zarlab/CFW/confidence_interval_pipeline_out_pruned_ox_redo/finemapping/output_ref/tibia.9.83758448_10_.80.RData, /u/home/j/jzou1115/project-zarlab/CFW/confidence_interval_pipeline_out_pruned_ox_redo/finemapping/output_ref/tibia.9.83758448_10_.80.png, /u/home/j/jzou1115/project-zarlab/CFW/confidence_interval_pipeline_out_pruned_ox_redo/finemapping/output_ref/tibia.9.83758448_10_.80_snps.txt
    jobid: 247
    wildcards: q=tibia.9.83758448, l=10, cov=.80

[Wed Jan 20 14:49:20 2021]
Finished job 247.
43 of 196 steps (22%) done
Select jobs to execute...

[Wed Jan 20 14:49:20 2021]
rule run_susier_ref:
    input: /u/home/j/jzou1115/project-zarlab/CFW/confidence_interval_pipeline_out_pruned_ox_redo/finemapping/input/gastroc.11.89084369_pruned_sorted.z, /u/home/j/jzou1115/project-zarlab/CFW/confidence_interval_pipeline_out_pruned_ox_redo/finemapping/input/gastroc.11.89084369_pruned_sorted.ld
    output: /u/home/j/jzou1115/project-zarlab/CFW/confidence_interval_pipeline_out_pruned_ox_redo/finemapping/output_ref/gastroc.11.89084369_10_.95.RData, /u/home/j/jzou1115/project-zarlab/CFW/confidence_interval_pipeline_out_pruned_ox_redo/finemapping/output_ref/gastroc.11.89084369_10_.95.png, /u/home/j/jzou1115/project-zarlab/CFW/confidence_interval_pipeline_out_pruned_ox_redo/finemapping/output_ref/gastroc.11.89084369_10_.95_snps.txt
    jobid: 188
    wildcards: q=gastroc.11.89084369, l=10, cov=.95

[Wed Jan 20 14:49:22 2021]
Finished job 188.
44 of 196 steps (22%) done
Select jobs to execute...

[Wed Jan 20 14:49:22 2021]
rule run_susier_ref:
    input: /u/home/j/jzou1115/project-zarlab/CFW/confidence_interval_pipeline_out_pruned_ox_redo/finemapping/input/soleus.13.114581926_pruned_sorted.z, /u/home/j/jzou1115/project-zarlab/CFW/confidence_interval_pipeline_out_pruned_ox_redo/finemapping/input/soleus.13.114581926_pruned_sorted.ld
    output: /u/home/j/jzou1115/project-zarlab/CFW/confidence_interval_pipeline_out_pruned_ox_redo/finemapping/output_ref/soleus.13.114581926_10_.80.RData, /u/home/j/jzou1115/project-zarlab/CFW/confidence_interval_pipeline_out_pruned_ox_redo/finemapping/output_ref/soleus.13.114581926_10_.80.png, /u/home/j/jzou1115/project-zarlab/CFW/confidence_interval_pipeline_out_pruned_ox_redo/finemapping/output_ref/soleus.13.114581926_10_.80_snps.txt
    jobid: 202
    wildcards: q=soleus.13.114581926, l=10, cov=.80

[Wed Jan 20 14:49:27 2021]
Finished job 202.
45 of 196 steps (23%) done
Select jobs to execute...

[Wed Jan 20 14:49:27 2021]
rule run_susier_ref:
    input: /u/home/j/jzou1115/project-zarlab/CFW/confidence_interval_pipeline_out_pruned_ox_redo/finemapping/input/bmd.n.5.23814155_pruned_sorted.z, /u/home/j/jzou1115/project-zarlab/CFW/confidence_interval_pipeline_out_pruned_ox_redo/finemapping/input/bmd.n.5.23814155_pruned_sorted.ld
    output: /u/home/j/jzou1115/project-zarlab/CFW/confidence_interval_pipeline_out_pruned_ox_redo/finemapping/output_ref/bmd.n.5.23814155_10_.80.RData, /u/home/j/jzou1115/project-zarlab/CFW/confidence_interval_pipeline_out_pruned_ox_redo/finemapping/output_ref/bmd.n.5.23814155_10_.80.png, /u/home/j/jzou1115/project-zarlab/CFW/confidence_interval_pipeline_out_pruned_ox_redo/finemapping/output_ref/bmd.n.5.23814155_10_.80_snps.txt
    jobid: 160
    wildcards: q=bmd.n.5.23814155, l=10, cov=.80

[Wed Jan 20 14:49:47 2021]
Finished job 160.
46 of 196 steps (23%) done
Select jobs to execute...

[Wed Jan 20 14:49:47 2021]
rule run_susier_ref:
    input: /u/home/j/jzou1115/project-zarlab/CFW/confidence_interval_pipeline_out_pruned_ox_redo/finemapping/input/tibia.9.82656249_pruned_sorted.z, /u/home/j/jzou1115/project-zarlab/CFW/confidence_interval_pipeline_out_pruned_ox_redo/finemapping/input/tibia.9.82656249_pruned_sorted.ld
    output: /u/home/j/jzou1115/project-zarlab/CFW/confidence_interval_pipeline_out_pruned_ox_redo/finemapping/output_ref/tibia.9.82656249_10_.80.RData, /u/home/j/jzou1115/project-zarlab/CFW/confidence_interval_pipeline_out_pruned_ox_redo/finemapping/output_ref/tibia.9.82656249_10_.80.png, /u/home/j/jzou1115/project-zarlab/CFW/confidence_interval_pipeline_out_pruned_ox_redo/finemapping/output_ref/tibia.9.82656249_10_.80_snps.txt
    jobid: 244
    wildcards: q=tibia.9.82656249, l=10, cov=.80

[Wed Jan 20 14:49:52 2021]
Finished job 244.
47 of 196 steps (24%) done
Select jobs to execute...

[Wed Jan 20 14:49:53 2021]
rule run_susier_ref:
    input: /u/home/j/jzou1115/project-zarlab/CFW/confidence_interval_pipeline_out_pruned_ox_redo/finemapping/input/activity.middle.13.8211378_pruned_sorted.z, /u/home/j/jzou1115/project-zarlab/CFW/confidence_interval_pipeline_out_pruned_ox_redo/finemapping/input/activity.middle.13.8211378_pruned_sorted.ld
    output: /u/home/j/jzou1115/project-zarlab/CFW/confidence_interval_pipeline_out_pruned_ox_redo/finemapping/output_ref/activity.middle.13.8211378_10_.95.RData, /u/home/j/jzou1115/project-zarlab/CFW/confidence_interval_pipeline_out_pruned_ox_redo/finemapping/output_ref/activity.middle.13.8211378_10_.95.png, /u/home/j/jzou1115/project-zarlab/CFW/confidence_interval_pipeline_out_pruned_ox_redo/finemapping/output_ref/activity.middle.13.8211378_10_.95_snps.txt
    jobid: 104
    wildcards: q=activity.middle.13.8211378, l=10, cov=.95

[Wed Jan 20 14:49:55 2021]
Finished job 104.
48 of 196 steps (24%) done
Select jobs to execute...

[Wed Jan 20 14:49:56 2021]
rule run_susier_ref:
    input: /u/home/j/jzou1115/project-zarlab/CFW/confidence_interval_pipeline_out_pruned_ox_redo/finemapping/input/EDL.12.83885241_pruned_sorted.z, /u/home/j/jzou1115/project-zarlab/CFW/confidence_interval_pipeline_out_pruned_ox_redo/finemapping/input/EDL.12.83885241_pruned_sorted.ld
    output: /u/home/j/jzou1115/project-zarlab/CFW/confidence_interval_pipeline_out_pruned_ox_redo/finemapping/output_ref/EDL.12.83885241_10_.75.RData, /u/home/j/jzou1115/project-zarlab/CFW/confidence_interval_pipeline_out_pruned_ox_redo/finemapping/output_ref/EDL.12.83885241_10_.75.png, /u/home/j/jzou1115/project-zarlab/CFW/confidence_interval_pipeline_out_pruned_ox_redo/finemapping/output_ref/EDL.12.83885241_10_.75_snps.txt
    jobid: 66
    wildcards: q=EDL.12.83885241, l=10, cov=.75

[Wed Jan 20 14:49:58 2021]
Finished job 66.
49 of 196 steps (25%) done
Select jobs to execute...

[Wed Jan 20 14:49:58 2021]
rule run_susier_ref:
    input: /u/home/j/jzou1115/project-zarlab/CFW/confidence_interval_pipeline_out_pruned_ox_redo/finemapping/input/basal.activity.13.8211378_pruned_sorted.z, /u/home/j/jzou1115/project-zarlab/CFW/confidence_interval_pipeline_out_pruned_ox_redo/finemapping/input/basal.activity.13.8211378_pruned_sorted.ld
    output: /u/home/j/jzou1115/project-zarlab/CFW/confidence_interval_pipeline_out_pruned_ox_redo/finemapping/output_ref/basal.activity.13.8211378_10_.80.RData, /u/home/j/jzou1115/project-zarlab/CFW/confidence_interval_pipeline_out_pruned_ox_redo/finemapping/output_ref/basal.activity.13.8211378_10_.80.png, /u/home/j/jzou1115/project-zarlab/CFW/confidence_interval_pipeline_out_pruned_ox_redo/finemapping/output_ref/basal.activity.13.8211378_10_.80_snps.txt
    jobid: 136
    wildcards: q=basal.activity.13.8211378, l=10, cov=.80

[Wed Jan 20 14:50:02 2021]
Finished job 136.
50 of 196 steps (26%) done
Select jobs to execute...

[Wed Jan 20 14:50:02 2021]
rule run_susier_ref:
    input: /u/home/j/jzou1115/project-zarlab/CFW/confidence_interval_pipeline_out_pruned_ox_redo/finemapping/input/bmd.11.91691893_pruned_sorted.z, /u/home/j/jzou1115/project-zarlab/CFW/confidence_interval_pipeline_out_pruned_ox_redo/finemapping/input/bmd.11.91691893_pruned_sorted.ld
    output: /u/home/j/jzou1115/project-zarlab/CFW/confidence_interval_pipeline_out_pruned_ox_redo/finemapping/output_ref/bmd.11.91691893_10_.95.RData, /u/home/j/jzou1115/project-zarlab/CFW/confidence_interval_pipeline_out_pruned_ox_redo/finemapping/output_ref/bmd.11.91691893_10_.95.png, /u/home/j/jzou1115/project-zarlab/CFW/confidence_interval_pipeline_out_pruned_ox_redo/finemapping/output_ref/bmd.11.91691893_10_.95_snps.txt
    jobid: 164
    wildcards: q=bmd.11.91691893, l=10, cov=.95

[Wed Jan 20 14:50:06 2021]
Finished job 164.
51 of 196 steps (26%) done
Select jobs to execute...

[Wed Jan 20 14:50:06 2021]
rule run_susier_ref:
    input: /u/home/j/jzou1115/project-zarlab/CFW/confidence_interval_pipeline_out_pruned_ox_redo/finemapping/input/tibia.12.91722613_pruned_sorted.z, /u/home/j/jzou1115/project-zarlab/CFW/confidence_interval_pipeline_out_pruned_ox_redo/finemapping/input/tibia.12.91722613_pruned_sorted.ld
    output: /u/home/j/jzou1115/project-zarlab/CFW/confidence_interval_pipeline_out_pruned_ox_redo/finemapping/output_ref/tibia.12.91722613_10_.80.RData, /u/home/j/jzou1115/project-zarlab/CFW/confidence_interval_pipeline_out_pruned_ox_redo/finemapping/output_ref/tibia.12.91722613_10_.80.png, /u/home/j/jzou1115/project-zarlab/CFW/confidence_interval_pipeline_out_pruned_ox_redo/finemapping/output_ref/tibia.12.91722613_10_.80_snps.txt
    jobid: 220
    wildcards: q=tibia.12.91722613, l=10, cov=.80

[Wed Jan 20 14:50:10 2021]
Finished job 220.
52 of 196 steps (27%) done
Select jobs to execute...

[Wed Jan 20 14:50:10 2021]
rule run_susier_ref:
    input: /u/home/j/jzou1115/project-zarlab/CFW/confidence_interval_pipeline_out_pruned_ox_redo/finemapping/input/activity.total.13.9242435_pruned_sorted.z, /u/home/j/jzou1115/project-zarlab/CFW/confidence_interval_pipeline_out_pruned_ox_redo/finemapping/input/activity.total.13.9242435_pruned_sorted.ld
    output: /u/home/j/jzou1115/project-zarlab/CFW/confidence_interval_pipeline_out_pruned_ox_redo/finemapping/output_ref/activity.total.13.9242435_10_.95.RData, /u/home/j/jzou1115/project-zarlab/CFW/confidence_interval_pipeline_out_pruned_ox_redo/finemapping/output_ref/activity.total.13.9242435_10_.95.png, /u/home/j/jzou1115/project-zarlab/CFW/confidence_interval_pipeline_out_pruned_ox_redo/finemapping/output_ref/activity.total.13.9242435_10_.95_snps.txt
    jobid: 122
    wildcards: q=activity.total.13.9242435, l=10, cov=.95

[Wed Jan 20 14:50:18 2021]
Finished job 122.
53 of 196 steps (27%) done
Select jobs to execute...

[Wed Jan 20 14:50:18 2021]
rule run_susier_ref:
    input: /u/home/j/jzou1115/project-zarlab/CFW/confidence_interval_pipeline_out_pruned_ox_redo/finemapping/input/EDL.12.83885241_pruned_sorted.z, /u/home/j/jzou1115/project-zarlab/CFW/confidence_interval_pipeline_out_pruned_ox_redo/finemapping/input/EDL.12.83885241_pruned_sorted.ld
    output: /u/home/j/jzou1115/project-zarlab/CFW/confidence_interval_pipeline_out_pruned_ox_redo/finemapping/output_ref/EDL.12.83885241_10_.80.RData, /u/home/j/jzou1115/project-zarlab/CFW/confidence_interval_pipeline_out_pruned_ox_redo/finemapping/output_ref/EDL.12.83885241_10_.80.png, /u/home/j/jzou1115/project-zarlab/CFW/confidence_interval_pipeline_out_pruned_ox_redo/finemapping/output_ref/EDL.12.83885241_10_.80_snps.txt
    jobid: 67
    wildcards: q=EDL.12.83885241, l=10, cov=.80

[Wed Jan 20 14:50:21 2021]
Finished job 67.
54 of 196 steps (28%) done
Select jobs to execute...

[Wed Jan 20 14:50:21 2021]
rule run_susier_ref:
    input: /u/home/j/jzou1115/project-zarlab/CFW/confidence_interval_pipeline_out_pruned_ox_redo/finemapping/input/activity30.13.7139520_pruned_sorted.z, /u/home/j/jzou1115/project-zarlab/CFW/confidence_interval_pipeline_out_pruned_ox_redo/finemapping/input/activity30.13.7139520_pruned_sorted.ld
    output: /u/home/j/jzou1115/project-zarlab/CFW/confidence_interval_pipeline_out_pruned_ox_redo/finemapping/output_ref/activity30.13.7139520_10_.75.RData, /u/home/j/jzou1115/project-zarlab/CFW/confidence_interval_pipeline_out_pruned_ox_redo/finemapping/output_ref/activity30.13.7139520_10_.75.png, /u/home/j/jzou1115/project-zarlab/CFW/confidence_interval_pipeline_out_pruned_ox_redo/finemapping/output_ref/activity30.13.7139520_10_.75_snps.txt
    jobid: 123
    wildcards: q=activity30.13.7139520, l=10, cov=.75

[Wed Jan 20 14:50:25 2021]
Finished job 123.
55 of 196 steps (28%) done
Select jobs to execute...

[Wed Jan 20 14:50:25 2021]
rule run_susier_ref:
    input: /u/home/j/jzou1115/project-zarlab/CFW/confidence_interval_pipeline_out_pruned_ox_redo/finemapping/input/basal.activity.13.8211378_pruned_sorted.z, /u/home/j/jzou1115/project-zarlab/CFW/confidence_interval_pipeline_out_pruned_ox_redo/finemapping/input/basal.activity.13.8211378_pruned_sorted.ld
    output: /u/home/j/jzou1115/project-zarlab/CFW/confidence_interval_pipeline_out_pruned_ox_redo/finemapping/output_ref/basal.activity.13.8211378_10_.95.RData, /u/home/j/jzou1115/project-zarlab/CFW/confidence_interval_pipeline_out_pruned_ox_redo/finemapping/output_ref/basal.activity.13.8211378_10_.95.png, /u/home/j/jzou1115/project-zarlab/CFW/confidence_interval_pipeline_out_pruned_ox_redo/finemapping/output_ref/basal.activity.13.8211378_10_.95_snps.txt
    jobid: 137
    wildcards: q=basal.activity.13.8211378, l=10, cov=.95

[Wed Jan 20 14:50:29 2021]
Finished job 137.
56 of 196 steps (29%) done
Select jobs to execute...

[Wed Jan 20 14:50:29 2021]
rule run_susier_ref:
    input: /u/home/j/jzou1115/project-zarlab/CFW/confidence_interval_pipeline_out_pruned_ox_redo/finemapping/input/activity.total.13.8211378_pruned_sorted.z, /u/home/j/jzou1115/project-zarlab/CFW/confidence_interval_pipeline_out_pruned_ox_redo/finemapping/input/activity.total.13.8211378_pruned_sorted.ld
    output: /u/home/j/jzou1115/project-zarlab/CFW/confidence_interval_pipeline_out_pruned_ox_redo/finemapping/output_ref/activity.total.13.8211378_10_.95.RData, /u/home/j/jzou1115/project-zarlab/CFW/confidence_interval_pipeline_out_pruned_ox_redo/finemapping/output_ref/activity.total.13.8211378_10_.95.png, /u/home/j/jzou1115/project-zarlab/CFW/confidence_interval_pipeline_out_pruned_ox_redo/finemapping/output_ref/activity.total.13.8211378_10_.95_snps.txt
    jobid: 119
    wildcards: q=activity.total.13.8211378, l=10, cov=.95

[Wed Jan 20 14:50:32 2021]
Finished job 119.
57 of 196 steps (29%) done
Select jobs to execute...

[Wed Jan 20 14:50:32 2021]
rule run_susier_ref:
    input: /u/home/j/jzou1115/project-zarlab/CFW/confidence_interval_pipeline_out_pruned_ox_redo/finemapping/input/tibia.12.91722613_pruned_sorted.z, /u/home/j/jzou1115/project-zarlab/CFW/confidence_interval_pipeline_out_pruned_ox_redo/finemapping/input/tibia.12.91722613_pruned_sorted.ld
    output: /u/home/j/jzou1115/project-zarlab/CFW/confidence_interval_pipeline_out_pruned_ox_redo/finemapping/output_ref/tibia.12.91722613_10_.95.RData, /u/home/j/jzou1115/project-zarlab/CFW/confidence_interval_pipeline_out_pruned_ox_redo/finemapping/output_ref/tibia.12.91722613_10_.95.png, /u/home/j/jzou1115/project-zarlab/CFW/confidence_interval_pipeline_out_pruned_ox_redo/finemapping/output_ref/tibia.12.91722613_10_.95_snps.txt
    jobid: 221
    wildcards: q=tibia.12.91722613, l=10, cov=.95

[Wed Jan 20 14:50:35 2021]
Finished job 221.
58 of 196 steps (30%) done
Select jobs to execute...

[Wed Jan 20 14:50:35 2021]
rule run_susier_ref:
    input: /u/home/j/jzou1115/project-zarlab/CFW/confidence_interval_pipeline_out_pruned_ox_redo/finemapping/input/EDL.12.83885241_pruned_sorted.z, /u/home/j/jzou1115/project-zarlab/CFW/confidence_interval_pipeline_out_pruned_ox_redo/finemapping/input/EDL.12.83885241_pruned_sorted.ld
    output: /u/home/j/jzou1115/project-zarlab/CFW/confidence_interval_pipeline_out_pruned_ox_redo/finemapping/output_ref/EDL.12.83885241_10_.95.RData, /u/home/j/jzou1115/project-zarlab/CFW/confidence_interval_pipeline_out_pruned_ox_redo/finemapping/output_ref/EDL.12.83885241_10_.95.png, /u/home/j/jzou1115/project-zarlab/CFW/confidence_interval_pipeline_out_pruned_ox_redo/finemapping/output_ref/EDL.12.83885241_10_.95_snps.txt
    jobid: 68
    wildcards: q=EDL.12.83885241, l=10, cov=.95

[Wed Jan 20 14:50:39 2021]
Finished job 68.
59 of 196 steps (30%) done
Select jobs to execute...

[Wed Jan 20 14:50:39 2021]
rule run_susier_ref:
    input: /u/home/j/jzou1115/project-zarlab/CFW/confidence_interval_pipeline_out_pruned_ox_redo/finemapping/input/activity.total.11.93968864_pruned_sorted.z, /u/home/j/jzou1115/project-zarlab/CFW/confidence_interval_pipeline_out_pruned_ox_redo/finemapping/input/activity.total.11.93968864_pruned_sorted.ld
    output: /u/home/j/jzou1115/project-zarlab/CFW/confidence_interval_pipeline_out_pruned_ox_redo/finemapping/output_ref/activity.total.11.93968864_10_.95.RData, /u/home/j/jzou1115/project-zarlab/CFW/confidence_interval_pipeline_out_pruned_ox_redo/finemapping/output_ref/activity.total.11.93968864_10_.95.png, /u/home/j/jzou1115/project-zarlab/CFW/confidence_interval_pipeline_out_pruned_ox_redo/finemapping/output_ref/activity.total.11.93968864_10_.95_snps.txt
    jobid: 110
    wildcards: q=activity.total.11.93968864, l=10, cov=.95

[Wed Jan 20 14:50:43 2021]
Finished job 110.
60 of 196 steps (31%) done
Select jobs to execute...

[Wed Jan 20 14:50:43 2021]
rule run_susier_ref:
    input: /u/home/j/jzou1115/project-zarlab/CFW/confidence_interval_pipeline_out_pruned_ox_redo/finemapping/input/basal.activity.13.8849856_pruned_sorted.z, /u/home/j/jzou1115/project-zarlab/CFW/confidence_interval_pipeline_out_pruned_ox_redo/finemapping/input/basal.activity.13.8849856_pruned_sorted.ld
    output: /u/home/j/jzou1115/project-zarlab/CFW/confidence_interval_pipeline_out_pruned_ox_redo/finemapping/output_ref/basal.activity.13.8849856_10_.75.RData, /u/home/j/jzou1115/project-zarlab/CFW/confidence_interval_pipeline_out_pruned_ox_redo/finemapping/output_ref/basal.activity.13.8849856_10_.75.png, /u/home/j/jzou1115/project-zarlab/CFW/confidence_interval_pipeline_out_pruned_ox_redo/finemapping/output_ref/basal.activity.13.8849856_10_.75_snps.txt
    jobid: 138
    wildcards: q=basal.activity.13.8849856, l=10, cov=.75

[Wed Jan 20 14:50:49 2021]
Finished job 138.
61 of 196 steps (31%) done
Select jobs to execute...

[Wed Jan 20 14:50:49 2021]
rule run_susier_ref:
    input: /u/home/j/jzou1115/project-zarlab/CFW/confidence_interval_pipeline_out_pruned_ox_redo/finemapping/input/activity.middle.13.9237343_pruned_sorted.z, /u/home/j/jzou1115/project-zarlab/CFW/confidence_interval_pipeline_out_pruned_ox_redo/finemapping/input/activity.middle.13.9237343_pruned_sorted.ld
    output: /u/home/j/jzou1115/project-zarlab/CFW/confidence_interval_pipeline_out_pruned_ox_redo/finemapping/output_ref/activity.middle.13.9237343_10_.95.RData, /u/home/j/jzou1115/project-zarlab/CFW/confidence_interval_pipeline_out_pruned_ox_redo/finemapping/output_ref/activity.middle.13.9237343_10_.95.png, /u/home/j/jzou1115/project-zarlab/CFW/confidence_interval_pipeline_out_pruned_ox_redo/finemapping/output_ref/activity.middle.13.9237343_10_.95_snps.txt
    jobid: 107
    wildcards: q=activity.middle.13.9237343, l=10, cov=.95

[Wed Jan 20 14:50:56 2021]
Finished job 107.
62 of 196 steps (32%) done
Select jobs to execute...

[Wed Jan 20 14:50:56 2021]
rule run_susier_ref:
    input: /u/home/j/jzou1115/project-zarlab/CFW/confidence_interval_pipeline_out_pruned_ox_redo/finemapping/input/soleus.2.155339026_pruned_sorted.z, /u/home/j/jzou1115/project-zarlab/CFW/confidence_interval_pipeline_out_pruned_ox_redo/finemapping/input/soleus.2.155339026_pruned_sorted.ld
    output: /u/home/j/jzou1115/project-zarlab/CFW/confidence_interval_pipeline_out_pruned_ox_redo/finemapping/output_ref/soleus.2.155339026_10_.95.RData, /u/home/j/jzou1115/project-zarlab/CFW/confidence_interval_pipeline_out_pruned_ox_redo/finemapping/output_ref/soleus.2.155339026_10_.95.png, /u/home/j/jzou1115/project-zarlab/CFW/confidence_interval_pipeline_out_pruned_ox_redo/finemapping/output_ref/soleus.2.155339026_10_.95_snps.txt
    jobid: 206
    wildcards: q=soleus.2.155339026, l=10, cov=.95

[Wed Jan 20 14:51:00 2021]
Finished job 206.
63 of 196 steps (32%) done
Select jobs to execute...

[Wed Jan 20 14:51:00 2021]
rule run_susier_ref:
    input: /u/home/j/jzou1115/project-zarlab/CFW/confidence_interval_pipeline_out_pruned_ox_redo/finemapping/input/bmd.5.24976030_pruned_sorted.z, /u/home/j/jzou1115/project-zarlab/CFW/confidence_interval_pipeline_out_pruned_ox_redo/finemapping/input/bmd.5.24976030_pruned_sorted.ld
    output: /u/home/j/jzou1115/project-zarlab/CFW/confidence_interval_pipeline_out_pruned_ox_redo/finemapping/output_ref/bmd.5.24976030_10_.80.RData, /u/home/j/jzou1115/project-zarlab/CFW/confidence_interval_pipeline_out_pruned_ox_redo/finemapping/output_ref/bmd.5.24976030_10_.80.png, /u/home/j/jzou1115/project-zarlab/CFW/confidence_interval_pipeline_out_pruned_ox_redo/finemapping/output_ref/bmd.5.24976030_10_.80_snps.txt
    jobid: 181
    wildcards: q=bmd.5.24976030, l=10, cov=.80

[Wed Jan 20 14:51:15 2021]
Finished job 181.
64 of 196 steps (33%) done
Select jobs to execute...

[Wed Jan 20 14:51:15 2021]
rule run_susier_ref:
    input: /u/home/j/jzou1115/project-zarlab/CFW/confidence_interval_pipeline_out_pruned_ox_redo/finemapping/input/plantaris.9.88395083_pruned_sorted.z, /u/home/j/jzou1115/project-zarlab/CFW/confidence_interval_pipeline_out_pruned_ox_redo/finemapping/input/plantaris.9.88395083_pruned_sorted.ld
    output: /u/home/j/jzou1115/project-zarlab/CFW/confidence_interval_pipeline_out_pruned_ox_redo/finemapping/output_ref/plantaris.9.88395083_10_.75.RData, /u/home/j/jzou1115/project-zarlab/CFW/confidence_interval_pipeline_out_pruned_ox_redo/finemapping/output_ref/plantaris.9.88395083_10_.75.png, /u/home/j/jzou1115/project-zarlab/CFW/confidence_interval_pipeline_out_pruned_ox_redo/finemapping/output_ref/plantaris.9.88395083_10_.75_snps.txt
    jobid: 195
    wildcards: q=plantaris.9.88395083, l=10, cov=.75

[Wed Jan 20 14:51:18 2021]
Finished job 195.
65 of 196 steps (33%) done
Select jobs to execute...

[Wed Jan 20 14:51:18 2021]
rule run_susier_ref:
    input: /u/home/j/jzou1115/project-zarlab/CFW/confidence_interval_pipeline_out_pruned_ox_redo/finemapping/input/activity.end.13.7468164_pruned_sorted.z, /u/home/j/jzou1115/project-zarlab/CFW/confidence_interval_pipeline_out_pruned_ox_redo/finemapping/input/activity.end.13.7468164_pruned_sorted.ld
    output: /u/home/j/jzou1115/project-zarlab/CFW/confidence_interval_pipeline_out_pruned_ox_redo/finemapping/output_ref/activity.end.13.7468164_10_.75.RData, /u/home/j/jzou1115/project-zarlab/CFW/confidence_interval_pipeline_out_pruned_ox_redo/finemapping/output_ref/activity.end.13.7468164_10_.75.png, /u/home/j/jzou1115/project-zarlab/CFW/confidence_interval_pipeline_out_pruned_ox_redo/finemapping/output_ref/activity.end.13.7468164_10_.75_snps.txt
    jobid: 90
    wildcards: q=activity.end.13.7468164, l=10, cov=.75

[Wed Jan 20 14:51:22 2021]
Finished job 90.
66 of 196 steps (34%) done
Select jobs to execute...

[Wed Jan 20 14:51:22 2021]
rule run_susier_ref:
    input: /u/home/j/jzou1115/project-zarlab/CFW/confidence_interval_pipeline_out_pruned_ox_redo/finemapping/input/activity.total.11.93968864_pruned_sorted.z, /u/home/j/jzou1115/project-zarlab/CFW/confidence_interval_pipeline_out_pruned_ox_redo/finemapping/input/activity.total.11.93968864_pruned_sorted.ld
    output: /u/home/j/jzou1115/project-zarlab/CFW/confidence_interval_pipeline_out_pruned_ox_redo/finemapping/output_ref/activity.total.11.93968864_10_.75.RData, /u/home/j/jzou1115/project-zarlab/CFW/confidence_interval_pipeline_out_pruned_ox_redo/finemapping/output_ref/activity.total.11.93968864_10_.75.png, /u/home/j/jzou1115/project-zarlab/CFW/confidence_interval_pipeline_out_pruned_ox_redo/finemapping/output_ref/activity.total.11.93968864_10_.75_snps.txt
    jobid: 108
    wildcards: q=activity.total.11.93968864, l=10, cov=.75

[Wed Jan 20 14:51:27 2021]
Finished job 108.
67 of 196 steps (34%) done
Select jobs to execute...

[Wed Jan 20 14:51:27 2021]
rule run_susier_ref:
    input: /u/home/j/jzou1115/project-zarlab/CFW/confidence_interval_pipeline_out_pruned_ox_redo/finemapping/input/tibia.9.83758448_pruned_sorted.z, /u/home/j/jzou1115/project-zarlab/CFW/confidence_interval_pipeline_out_pruned_ox_redo/finemapping/input/tibia.9.83758448_pruned_sorted.ld
    output: /u/home/j/jzou1115/project-zarlab/CFW/confidence_interval_pipeline_out_pruned_ox_redo/finemapping/output_ref/tibia.9.83758448_10_.95.RData, /u/home/j/jzou1115/project-zarlab/CFW/confidence_interval_pipeline_out_pruned_ox_redo/finemapping/output_ref/tibia.9.83758448_10_.95.png, /u/home/j/jzou1115/project-zarlab/CFW/confidence_interval_pipeline_out_pruned_ox_redo/finemapping/output_ref/tibia.9.83758448_10_.95_snps.txt
    jobid: 248
    wildcards: q=tibia.9.83758448, l=10, cov=.95

[Wed Jan 20 14:51:33 2021]
Finished job 248.
68 of 196 steps (35%) done
Select jobs to execute...

[Wed Jan 20 14:51:33 2021]
rule run_susier_ref:
    input: /u/home/j/jzou1115/project-zarlab/CFW/confidence_interval_pipeline_out_pruned_ox_redo/finemapping/input/bmd.11.95549852_pruned_sorted.z, /u/home/j/jzou1115/project-zarlab/CFW/confidence_interval_pipeline_out_pruned_ox_redo/finemapping/input/bmd.11.95549852_pruned_sorted.ld
    output: /u/home/j/jzou1115/project-zarlab/CFW/confidence_interval_pipeline_out_pruned_ox_redo/finemapping/output_ref/bmd.11.95549852_10_.75.RData, /u/home/j/jzou1115/project-zarlab/CFW/confidence_interval_pipeline_out_pruned_ox_redo/finemapping/output_ref/bmd.11.95549852_10_.75.png, /u/home/j/jzou1115/project-zarlab/CFW/confidence_interval_pipeline_out_pruned_ox_redo/finemapping/output_ref/bmd.11.95549852_10_.75_snps.txt
    jobid: 165
    wildcards: q=bmd.11.95549852, l=10, cov=.75

[Wed Jan 20 14:51:37 2021]
Finished job 165.
69 of 196 steps (35%) done
Select jobs to execute...

[Wed Jan 20 14:51:37 2021]
rule run_susier_ref:
    input: /u/home/j/jzou1115/project-zarlab/CFW/confidence_interval_pipeline_out_pruned_ox_redo/finemapping/input/tibia.9.85054834_pruned_sorted.z, /u/home/j/jzou1115/project-zarlab/CFW/confidence_interval_pipeline_out_pruned_ox_redo/finemapping/input/tibia.9.85054834_pruned_sorted.ld
    output: /u/home/j/jzou1115/project-zarlab/CFW/confidence_interval_pipeline_out_pruned_ox_redo/finemapping/output_ref/tibia.9.85054834_10_.75.RData, /u/home/j/jzou1115/project-zarlab/CFW/confidence_interval_pipeline_out_pruned_ox_redo/finemapping/output_ref/tibia.9.85054834_10_.75.png, /u/home/j/jzou1115/project-zarlab/CFW/confidence_interval_pipeline_out_pruned_ox_redo/finemapping/output_ref/tibia.9.85054834_10_.75_snps.txt
    jobid: 249
    wildcards: q=tibia.9.85054834, l=10, cov=.75

[Wed Jan 20 14:51:43 2021]
Finished job 249.
70 of 196 steps (36%) done
Select jobs to execute...

[Wed Jan 20 14:51:43 2021]
rule run_susier_ref:
    input: /u/home/j/jzou1115/project-zarlab/CFW/confidence_interval_pipeline_out_pruned_ox_redo/finemapping/input/soleus.3.16274336_pruned_sorted.z, /u/home/j/jzou1115/project-zarlab/CFW/confidence_interval_pipeline_out_pruned_ox_redo/finemapping/input/soleus.3.16274336_pruned_sorted.ld
    output: /u/home/j/jzou1115/project-zarlab/CFW/confidence_interval_pipeline_out_pruned_ox_redo/finemapping/output_ref/soleus.3.16274336_10_.80.RData, /u/home/j/jzou1115/project-zarlab/CFW/confidence_interval_pipeline_out_pruned_ox_redo/finemapping/output_ref/soleus.3.16274336_10_.80.png, /u/home/j/jzou1115/project-zarlab/CFW/confidence_interval_pipeline_out_pruned_ox_redo/finemapping/output_ref/soleus.3.16274336_10_.80_snps.txt
    jobid: 208
    wildcards: q=soleus.3.16274336, l=10, cov=.80

[Wed Jan 20 14:51:46 2021]
Finished job 208.
71 of 196 steps (36%) done
Select jobs to execute...

[Wed Jan 20 14:51:46 2021]
rule run_susier_ref:
    input: /u/home/j/jzou1115/project-zarlab/CFW/confidence_interval_pipeline_out_pruned_ox_redo/finemapping/input/bmd.11.95549852_pruned_sorted.z, /u/home/j/jzou1115/project-zarlab/CFW/confidence_interval_pipeline_out_pruned_ox_redo/finemapping/input/bmd.11.95549852_pruned_sorted.ld
    output: /u/home/j/jzou1115/project-zarlab/CFW/confidence_interval_pipeline_out_pruned_ox_redo/finemapping/output_ref/bmd.11.95549852_10_.80.RData, /u/home/j/jzou1115/project-zarlab/CFW/confidence_interval_pipeline_out_pruned_ox_redo/finemapping/output_ref/bmd.11.95549852_10_.80.png, /u/home/j/jzou1115/project-zarlab/CFW/confidence_interval_pipeline_out_pruned_ox_redo/finemapping/output_ref/bmd.11.95549852_10_.80_snps.txt
    jobid: 166
    wildcards: q=bmd.11.95549852, l=10, cov=.80

[Wed Jan 20 14:51:49 2021]
Finished job 166.
72 of 196 steps (37%) done
Select jobs to execute...

[Wed Jan 20 14:51:49 2021]
rule run_susier_ref:
    input: /u/home/j/jzou1115/project-zarlab/CFW/confidence_interval_pipeline_out_pruned_ox_redo/finemapping/input/tibia.9.85054834_pruned_sorted.z, /u/home/j/jzou1115/project-zarlab/CFW/confidence_interval_pipeline_out_pruned_ox_redo/finemapping/input/tibia.9.85054834_pruned_sorted.ld
    output: /u/home/j/jzou1115/project-zarlab/CFW/confidence_interval_pipeline_out_pruned_ox_redo/finemapping/output_ref/tibia.9.85054834_10_.80.RData, /u/home/j/jzou1115/project-zarlab/CFW/confidence_interval_pipeline_out_pruned_ox_redo/finemapping/output_ref/tibia.9.85054834_10_.80.png, /u/home/j/jzou1115/project-zarlab/CFW/confidence_interval_pipeline_out_pruned_ox_redo/finemapping/output_ref/tibia.9.85054834_10_.80_snps.txt
    jobid: 250
    wildcards: q=tibia.9.85054834, l=10, cov=.80

[Wed Jan 20 14:51:55 2021]
Finished job 250.
73 of 196 steps (37%) done
Select jobs to execute...

[Wed Jan 20 14:51:55 2021]
rule run_susier_ref:
    input: /u/home/j/jzou1115/project-zarlab/CFW/confidence_interval_pipeline_out_pruned_ox_redo/finemapping/input/activity.total.13.5963084_pruned_sorted.z, /u/home/j/jzou1115/project-zarlab/CFW/confidence_interval_pipeline_out_pruned_ox_redo/finemapping/input/activity.total.13.5963084_pruned_sorted.ld
    output: /u/home/j/jzou1115/project-zarlab/CFW/confidence_interval_pipeline_out_pruned_ox_redo/finemapping/output_ref/activity.total.13.5963084_10_.75.RData, /u/home/j/jzou1115/project-zarlab/CFW/confidence_interval_pipeline_out_pruned_ox_redo/finemapping/output_ref/activity.total.13.5963084_10_.75.png, /u/home/j/jzou1115/project-zarlab/CFW/confidence_interval_pipeline_out_pruned_ox_redo/finemapping/output_ref/activity.total.13.5963084_10_.75_snps.txt
    jobid: 111
    wildcards: q=activity.total.13.5963084, l=10, cov=.75

[Wed Jan 20 14:52:02 2021]
Finished job 111.
74 of 196 steps (38%) done
Select jobs to execute...

[Wed Jan 20 14:52:02 2021]
rule run_susier_ref:
    input: /u/home/j/jzou1115/project-zarlab/CFW/confidence_interval_pipeline_out_pruned_ox_redo/finemapping/input/basal.activity.13.8849856_pruned_sorted.z, /u/home/j/jzou1115/project-zarlab/CFW/confidence_interval_pipeline_out_pruned_ox_redo/finemapping/input/basal.activity.13.8849856_pruned_sorted.ld
    output: /u/home/j/jzou1115/project-zarlab/CFW/confidence_interval_pipeline_out_pruned_ox_redo/finemapping/output_ref/basal.activity.13.8849856_10_.80.RData, /u/home/j/jzou1115/project-zarlab/CFW/confidence_interval_pipeline_out_pruned_ox_redo/finemapping/output_ref/basal.activity.13.8849856_10_.80.png, /u/home/j/jzou1115/project-zarlab/CFW/confidence_interval_pipeline_out_pruned_ox_redo/finemapping/output_ref/basal.activity.13.8849856_10_.80_snps.txt
    jobid: 139
    wildcards: q=basal.activity.13.8849856, l=10, cov=.80

[Wed Jan 20 14:52:07 2021]
Finished job 139.
75 of 196 steps (38%) done
Select jobs to execute...

[Wed Jan 20 14:52:07 2021]
rule run_susier_ref:
    input: /u/home/j/jzou1115/project-zarlab/CFW/confidence_interval_pipeline_out_pruned_ox_redo/finemapping/input/bmd.11.95549852_pruned_sorted.z, /u/home/j/jzou1115/project-zarlab/CFW/confidence_interval_pipeline_out_pruned_ox_redo/finemapping/input/bmd.11.95549852_pruned_sorted.ld
    output: /u/home/j/jzou1115/project-zarlab/CFW/confidence_interval_pipeline_out_pruned_ox_redo/finemapping/output_ref/bmd.11.95549852_10_.95.RData, /u/home/j/jzou1115/project-zarlab/CFW/confidence_interval_pipeline_out_pruned_ox_redo/finemapping/output_ref/bmd.11.95549852_10_.95.png, /u/home/j/jzou1115/project-zarlab/CFW/confidence_interval_pipeline_out_pruned_ox_redo/finemapping/output_ref/bmd.11.95549852_10_.95_snps.txt
    jobid: 167
    wildcards: q=bmd.11.95549852, l=10, cov=.95

[Wed Jan 20 14:52:10 2021]
Finished job 167.
76 of 196 steps (39%) done
Select jobs to execute...

[Wed Jan 20 14:52:10 2021]
rule run_susier_ref:
    input: /u/home/j/jzou1115/project-zarlab/CFW/confidence_interval_pipeline_out_pruned_ox_redo/finemapping/input/bmd.n.5.23814155_pruned_sorted.z, /u/home/j/jzou1115/project-zarlab/CFW/confidence_interval_pipeline_out_pruned_ox_redo/finemapping/input/bmd.n.5.23814155_pruned_sorted.ld
    output: /u/home/j/jzou1115/project-zarlab/CFW/confidence_interval_pipeline_out_pruned_ox_redo/finemapping/output_ref/bmd.n.5.23814155_10_.95.RData, /u/home/j/jzou1115/project-zarlab/CFW/confidence_interval_pipeline_out_pruned_ox_redo/finemapping/output_ref/bmd.n.5.23814155_10_.95.png, /u/home/j/jzou1115/project-zarlab/CFW/confidence_interval_pipeline_out_pruned_ox_redo/finemapping/output_ref/bmd.n.5.23814155_10_.95_snps.txt
    jobid: 161
    wildcards: q=bmd.n.5.23814155, l=10, cov=.95

[Wed Jan 20 14:52:30 2021]
Finished job 161.
77 of 196 steps (39%) done
Select jobs to execute...

[Wed Jan 20 14:52:30 2021]
rule run_susier_ref:
    input: /u/home/j/jzou1115/project-zarlab/CFW/confidence_interval_pipeline_out_pruned_ox_redo/finemapping/input/tibia.9.85054834_pruned_sorted.z, /u/home/j/jzou1115/project-zarlab/CFW/confidence_interval_pipeline_out_pruned_ox_redo/finemapping/input/tibia.9.85054834_pruned_sorted.ld
    output: /u/home/j/jzou1115/project-zarlab/CFW/confidence_interval_pipeline_out_pruned_ox_redo/finemapping/output_ref/tibia.9.85054834_10_.95.RData, /u/home/j/jzou1115/project-zarlab/CFW/confidence_interval_pipeline_out_pruned_ox_redo/finemapping/output_ref/tibia.9.85054834_10_.95.png, /u/home/j/jzou1115/project-zarlab/CFW/confidence_interval_pipeline_out_pruned_ox_redo/finemapping/output_ref/tibia.9.85054834_10_.95_snps.txt
    jobid: 251
    wildcards: q=tibia.9.85054834, l=10, cov=.95

[Wed Jan 20 14:52:38 2021]
Finished job 251.
78 of 196 steps (40%) done
Select jobs to execute...

[Wed Jan 20 14:52:38 2021]
rule run_susier_ref:
    input: /u/home/j/jzou1115/project-zarlab/CFW/confidence_interval_pipeline_out_pruned_ox_redo/finemapping/input/EDL.2.155814797_pruned_sorted.z, /u/home/j/jzou1115/project-zarlab/CFW/confidence_interval_pipeline_out_pruned_ox_redo/finemapping/input/EDL.2.155814797_pruned_sorted.ld
    output: /u/home/j/jzou1115/project-zarlab/CFW/confidence_interval_pipeline_out_pruned_ox_redo/finemapping/output_ref/EDL.2.155814797_10_.80.RData, /u/home/j/jzou1115/project-zarlab/CFW/confidence_interval_pipeline_out_pruned_ox_redo/finemapping/output_ref/EDL.2.155814797_10_.80.png, /u/home/j/jzou1115/project-zarlab/CFW/confidence_interval_pipeline_out_pruned_ox_redo/finemapping/output_ref/EDL.2.155814797_10_.80_snps.txt
    jobid: 70
    wildcards: q=EDL.2.155814797, l=10, cov=.80

[Wed Jan 20 14:52:46 2021]
Finished job 70.
79 of 196 steps (40%) done
Select jobs to execute...

[Wed Jan 20 14:52:46 2021]
rule run_susier_ref:
    input: /u/home/j/jzou1115/project-zarlab/CFW/confidence_interval_pipeline_out_pruned_ox_redo/finemapping/input/tibia.15.11533602_pruned_sorted.z, /u/home/j/jzou1115/project-zarlab/CFW/confidence_interval_pipeline_out_pruned_ox_redo/finemapping/input/tibia.15.11533602_pruned_sorted.ld
    output: /u/home/j/jzou1115/project-zarlab/CFW/confidence_interval_pipeline_out_pruned_ox_redo/finemapping/output_ref/tibia.15.11533602_10_.95.RData, /u/home/j/jzou1115/project-zarlab/CFW/confidence_interval_pipeline_out_pruned_ox_redo/finemapping/output_ref/tibia.15.11533602_10_.95.png, /u/home/j/jzou1115/project-zarlab/CFW/confidence_interval_pipeline_out_pruned_ox_redo/finemapping/output_ref/tibia.15.11533602_10_.95_snps.txt
    jobid: 224
    wildcards: q=tibia.15.11533602, l=10, cov=.95

[Wed Jan 20 14:52:49 2021]
Finished job 224.
80 of 196 steps (41%) done
Select jobs to execute...

[Wed Jan 20 14:52:49 2021]
rule run_susier_ref:
    input: /u/home/j/jzou1115/project-zarlab/CFW/confidence_interval_pipeline_out_pruned_ox_redo/finemapping/input/activity30.13.8139654_pruned_sorted.z, /u/home/j/jzou1115/project-zarlab/CFW/confidence_interval_pipeline_out_pruned_ox_redo/finemapping/input/activity30.13.8139654_pruned_sorted.ld
    output: /u/home/j/jzou1115/project-zarlab/CFW/confidence_interval_pipeline_out_pruned_ox_redo/finemapping/output_ref/activity30.13.8139654_10_.75.RData, /u/home/j/jzou1115/project-zarlab/CFW/confidence_interval_pipeline_out_pruned_ox_redo/finemapping/output_ref/activity30.13.8139654_10_.75.png, /u/home/j/jzou1115/project-zarlab/CFW/confidence_interval_pipeline_out_pruned_ox_redo/finemapping/output_ref/activity30.13.8139654_10_.75_snps.txt
    jobid: 126
    wildcards: q=activity30.13.8139654, l=10, cov=.75

[Wed Jan 20 14:52:52 2021]
Finished job 126.
81 of 196 steps (41%) done
Select jobs to execute...

[Wed Jan 20 14:52:52 2021]
rule run_susier_ref:
    input: /u/home/j/jzou1115/project-zarlab/CFW/confidence_interval_pipeline_out_pruned_ox_redo/finemapping/input/weight.bmi.tibia.17.33893781_pruned_sorted.z, /u/home/j/jzou1115/project-zarlab/CFW/confidence_interval_pipeline_out_pruned_ox_redo/finemapping/input/weight.bmi.tibia.17.33893781_pruned_sorted.ld
    output: /u/home/j/jzou1115/project-zarlab/CFW/confidence_interval_pipeline_out_pruned_ox_redo/finemapping/output_ref/weight.bmi.tibia.17.33893781_10_.75.RData, /u/home/j/jzou1115/project-zarlab/CFW/confidence_interval_pipeline_out_pruned_ox_redo/finemapping/output_ref/weight.bmi.tibia.17.33893781_10_.75.png, /u/home/j/jzou1115/project-zarlab/CFW/confidence_interval_pipeline_out_pruned_ox_redo/finemapping/output_ref/weight.bmi.tibia.17.33893781_10_.75_snps.txt
    jobid: 252
    wildcards: q=weight.bmi.tibia.17.33893781, l=10, cov=.75

[Wed Jan 20 14:52:57 2021]
Finished job 252.
82 of 196 steps (42%) done
Select jobs to execute...

[Wed Jan 20 14:52:57 2021]
rule run_susier_ref:
    input: /u/home/j/jzou1115/project-zarlab/CFW/confidence_interval_pipeline_out_pruned_ox_redo/finemapping/input/EDL.2.155814797_pruned_sorted.z, /u/home/j/jzou1115/project-zarlab/CFW/confidence_interval_pipeline_out_pruned_ox_redo/finemapping/input/EDL.2.155814797_pruned_sorted.ld
    output: /u/home/j/jzou1115/project-zarlab/CFW/confidence_interval_pipeline_out_pruned_ox_redo/finemapping/output_ref/EDL.2.155814797_10_.95.RData, /u/home/j/jzou1115/project-zarlab/CFW/confidence_interval_pipeline_out_pruned_ox_redo/finemapping/output_ref/EDL.2.155814797_10_.95.png, /u/home/j/jzou1115/project-zarlab/CFW/confidence_interval_pipeline_out_pruned_ox_redo/finemapping/output_ref/EDL.2.155814797_10_.95_snps.txt
    jobid: 71
    wildcards: q=EDL.2.155814797, l=10, cov=.95

[Wed Jan 20 14:53:04 2021]
Finished job 71.
83 of 196 steps (42%) done
Select jobs to execute...

[Wed Jan 20 14:53:04 2021]
rule run_susier_ref:
    input: /u/home/j/jzou1115/project-zarlab/CFW/confidence_interval_pipeline_out_pruned_ox_redo/finemapping/input/activity.total.13.5963084_pruned_sorted.z, /u/home/j/jzou1115/project-zarlab/CFW/confidence_interval_pipeline_out_pruned_ox_redo/finemapping/input/activity.total.13.5963084_pruned_sorted.ld
    output: /u/home/j/jzou1115/project-zarlab/CFW/confidence_interval_pipeline_out_pruned_ox_redo/finemapping/output_ref/activity.total.13.5963084_10_.95.RData, /u/home/j/jzou1115/project-zarlab/CFW/confidence_interval_pipeline_out_pruned_ox_redo/finemapping/output_ref/activity.total.13.5963084_10_.95.png, /u/home/j/jzou1115/project-zarlab/CFW/confidence_interval_pipeline_out_pruned_ox_redo/finemapping/output_ref/activity.total.13.5963084_10_.95_snps.txt
    jobid: 113
    wildcards: q=activity.total.13.5963084, l=10, cov=.95

[Wed Jan 20 14:53:09 2021]
Finished job 113.
84 of 196 steps (43%) done
Select jobs to execute...

[Wed Jan 20 14:53:09 2021]
rule run_susier_ref:
    input: /u/home/j/jzou1115/project-zarlab/CFW/confidence_interval_pipeline_out_pruned_ox_redo/finemapping/input/bmd.a.11.94771633_pruned_sorted.z, /u/home/j/jzou1115/project-zarlab/CFW/confidence_interval_pipeline_out_pruned_ox_redo/finemapping/input/bmd.a.11.94771633_pruned_sorted.ld
    output: /u/home/j/jzou1115/project-zarlab/CFW/confidence_interval_pipeline_out_pruned_ox_redo/finemapping/output_ref/bmd.a.11.94771633_10_.75.RData, /u/home/j/jzou1115/project-zarlab/CFW/confidence_interval_pipeline_out_pruned_ox_redo/finemapping/output_ref/bmd.a.11.94771633_10_.75.png, /u/home/j/jzou1115/project-zarlab/CFW/confidence_interval_pipeline_out_pruned_ox_redo/finemapping/output_ref/bmd.a.11.94771633_10_.75_snps.txt
    jobid: 141
    wildcards: q=bmd.a.11.94771633, l=10, cov=.75

[Wed Jan 20 14:53:13 2021]
Finished job 141.
85 of 196 steps (43%) done
Select jobs to execute...

[Wed Jan 20 14:53:13 2021]
rule run_susier_ref:
    input: /u/home/j/jzou1115/project-zarlab/CFW/confidence_interval_pipeline_out_pruned_ox_redo/finemapping/input/tibia.11.96477524_pruned_sorted.z, /u/home/j/jzou1115/project-zarlab/CFW/confidence_interval_pipeline_out_pruned_ox_redo/finemapping/input/tibia.11.96477524_pruned_sorted.ld
    output: /u/home/j/jzou1115/project-zarlab/CFW/confidence_interval_pipeline_out_pruned_ox_redo/finemapping/output_ref/tibia.11.96477524_10_.80.RData, /u/home/j/jzou1115/project-zarlab/CFW/confidence_interval_pipeline_out_pruned_ox_redo/finemapping/output_ref/tibia.11.96477524_10_.80.png, /u/home/j/jzou1115/project-zarlab/CFW/confidence_interval_pipeline_out_pruned_ox_redo/finemapping/output_ref/tibia.11.96477524_10_.80_snps.txt
    jobid: 211
    wildcards: q=tibia.11.96477524, l=10, cov=.80

[Wed Jan 20 14:53:17 2021]
Finished job 211.
86 of 196 steps (44%) done
Select jobs to execute...

[Wed Jan 20 14:53:17 2021]
rule run_susier_ref:
    input: /u/home/j/jzou1115/project-zarlab/CFW/confidence_interval_pipeline_out_pruned_ox_redo/finemapping/input/weight.bmi.tibia.17.33893781_pruned_sorted.z, /u/home/j/jzou1115/project-zarlab/CFW/confidence_interval_pipeline_out_pruned_ox_redo/finemapping/input/weight.bmi.tibia.17.33893781_pruned_sorted.ld
    output: /u/home/j/jzou1115/project-zarlab/CFW/confidence_interval_pipeline_out_pruned_ox_redo/finemapping/output_ref/weight.bmi.tibia.17.33893781_10_.80.RData, /u/home/j/jzou1115/project-zarlab/CFW/confidence_interval_pipeline_out_pruned_ox_redo/finemapping/output_ref/weight.bmi.tibia.17.33893781_10_.80.png, /u/home/j/jzou1115/project-zarlab/CFW/confidence_interval_pipeline_out_pruned_ox_redo/finemapping/output_ref/weight.bmi.tibia.17.33893781_10_.80_snps.txt
    jobid: 253
    wildcards: q=weight.bmi.tibia.17.33893781, l=10, cov=.80

[Wed Jan 20 14:53:20 2021]
Finished job 253.
87 of 196 steps (44%) done
Select jobs to execute...

[Wed Jan 20 14:53:20 2021]
rule run_susier_ref:
    input: /u/home/j/jzou1115/project-zarlab/CFW/confidence_interval_pipeline_out_pruned_ox_redo/finemapping/input/TA.11.88948500_pruned_sorted.z, /u/home/j/jzou1115/project-zarlab/CFW/confidence_interval_pipeline_out_pruned_ox_redo/finemapping/input/TA.11.88948500_pruned_sorted.ld
    output: /u/home/j/jzou1115/project-zarlab/CFW/confidence_interval_pipeline_out_pruned_ox_redo/finemapping/output_ref/TA.11.88948500_10_.75.RData, /u/home/j/jzou1115/project-zarlab/CFW/confidence_interval_pipeline_out_pruned_ox_redo/finemapping/output_ref/TA.11.88948500_10_.75.png, /u/home/j/jzou1115/project-zarlab/CFW/confidence_interval_pipeline_out_pruned_ox_redo/finemapping/output_ref/TA.11.88948500_10_.75_snps.txt
    jobid: 72
    wildcards: q=TA.11.88948500, l=10, cov=.75

[Wed Jan 20 14:53:23 2021]
Finished job 72.
88 of 196 steps (45%) done
Select jobs to execute...

[Wed Jan 20 14:53:24 2021]
rule run_susier_ref:
    input: /u/home/j/jzou1115/project-zarlab/CFW/confidence_interval_pipeline_out_pruned_ox_redo/finemapping/input/activity30.13.8139654_pruned_sorted.z, /u/home/j/jzou1115/project-zarlab/CFW/confidence_interval_pipeline_out_pruned_ox_redo/finemapping/input/activity30.13.8139654_pruned_sorted.ld
    output: /u/home/j/jzou1115/project-zarlab/CFW/confidence_interval_pipeline_out_pruned_ox_redo/finemapping/output_ref/activity30.13.8139654_10_.95.RData, /u/home/j/jzou1115/project-zarlab/CFW/confidence_interval_pipeline_out_pruned_ox_redo/finemapping/output_ref/activity30.13.8139654_10_.95.png, /u/home/j/jzou1115/project-zarlab/CFW/confidence_interval_pipeline_out_pruned_ox_redo/finemapping/output_ref/activity30.13.8139654_10_.95_snps.txt
    jobid: 128
    wildcards: q=activity30.13.8139654, l=10, cov=.95

[Wed Jan 20 14:53:27 2021]
Finished job 128.
89 of 196 steps (45%) done
Select jobs to execute...

[Wed Jan 20 14:53:27 2021]
rule run_susier_ref:
    input: /u/home/j/jzou1115/project-zarlab/CFW/confidence_interval_pipeline_out_pruned_ox_redo/finemapping/input/bmd.11.96876490_pruned_sorted.z, /u/home/j/jzou1115/project-zarlab/CFW/confidence_interval_pipeline_out_pruned_ox_redo/finemapping/input/bmd.11.96876490_pruned_sorted.ld
    output: /u/home/j/jzou1115/project-zarlab/CFW/confidence_interval_pipeline_out_pruned_ox_redo/finemapping/output_ref/bmd.11.96876490_10_.95.RData, /u/home/j/jzou1115/project-zarlab/CFW/confidence_interval_pipeline_out_pruned_ox_redo/finemapping/output_ref/bmd.11.96876490_10_.95.png, /u/home/j/jzou1115/project-zarlab/CFW/confidence_interval_pipeline_out_pruned_ox_redo/finemapping/output_ref/bmd.11.96876490_10_.95_snps.txt
    jobid: 170
    wildcards: q=bmd.11.96876490, l=10, cov=.95

[Wed Jan 20 14:53:30 2021]
Finished job 170.
90 of 196 steps (46%) done
Select jobs to execute...

[Wed Jan 20 14:53:30 2021]
rule run_susier_ref:
    input: /u/home/j/jzou1115/project-zarlab/CFW/confidence_interval_pipeline_out_pruned_ox_redo/finemapping/input/tibia.12.91185516_pruned_sorted.z, /u/home/j/jzou1115/project-zarlab/CFW/confidence_interval_pipeline_out_pruned_ox_redo/finemapping/input/tibia.12.91185516_pruned_sorted.ld
    output: /u/home/j/jzou1115/project-zarlab/CFW/confidence_interval_pipeline_out_pruned_ox_redo/finemapping/output_ref/tibia.12.91185516_10_.80.RData, /u/home/j/jzou1115/project-zarlab/CFW/confidence_interval_pipeline_out_pruned_ox_redo/finemapping/output_ref/tibia.12.91185516_10_.80.png, /u/home/j/jzou1115/project-zarlab/CFW/confidence_interval_pipeline_out_pruned_ox_redo/finemapping/output_ref/tibia.12.91185516_10_.80_snps.txt
    jobid: 217
    wildcards: q=tibia.12.91185516, l=10, cov=.80

[Wed Jan 20 14:53:39 2021]
Finished job 217.
91 of 196 steps (46%) done
Select jobs to execute...

[Wed Jan 20 14:53:39 2021]
rule run_susier_ref:
    input: /u/home/j/jzou1115/project-zarlab/CFW/confidence_interval_pipeline_out_pruned_ox_redo/finemapping/input/tibia.9.82656249_pruned_sorted.z, /u/home/j/jzou1115/project-zarlab/CFW/confidence_interval_pipeline_out_pruned_ox_redo/finemapping/input/tibia.9.82656249_pruned_sorted.ld
    output: /u/home/j/jzou1115/project-zarlab/CFW/confidence_interval_pipeline_out_pruned_ox_redo/finemapping/output_ref/tibia.9.82656249_10_.95.RData, /u/home/j/jzou1115/project-zarlab/CFW/confidence_interval_pipeline_out_pruned_ox_redo/finemapping/output_ref/tibia.9.82656249_10_.95.png, /u/home/j/jzou1115/project-zarlab/CFW/confidence_interval_pipeline_out_pruned_ox_redo/finemapping/output_ref/tibia.9.82656249_10_.95_snps.txt
    jobid: 245
    wildcards: q=tibia.9.82656249, l=10, cov=.95

[Wed Jan 20 14:53:44 2021]
Finished job 245.
92 of 196 steps (47%) done
Select jobs to execute...

[Wed Jan 20 14:53:44 2021]
rule run_susier_ref:
    input: /u/home/j/jzou1115/project-zarlab/CFW/confidence_interval_pipeline_out_pruned_ox_redo/finemapping/input/TA.11.88948500_pruned_sorted.z, /u/home/j/jzou1115/project-zarlab/CFW/confidence_interval_pipeline_out_pruned_ox_redo/finemapping/input/TA.11.88948500_pruned_sorted.ld
    output: /u/home/j/jzou1115/project-zarlab/CFW/confidence_interval_pipeline_out_pruned_ox_redo/finemapping/output_ref/TA.11.88948500_10_.80.RData, /u/home/j/jzou1115/project-zarlab/CFW/confidence_interval_pipeline_out_pruned_ox_redo/finemapping/output_ref/TA.11.88948500_10_.80.png, /u/home/j/jzou1115/project-zarlab/CFW/confidence_interval_pipeline_out_pruned_ox_redo/finemapping/output_ref/TA.11.88948500_10_.80_snps.txt
    jobid: 73
    wildcards: q=TA.11.88948500, l=10, cov=.80

[Wed Jan 20 14:53:48 2021]
Finished job 73.
93 of 196 steps (47%) done
Select jobs to execute...

[Wed Jan 20 14:53:48 2021]
rule run_susier_ref:
    input: /u/home/j/jzou1115/project-zarlab/CFW/confidence_interval_pipeline_out_pruned_ox_redo/finemapping/input/basal.activity.11.96926414_pruned_sorted.z, /u/home/j/jzou1115/project-zarlab/CFW/confidence_interval_pipeline_out_pruned_ox_redo/finemapping/input/basal.activity.11.96926414_pruned_sorted.ld
    output: /u/home/j/jzou1115/project-zarlab/CFW/confidence_interval_pipeline_out_pruned_ox_redo/finemapping/output_ref/basal.activity.11.96926414_10_.75.RData, /u/home/j/jzou1115/project-zarlab/CFW/confidence_interval_pipeline_out_pruned_ox_redo/finemapping/output_ref/basal.activity.11.96926414_10_.75.png, /u/home/j/jzou1115/project-zarlab/CFW/confidence_interval_pipeline_out_pruned_ox_redo/finemapping/output_ref/basal.activity.11.96926414_10_.75_snps.txt
    jobid: 129
    wildcards: q=basal.activity.11.96926414, l=10, cov=.75

[Wed Jan 20 14:53:51 2021]
Finished job 129.
94 of 196 steps (48%) done
Select jobs to execute...

[Wed Jan 20 14:53:52 2021]
rule run_susier_ref:
    input: /u/home/j/jzou1115/project-zarlab/CFW/confidence_interval_pipeline_out_pruned_ox_redo/finemapping/input/bmd.18.38732267_pruned_sorted.z, /u/home/j/jzou1115/project-zarlab/CFW/confidence_interval_pipeline_out_pruned_ox_redo/finemapping/input/bmd.18.38732267_pruned_sorted.ld
    output: /u/home/j/jzou1115/project-zarlab/CFW/confidence_interval_pipeline_out_pruned_ox_redo/finemapping/output_ref/bmd.18.38732267_10_.75.RData, /u/home/j/jzou1115/project-zarlab/CFW/confidence_interval_pipeline_out_pruned_ox_redo/finemapping/output_ref/bmd.18.38732267_10_.75.png, /u/home/j/jzou1115/project-zarlab/CFW/confidence_interval_pipeline_out_pruned_ox_redo/finemapping/output_ref/bmd.18.38732267_10_.75_snps.txt
    jobid: 171
    wildcards: q=bmd.18.38732267, l=10, cov=.75

[Wed Jan 20 14:53:55 2021]
Finished job 171.
95 of 196 steps (48%) done
Select jobs to execute...

[Wed Jan 20 14:53:55 2021]
rule run_susier_ref:
    input: /u/home/j/jzou1115/project-zarlab/CFW/confidence_interval_pipeline_out_pruned_ox_redo/finemapping/input/tibia.12.83514944_pruned_sorted.z, /u/home/j/jzou1115/project-zarlab/CFW/confidence_interval_pipeline_out_pruned_ox_redo/finemapping/input/tibia.12.83514944_pruned_sorted.ld
    output: /u/home/j/jzou1115/project-zarlab/CFW/confidence_interval_pipeline_out_pruned_ox_redo/finemapping/output_ref/tibia.12.83514944_10_.75.RData, /u/home/j/jzou1115/project-zarlab/CFW/confidence_interval_pipeline_out_pruned_ox_redo/finemapping/output_ref/tibia.12.83514944_10_.75.png, /u/home/j/jzou1115/project-zarlab/CFW/confidence_interval_pipeline_out_pruned_ox_redo/finemapping/output_ref/tibia.12.83514944_10_.75_snps.txt
    jobid: 213
    wildcards: q=tibia.12.83514944, l=10, cov=.75

[Wed Jan 20 14:54:00 2021]
Error in rule run_susier_ref:
    jobid: 213
    output: /u/home/j/jzou1115/project-zarlab/CFW/confidence_interval_pipeline_out_pruned_ox_redo/finemapping/output_ref/tibia.12.83514944_10_.75.RData, /u/home/j/jzou1115/project-zarlab/CFW/confidence_interval_pipeline_out_pruned_ox_redo/finemapping/output_ref/tibia.12.83514944_10_.75.png, /u/home/j/jzou1115/project-zarlab/CFW/confidence_interval_pipeline_out_pruned_ox_redo/finemapping/output_ref/tibia.12.83514944_10_.75_snps.txt

RuleException:
CalledProcessError in line 207 of /u/project/zarlab/jzou1115/CFW/MegaAnalysis_CFW_Code/confidence_interval_pipeline_pruned/Snakefile:
Command 'set -euo pipefail;  Rscript --vanilla /u/project/zarlab/jzou1115/CFW/MegaAnalysis_CFW_Code/confidence_interval_pipeline_pruned/.snakemake/scripts/tmpqt9bv7yy.run_susier_ref.R' returned non-zero exit status 1.
  File "/u/home/j/jzou1115/project-ernst/software/anaconda3/lib/python3.7/site-packages/snakemake/executors/__init__.py", line 2339, in run_wrapper
  File "/u/project/zarlab/jzou1115/CFW/MegaAnalysis_CFW_Code/confidence_interval_pipeline_pruned/Snakefile", line 207, in __rule_run_susier_ref
  File "/u/home/j/jzou1115/project-ernst/software/anaconda3/lib/python3.7/site-packages/snakemake/executors/__init__.py", line 560, in _callback
  File "/u/home/j/jzou1115/project-ernst/software/anaconda3/lib/python3.7/concurrent/futures/thread.py", line 57, in run
  File "/u/home/j/jzou1115/project-ernst/software/anaconda3/lib/python3.7/site-packages/snakemake/executors/__init__.py", line 546, in cached_or_run
  File "/u/home/j/jzou1115/project-ernst/software/anaconda3/lib/python3.7/site-packages/snakemake/executors/__init__.py", line 2351, in run_wrapper
Shutting down, this might take some time.
Exiting because a job execution failed. Look above for error message
Complete log: /u/project/zarlab/jzou1115/CFW/MegaAnalysis_CFW_Code/confidence_interval_pipeline_pruned/.snakemake/log/2021-01-20T144534.205317.snakemake.log
