Building DAG of jobs...
Using shell: /bin/bash
Provided cluster nodes: 200
Job counts:
	count	jobs
	1	all
	32	annovar_input2
	33
Select jobs to execute...

[Fri Jan 15 21:40:59 2021]
rule annovar_input2:
    input: /u/home/j/jzou1115/project-zarlab/CFW/confidence_interval_pipeline_out_pruned_uc/finemapping/output/habit.ratio.18.11443272_snps.txt, /u/home/j/jzou1115/project-zarlab/CFW/confidence_interval_pipeline_out_pruned_uc/locuszoom/habit.ratio.18.11443272_r2.txt
    output: /u/home/j/jzou1115/project-zarlab/CFW/confidence_interval_pipeline_out_pruned_uc/finemapping/output/habit.ratio.18.11443272_annovar_input_fixRef.txt
    jobid: 21
    wildcards: q=habit.ratio.18.11443272

Submitted job 21 with external jobid 'removed environment variable LD_GOLD from submit environment - it is considered a security issue'.

[Fri Jan 15 21:41:00 2021]
rule annovar_input2:
    input: /u/home/j/jzou1115/project-zarlab/CFW/confidence_interval_pipeline_out_pruned_uc/finemapping/output/activity.middle.1.69279168_snps.txt, /u/home/j/jzou1115/project-zarlab/CFW/confidence_interval_pipeline_out_pruned_uc/locuszoom/activity.middle.1.69279168_r2.txt
    output: /u/home/j/jzou1115/project-zarlab/CFW/confidence_interval_pipeline_out_pruned_uc/finemapping/output/activity.middle.1.69279168_annovar_input_fixRef.txt
    jobid: 7
    wildcards: q=activity.middle.1.69279168

Submitted job 7 with external jobid 'removed environment variable LD_GOLD from submit environment - it is considered a security issue'.

[Fri Jan 15 21:41:02 2021]
rule annovar_input2:
    input: /u/home/j/jzou1115/project-zarlab/CFW/confidence_interval_pipeline_out_pruned_uc/finemapping/output/tibia.15.11690201_snps.txt, /u/home/j/jzou1115/project-zarlab/CFW/confidence_interval_pipeline_out_pruned_uc/locuszoom/tibia.15.11690201_r2.txt
    output: /u/home/j/jzou1115/project-zarlab/CFW/confidence_interval_pipeline_out_pruned_uc/finemapping/output/tibia.15.11690201_annovar_input_fixRef.txt
    jobid: 29
    wildcards: q=tibia.15.11690201

Submitted job 29 with external jobid 'removed environment variable LD_GOLD from submit environment - it is considered a security issue'.

[Fri Jan 15 21:41:03 2021]
rule annovar_input2:
    input: /u/home/j/jzou1115/project-zarlab/CFW/confidence_interval_pipeline_out_pruned_uc/finemapping/output/bmd.5.22911999_snps.txt, /u/home/j/jzou1115/project-zarlab/CFW/confidence_interval_pipeline_out_pruned_uc/locuszoom/bmd.5.22911999_r2.txt
    output: /u/home/j/jzou1115/project-zarlab/CFW/confidence_interval_pipeline_out_pruned_uc/finemapping/output/bmd.5.22911999_annovar_input_fixRef.txt
    jobid: 15
    wildcards: q=bmd.5.22911999

Submitted job 15 with external jobid 'removed environment variable LD_GOLD from submit environment - it is considered a security issue'.

[Fri Jan 15 21:41:05 2021]
rule annovar_input2:
    input: /u/home/j/jzou1115/project-zarlab/CFW/confidence_interval_pipeline_out_pruned_uc/finemapping/output/EDL.2.155500046_snps.txt, /u/home/j/jzou1115/project-zarlab/CFW/confidence_interval_pipeline_out_pruned_uc/locuszoom/EDL.2.155500046_r2.txt
    output: /u/home/j/jzou1115/project-zarlab/CFW/confidence_interval_pipeline_out_pruned_uc/finemapping/output/EDL.2.155500046_annovar_input_fixRef.txt
    jobid: 2
    wildcards: q=EDL.2.155500046

Submitted job 2 with external jobid 'removed environment variable LD_GOLD from submit environment - it is considered a security issue'.

[Fri Jan 15 21:41:06 2021]
rule annovar_input2:
    input: /u/home/j/jzou1115/project-zarlab/CFW/confidence_interval_pipeline_out_pruned_uc/finemapping/output/activity.total.1.69279168_snps.txt, /u/home/j/jzou1115/project-zarlab/CFW/confidence_interval_pipeline_out_pruned_uc/locuszoom/activity.total.1.69279168_r2.txt
    output: /u/home/j/jzou1115/project-zarlab/CFW/confidence_interval_pipeline_out_pruned_uc/finemapping/output/activity.total.1.69279168_annovar_input_fixRef.txt
    jobid: 8
    wildcards: q=activity.total.1.69279168

Submitted job 8 with external jobid 'removed environment variable LD_GOLD from submit environment - it is considered a security issue'.

[Fri Jan 15 21:41:07 2021]
rule annovar_input2:
    input: /u/home/j/jzou1115/project-zarlab/CFW/confidence_interval_pipeline_out_pruned_uc/finemapping/output/pp6.ppi.3.140609693_snps.txt, /u/home/j/jzou1115/project-zarlab/CFW/confidence_interval_pipeline_out_pruned_uc/locuszoom/pp6.ppi.3.140609693_r2.txt
    output: /u/home/j/jzou1115/project-zarlab/CFW/confidence_interval_pipeline_out_pruned_uc/finemapping/output/pp6.ppi.3.140609693_annovar_input_fixRef.txt
    jobid: 22
    wildcards: q=pp6.ppi.3.140609693

Submitted job 22 with external jobid 'removed environment variable LD_GOLD from submit environment - it is considered a security issue'.

[Fri Jan 15 21:41:09 2021]
rule annovar_input2:
    input: /u/home/j/jzou1115/project-zarlab/CFW/confidence_interval_pipeline_out_pruned_uc/finemapping/output/tibia.17.63599648_snps.txt, /u/home/j/jzou1115/project-zarlab/CFW/confidence_interval_pipeline_out_pruned_uc/locuszoom/tibia.17.63599648_r2.txt
    output: /u/home/j/jzou1115/project-zarlab/CFW/confidence_interval_pipeline_out_pruned_uc/finemapping/output/tibia.17.63599648_annovar_input_fixRef.txt
    jobid: 30
    wildcards: q=tibia.17.63599648

Submitted job 30 with external jobid 'removed environment variable LD_GOLD from submit environment - it is considered a security issue'.

[Fri Jan 15 21:41:10 2021]
rule annovar_input2:
    input: /u/home/j/jzou1115/project-zarlab/CFW/confidence_interval_pipeline_out_pruned_uc/finemapping/output/EDL.13.8150385_snps.txt, /u/home/j/jzou1115/project-zarlab/CFW/confidence_interval_pipeline_out_pruned_uc/locuszoom/EDL.13.8150385_r2.txt
    output: /u/home/j/jzou1115/project-zarlab/CFW/confidence_interval_pipeline_out_pruned_uc/finemapping/output/EDL.13.8150385_annovar_input_fixRef.txt
    jobid: 1
    wildcards: q=EDL.13.8150385

Submitted job 1 with external jobid 'removed environment variable LD_GOLD from submit environment - it is considered a security issue'.

[Fri Jan 15 21:41:11 2021]
rule annovar_input2:
    input: /u/home/j/jzou1115/project-zarlab/CFW/confidence_interval_pipeline_out_pruned_uc/finemapping/output/bmd.5.24099422_snps.txt, /u/home/j/jzou1115/project-zarlab/CFW/confidence_interval_pipeline_out_pruned_uc/locuszoom/bmd.5.24099422_r2.txt
    output: /u/home/j/jzou1115/project-zarlab/CFW/confidence_interval_pipeline_out_pruned_uc/finemapping/output/bmd.5.24099422_annovar_input_fixRef.txt
    jobid: 16
    wildcards: q=bmd.5.24099422

Submitted job 16 with external jobid 'removed environment variable LD_GOLD from submit environment - it is considered a security issue'.

[Fri Jan 15 21:41:12 2021]
rule annovar_input2:
    input: /u/home/j/jzou1115/project-zarlab/CFW/confidence_interval_pipeline_out_pruned_uc/finemapping/output/bmd.a.11.95549852_snps.txt, /u/home/j/jzou1115/project-zarlab/CFW/confidence_interval_pipeline_out_pruned_uc/locuszoom/bmd.a.11.95549852_r2.txt
    output: /u/home/j/jzou1115/project-zarlab/CFW/confidence_interval_pipeline_out_pruned_uc/finemapping/output/bmd.a.11.95549852_annovar_input_fixRef.txt
    jobid: 9
    wildcards: q=bmd.a.11.95549852

Submitted job 9 with external jobid 'removed environment variable LD_GOLD from submit environment - it is considered a security issue'.

[Fri Jan 15 21:41:13 2021]
rule annovar_input2:
    input: /u/home/j/jzou1115/project-zarlab/CFW/confidence_interval_pipeline_out_pruned_uc/finemapping/output/soleus.13.112998590_snps.txt, /u/home/j/jzou1115/project-zarlab/CFW/confidence_interval_pipeline_out_pruned_uc/locuszoom/soleus.13.112998590_r2.txt
    output: /u/home/j/jzou1115/project-zarlab/CFW/confidence_interval_pipeline_out_pruned_uc/finemapping/output/soleus.13.112998590_annovar_input_fixRef.txt
    jobid: 23
    wildcards: q=soleus.13.112998590

Submitted job 23 with external jobid 'removed environment variable LD_GOLD from submit environment - it is considered a security issue'.

[Fri Jan 15 21:41:15 2021]
rule annovar_input2:
    input: /u/home/j/jzou1115/project-zarlab/CFW/confidence_interval_pipeline_out_pruned_uc/finemapping/output/EDL.2.156430745_snps.txt, /u/home/j/jzou1115/project-zarlab/CFW/confidence_interval_pipeline_out_pruned_uc/locuszoom/EDL.2.156430745_r2.txt
    output: /u/home/j/jzou1115/project-zarlab/CFW/confidence_interval_pipeline_out_pruned_uc/finemapping/output/EDL.2.156430745_annovar_input_fixRef.txt
    jobid: 3
    wildcards: q=EDL.2.156430745

Submitted job 3 with external jobid 'removed environment variable LD_GOLD from submit environment - it is considered a security issue'.

[Fri Jan 15 21:41:16 2021]
rule annovar_input2:
    input: /u/home/j/jzou1115/project-zarlab/CFW/confidence_interval_pipeline_out_pruned_uc/finemapping/output/fc.cue.baseline.8.29372129_snps.txt, /u/home/j/jzou1115/project-zarlab/CFW/confidence_interval_pipeline_out_pruned_uc/locuszoom/fc.cue.baseline.8.29372129_r2.txt
    output: /u/home/j/jzou1115/project-zarlab/CFW/confidence_interval_pipeline_out_pruned_uc/finemapping/output/fc.cue.baseline.8.29372129_annovar_input_fixRef.txt
    jobid: 17
    wildcards: q=fc.cue.baseline.8.29372129

Submitted job 17 with external jobid 'removed environment variable LD_GOLD from submit environment - it is considered a security issue'.

[Fri Jan 15 21:41:17 2021]
rule annovar_input2:
    input: /u/home/j/jzou1115/project-zarlab/CFW/confidence_interval_pipeline_out_pruned_uc/finemapping/output/tibia.6.147003241_snps.txt, /u/home/j/jzou1115/project-zarlab/CFW/confidence_interval_pipeline_out_pruned_uc/locuszoom/tibia.6.147003241_r2.txt
    output: /u/home/j/jzou1115/project-zarlab/CFW/confidence_interval_pipeline_out_pruned_uc/finemapping/output/tibia.6.147003241_annovar_input_fixRef.txt
    jobid: 31
    wildcards: q=tibia.6.147003241

Submitted job 31 with external jobid 'removed environment variable LD_GOLD from submit environment - it is considered a security issue'.

[Fri Jan 15 21:41:18 2021]
rule annovar_input2:
    input: /u/home/j/jzou1115/project-zarlab/CFW/confidence_interval_pipeline_out_pruned_uc/finemapping/output/soleus.13.114209942_snps.txt, /u/home/j/jzou1115/project-zarlab/CFW/confidence_interval_pipeline_out_pruned_uc/locuszoom/soleus.13.114209942_r2.txt
    output: /u/home/j/jzou1115/project-zarlab/CFW/confidence_interval_pipeline_out_pruned_uc/finemapping/output/soleus.13.114209942_annovar_input_fixRef.txt
    jobid: 24
    wildcards: q=soleus.13.114209942

Submitted job 24 with external jobid 'removed environment variable LD_GOLD from submit environment - it is considered a security issue'.

[Fri Jan 15 21:41:19 2021]
rule annovar_input2:
    input: /u/home/j/jzou1115/project-zarlab/CFW/confidence_interval_pipeline_out_pruned_uc/finemapping/output/bmd.a.11.96587236_snps.txt, /u/home/j/jzou1115/project-zarlab/CFW/confidence_interval_pipeline_out_pruned_uc/locuszoom/bmd.a.11.96587236_r2.txt
    output: /u/home/j/jzou1115/project-zarlab/CFW/confidence_interval_pipeline_out_pruned_uc/finemapping/output/bmd.a.11.96587236_annovar_input_fixRef.txt
    jobid: 10
    wildcards: q=bmd.a.11.96587236

Submitted job 10 with external jobid 'removed environment variable LD_GOLD from submit environment - it is considered a security issue'.

[Fri Jan 15 21:41:21 2021]
rule annovar_input2:
    input: /u/home/j/jzou1115/project-zarlab/CFW/confidence_interval_pipeline_out_pruned_uc/finemapping/output/TA.13.8133170_snps.txt, /u/home/j/jzou1115/project-zarlab/CFW/confidence_interval_pipeline_out_pruned_uc/locuszoom/TA.13.8133170_r2.txt
    output: /u/home/j/jzou1115/project-zarlab/CFW/confidence_interval_pipeline_out_pruned_uc/finemapping/output/TA.13.8133170_annovar_input_fixRef.txt
    jobid: 4
    wildcards: q=TA.13.8133170

Submitted job 4 with external jobid 'removed environment variable LD_GOLD from submit environment - it is considered a security issue'.

[Fri Jan 15 21:41:23 2021]
rule annovar_input2:
    input: /u/home/j/jzou1115/project-zarlab/CFW/confidence_interval_pipeline_out_pruned_uc/finemapping/output/fc.uncond.freeze.corr.2.35366180_snps.txt, /u/home/j/jzou1115/project-zarlab/CFW/confidence_interval_pipeline_out_pruned_uc/locuszoom/fc.uncond.freeze.corr.2.35366180_r2.txt
    output: /u/home/j/jzou1115/project-zarlab/CFW/confidence_interval_pipeline_out_pruned_uc/finemapping/output/fc.uncond.freeze.corr.2.35366180_annovar_input_fixRef.txt
    jobid: 18
    wildcards: q=fc.uncond.freeze.corr.2.35366180

Submitted job 18 with external jobid 'removed environment variable LD_GOLD from submit environment - it is considered a security issue'.

[Fri Jan 15 21:41:25 2021]
rule annovar_input2:
    input: /u/home/j/jzou1115/project-zarlab/CFW/confidence_interval_pipeline_out_pruned_uc/finemapping/output/weight.bmi.tibia.9.47814385_snps.txt, /u/home/j/jzou1115/project-zarlab/CFW/confidence_interval_pipeline_out_pruned_uc/locuszoom/weight.bmi.tibia.9.47814385_r2.txt
    output: /u/home/j/jzou1115/project-zarlab/CFW/confidence_interval_pipeline_out_pruned_uc/finemapping/output/weight.bmi.tibia.9.47814385_annovar_input_fixRef.txt
    jobid: 32
    wildcards: q=weight.bmi.tibia.9.47814385

Submitted job 32 with external jobid 'removed environment variable LD_GOLD from submit environment - it is considered a security issue'.

[Fri Jan 15 21:41:27 2021]
rule annovar_input2:
    input: /u/home/j/jzou1115/project-zarlab/CFW/confidence_interval_pipeline_out_pruned_uc/finemapping/output/bmd.11.94744618_snps.txt, /u/home/j/jzou1115/project-zarlab/CFW/confidence_interval_pipeline_out_pruned_uc/locuszoom/bmd.11.94744618_r2.txt
    output: /u/home/j/jzou1115/project-zarlab/CFW/confidence_interval_pipeline_out_pruned_uc/finemapping/output/bmd.11.94744618_annovar_input_fixRef.txt
    jobid: 11
    wildcards: q=bmd.11.94744618

Submitted job 11 with external jobid 'removed environment variable LD_GOLD from submit environment - it is considered a security issue'.

[Fri Jan 15 21:41:29 2021]
rule annovar_input2:
    input: /u/home/j/jzou1115/project-zarlab/CFW/confidence_interval_pipeline_out_pruned_uc/finemapping/output/startle.3.155264828_snps.txt, /u/home/j/jzou1115/project-zarlab/CFW/confidence_interval_pipeline_out_pruned_uc/locuszoom/startle.3.155264828_r2.txt
    output: /u/home/j/jzou1115/project-zarlab/CFW/confidence_interval_pipeline_out_pruned_uc/finemapping/output/startle.3.155264828_annovar_input_fixRef.txt
    jobid: 25
    wildcards: q=startle.3.155264828

Waiting at most 600 seconds for missing files.
Submitted job 25 with external jobid 'removed environment variable LD_GOLD from submit environment - it is considered a security issue'.

[Fri Jan 15 21:41:30 2021]
rule annovar_input2:
    input: /u/home/j/jzou1115/project-zarlab/CFW/confidence_interval_pipeline_out_pruned_uc/finemapping/output/TA.15.90589642_snps.txt, /u/home/j/jzou1115/project-zarlab/CFW/confidence_interval_pipeline_out_pruned_uc/locuszoom/TA.15.90589642_r2.txt
    output: /u/home/j/jzou1115/project-zarlab/CFW/confidence_interval_pipeline_out_pruned_uc/finemapping/output/TA.15.90589642_annovar_input_fixRef.txt
    jobid: 5
    wildcards: q=TA.15.90589642

Submitted job 5 with external jobid 'removed environment variable LD_GOLD from submit environment - it is considered a security issue'.

[Fri Jan 15 21:41:32 2021]
rule annovar_input2:
    input: /u/home/j/jzou1115/project-zarlab/CFW/confidence_interval_pipeline_out_pruned_uc/finemapping/output/glucose.2.54967720_snps.txt, /u/home/j/jzou1115/project-zarlab/CFW/confidence_interval_pipeline_out_pruned_uc/locuszoom/glucose.2.54967720_r2.txt
    output: /u/home/j/jzou1115/project-zarlab/CFW/confidence_interval_pipeline_out_pruned_uc/finemapping/output/glucose.2.54967720_annovar_input_fixRef.txt
    jobid: 19
    wildcards: q=glucose.2.54967720

Submitted job 19 with external jobid 'removed environment variable LD_GOLD from submit environment - it is considered a security issue'.

[Fri Jan 15 21:41:34 2021]
rule annovar_input2:
    input: /u/home/j/jzou1115/project-zarlab/CFW/confidence_interval_pipeline_out_pruned_uc/finemapping/output/bmd.11.95761488_snps.txt, /u/home/j/jzou1115/project-zarlab/CFW/confidence_interval_pipeline_out_pruned_uc/locuszoom/bmd.11.95761488_r2.txt
    output: /u/home/j/jzou1115/project-zarlab/CFW/confidence_interval_pipeline_out_pruned_uc/finemapping/output/bmd.11.95761488_annovar_input_fixRef.txt
    jobid: 12
    wildcards: q=bmd.11.95761488

Submitted job 12 with external jobid 'removed environment variable LD_GOLD from submit environment - it is considered a security issue'.

[Fri Jan 15 21:41:36 2021]
rule annovar_input2:
    input: /u/home/j/jzou1115/project-zarlab/CFW/confidence_interval_pipeline_out_pruned_uc/finemapping/output/tail.length.4.54882089_snps.txt, /u/home/j/jzou1115/project-zarlab/CFW/confidence_interval_pipeline_out_pruned_uc/locuszoom/tail.length.4.54882089_r2.txt
    output: /u/home/j/jzou1115/project-zarlab/CFW/confidence_interval_pipeline_out_pruned_uc/finemapping/output/tail.length.4.54882089_annovar_input_fixRef.txt
    jobid: 26
    wildcards: q=tail.length.4.54882089

Submitted job 26 with external jobid 'removed environment variable LD_GOLD from submit environment - it is considered a security issue'.

[Fri Jan 15 21:41:38 2021]
rule annovar_input2:
    input: /u/home/j/jzou1115/project-zarlab/CFW/confidence_interval_pipeline_out_pruned_uc/finemapping/output/bmd.5.21605895_snps.txt, /u/home/j/jzou1115/project-zarlab/CFW/confidence_interval_pipeline_out_pruned_uc/locuszoom/bmd.5.21605895_r2.txt
    output: /u/home/j/jzou1115/project-zarlab/CFW/confidence_interval_pipeline_out_pruned_uc/finemapping/output/bmd.5.21605895_annovar_input_fixRef.txt
    jobid: 14
    wildcards: q=bmd.5.21605895

Submitted job 14 with external jobid 'removed environment variable LD_GOLD from submit environment - it is considered a security issue'.

[Fri Jan 15 21:41:39 2021]
rule annovar_input2:
    input: /u/home/j/jzou1115/project-zarlab/CFW/confidence_interval_pipeline_out_pruned_uc/finemapping/output/activity.middle.11.92774033_snps.txt, /u/home/j/jzou1115/project-zarlab/CFW/confidence_interval_pipeline_out_pruned_uc/locuszoom/activity.middle.11.92774033_r2.txt
    output: /u/home/j/jzou1115/project-zarlab/CFW/confidence_interval_pipeline_out_pruned_uc/finemapping/output/activity.middle.11.92774033_annovar_input_fixRef.txt
    jobid: 6
    wildcards: q=activity.middle.11.92774033

Submitted job 6 with external jobid 'removed environment variable LD_GOLD from submit environment - it is considered a security issue'.

[Fri Jan 15 21:41:41 2021]
rule annovar_input2:
    input: /u/home/j/jzou1115/project-zarlab/CFW/confidence_interval_pipeline_out_pruned_uc/finemapping/output/glucose.2.56207051_snps.txt, /u/home/j/jzou1115/project-zarlab/CFW/confidence_interval_pipeline_out_pruned_uc/locuszoom/glucose.2.56207051_r2.txt
    output: /u/home/j/jzou1115/project-zarlab/CFW/confidence_interval_pipeline_out_pruned_uc/finemapping/output/glucose.2.56207051_annovar_input_fixRef.txt
    jobid: 20
    wildcards: q=glucose.2.56207051

Submitted job 20 with external jobid 'removed environment variable LD_GOLD from submit environment - it is considered a security issue'.

[Fri Jan 15 21:41:41 2021]
rule annovar_input2:
    input: /u/home/j/jzou1115/project-zarlab/CFW/confidence_interval_pipeline_out_pruned_uc/finemapping/output/bmd.11.96791403_snps.txt, /u/home/j/jzou1115/project-zarlab/CFW/confidence_interval_pipeline_out_pruned_uc/locuszoom/bmd.11.96791403_r2.txt
    output: /u/home/j/jzou1115/project-zarlab/CFW/confidence_interval_pipeline_out_pruned_uc/finemapping/output/bmd.11.96791403_annovar_input_fixRef.txt
    jobid: 13
    wildcards: q=bmd.11.96791403

Submitted job 13 with external jobid 'removed environment variable LD_GOLD from submit environment - it is considered a security issue'.

[Fri Jan 15 21:41:43 2021]
rule annovar_input2:
    input: /u/home/j/jzou1115/project-zarlab/CFW/confidence_interval_pipeline_out_pruned_uc/finemapping/output/tibia.12.82921877_snps.txt, /u/home/j/jzou1115/project-zarlab/CFW/confidence_interval_pipeline_out_pruned_uc/locuszoom/tibia.12.82921877_r2.txt
    output: /u/home/j/jzou1115/project-zarlab/CFW/confidence_interval_pipeline_out_pruned_uc/finemapping/output/tibia.12.82921877_annovar_input_fixRef.txt
    jobid: 27
    wildcards: q=tibia.12.82921877

Submitted job 27 with external jobid 'removed environment variable LD_GOLD from submit environment - it is considered a security issue'.

[Fri Jan 15 21:41:44 2021]
rule annovar_input2:
    input: /u/home/j/jzou1115/project-zarlab/CFW/confidence_interval_pipeline_out_pruned_uc/finemapping/output/tibia.12.83641175_snps.txt, /u/home/j/jzou1115/project-zarlab/CFW/confidence_interval_pipeline_out_pruned_uc/locuszoom/tibia.12.83641175_r2.txt
    output: /u/home/j/jzou1115/project-zarlab/CFW/confidence_interval_pipeline_out_pruned_uc/finemapping/output/tibia.12.83641175_annovar_input_fixRef.txt
    jobid: 28
    wildcards: q=tibia.12.83641175

Submitted job 28 with external jobid 'removed environment variable LD_GOLD from submit environment - it is considered a security issue'.
[Fri Jan 15 21:42:17 2021]
Finished job 15.
1 of 33 steps (3%) done
[Fri Jan 15 21:42:17 2021]
Finished job 22.
2 of 33 steps (6%) done
[Fri Jan 15 21:42:17 2021]
Finished job 30.
3 of 33 steps (9%) done
[Fri Jan 15 21:42:17 2021]
Finished job 16.
4 of 33 steps (12%) done
[Fri Jan 15 21:42:17 2021]
Finished job 9.
5 of 33 steps (15%) done
[Fri Jan 15 21:42:17 2021]
Finished job 23.
6 of 33 steps (18%) done
[Fri Jan 15 21:42:18 2021]
Finished job 17.
7 of 33 steps (21%) done
[Fri Jan 15 21:42:18 2021]
Finished job 31.
8 of 33 steps (24%) done
[Fri Jan 15 21:42:18 2021]
Finished job 10.
9 of 33 steps (27%) done
[Fri Jan 15 21:42:18 2021]
Finished job 32.
10 of 33 steps (30%) done
[Fri Jan 15 21:42:28 2021]
Finished job 5.
11 of 33 steps (33%) done
[Fri Jan 15 21:42:28 2021]
Finished job 14.
12 of 33 steps (36%) done
[Fri Jan 15 21:42:29 2021]
Finished job 24.
13 of 33 steps (39%) done
[Fri Jan 15 21:42:29 2021]
Finished job 21.
14 of 33 steps (42%) done
[Fri Jan 15 21:42:29 2021]
Finished job 7.
15 of 33 steps (45%) done
[Fri Jan 15 21:42:29 2021]
Finished job 29.
16 of 33 steps (48%) done
[Fri Jan 15 21:42:29 2021]
Finished job 2.
17 of 33 steps (52%) done
[Fri Jan 15 21:42:29 2021]
Finished job 1.
18 of 33 steps (55%) done
[Fri Jan 15 21:42:40 2021]
Finished job 25.
19 of 33 steps (58%) done
[Fri Jan 15 21:42:41 2021]
Finished job 4.
20 of 33 steps (61%) done
[Fri Jan 15 21:42:51 2021]
Finished job 12.
21 of 33 steps (64%) done
[Fri Jan 15 21:42:51 2021]
Finished job 26.
22 of 33 steps (67%) done
[Fri Jan 15 21:42:51 2021]
Finished job 8.
23 of 33 steps (70%) done
[Fri Jan 15 21:42:51 2021]
Finished job 3.
24 of 33 steps (73%) done
[Fri Jan 15 21:42:52 2021]
Finished job 11.
25 of 33 steps (76%) done
[Fri Jan 15 21:43:22 2021]
Finished job 19.
26 of 33 steps (79%) done
[Fri Jan 15 21:43:22 2021]
Finished job 6.
27 of 33 steps (82%) done
[Fri Jan 15 21:43:22 2021]
Finished job 13.
28 of 33 steps (85%) done
[Fri Jan 15 21:43:22 2021]
Finished job 27.
29 of 33 steps (88%) done
[Fri Jan 15 21:43:22 2021]
Finished job 28.
30 of 33 steps (91%) done
[Fri Jan 15 21:43:22 2021]
Finished job 18.
31 of 33 steps (94%) done
[Fri Jan 15 21:43:52 2021]
Finished job 20.
32 of 33 steps (97%) done
Select jobs to execute...

[Fri Jan 15 21:43:52 2021]
localrule all:
    input: /u/home/j/jzou1115/project-zarlab/CFW/confidence_interval_pipeline_out_pruned_uc/finemapping/output/EDL.13.8150385_annovar_input_fixRef.txt, /u/home/j/jzou1115/project-zarlab/CFW/confidence_interval_pipeline_out_pruned_uc/finemapping/output/EDL.2.155500046_annovar_input_fixRef.txt, /u/home/j/jzou1115/project-zarlab/CFW/confidence_interval_pipeline_out_pruned_uc/finemapping/output/EDL.2.156430745_annovar_input_fixRef.txt, /u/home/j/jzou1115/project-zarlab/CFW/confidence_interval_pipeline_out_pruned_uc/finemapping/output/TA.13.8133170_annovar_input_fixRef.txt, /u/home/j/jzou1115/project-zarlab/CFW/confidence_interval_pipeline_out_pruned_uc/finemapping/output/TA.15.90589642_annovar_input_fixRef.txt, /u/home/j/jzou1115/project-zarlab/CFW/confidence_interval_pipeline_out_pruned_uc/finemapping/output/activity.middle.11.92774033_annovar_input_fixRef.txt, /u/home/j/jzou1115/project-zarlab/CFW/confidence_interval_pipeline_out_pruned_uc/finemapping/output/activity.middle.1.69279168_annovar_input_fixRef.txt, /u/home/j/jzou1115/project-zarlab/CFW/confidence_interval_pipeline_out_pruned_uc/finemapping/output/activity.total.1.69279168_annovar_input_fixRef.txt, /u/home/j/jzou1115/project-zarlab/CFW/confidence_interval_pipeline_out_pruned_uc/finemapping/output/bmd.a.11.95549852_annovar_input_fixRef.txt, /u/home/j/jzou1115/project-zarlab/CFW/confidence_interval_pipeline_out_pruned_uc/finemapping/output/bmd.a.11.96587236_annovar_input_fixRef.txt, /u/home/j/jzou1115/project-zarlab/CFW/confidence_interval_pipeline_out_pruned_uc/finemapping/output/bmd.11.94744618_annovar_input_fixRef.txt, /u/home/j/jzou1115/project-zarlab/CFW/confidence_interval_pipeline_out_pruned_uc/finemapping/output/bmd.11.95761488_annovar_input_fixRef.txt, /u/home/j/jzou1115/project-zarlab/CFW/confidence_interval_pipeline_out_pruned_uc/finemapping/output/bmd.11.96791403_annovar_input_fixRef.txt, /u/home/j/jzou1115/project-zarlab/CFW/confidence_interval_pipeline_out_pruned_uc/finemapping/output/bmd.5.21605895_annovar_input_fixRef.txt, /u/home/j/jzou1115/project-zarlab/CFW/confidence_interval_pipeline_out_pruned_uc/finemapping/output/bmd.5.22911999_annovar_input_fixRef.txt, /u/home/j/jzou1115/project-zarlab/CFW/confidence_interval_pipeline_out_pruned_uc/finemapping/output/bmd.5.24099422_annovar_input_fixRef.txt, /u/home/j/jzou1115/project-zarlab/CFW/confidence_interval_pipeline_out_pruned_uc/finemapping/output/fc.cue.baseline.8.29372129_annovar_input_fixRef.txt, /u/home/j/jzou1115/project-zarlab/CFW/confidence_interval_pipeline_out_pruned_uc/finemapping/output/fc.uncond.freeze.corr.2.35366180_annovar_input_fixRef.txt, /u/home/j/jzou1115/project-zarlab/CFW/confidence_interval_pipeline_out_pruned_uc/finemapping/output/glucose.2.54967720_annovar_input_fixRef.txt, /u/home/j/jzou1115/project-zarlab/CFW/confidence_interval_pipeline_out_pruned_uc/finemapping/output/glucose.2.56207051_annovar_input_fixRef.txt, /u/home/j/jzou1115/project-zarlab/CFW/confidence_interval_pipeline_out_pruned_uc/finemapping/output/habit.ratio.18.11443272_annovar_input_fixRef.txt, /u/home/j/jzou1115/project-zarlab/CFW/confidence_interval_pipeline_out_pruned_uc/finemapping/output/pp6.ppi.3.140609693_annovar_input_fixRef.txt, /u/home/j/jzou1115/project-zarlab/CFW/confidence_interval_pipeline_out_pruned_uc/finemapping/output/soleus.13.112998590_annovar_input_fixRef.txt, /u/home/j/jzou1115/project-zarlab/CFW/confidence_interval_pipeline_out_pruned_uc/finemapping/output/soleus.13.114209942_annovar_input_fixRef.txt, /u/home/j/jzou1115/project-zarlab/CFW/confidence_interval_pipeline_out_pruned_uc/finemapping/output/startle.3.155264828_annovar_input_fixRef.txt, /u/home/j/jzou1115/project-zarlab/CFW/confidence_interval_pipeline_out_pruned_uc/finemapping/output/tail.length.4.54882089_annovar_input_fixRef.txt, /u/home/j/jzou1115/project-zarlab/CFW/confidence_interval_pipeline_out_pruned_uc/finemapping/output/tibia.12.82921877_annovar_input_fixRef.txt, /u/home/j/jzou1115/project-zarlab/CFW/confidence_interval_pipeline_out_pruned_uc/finemapping/output/tibia.12.83641175_annovar_input_fixRef.txt, /u/home/j/jzou1115/project-zarlab/CFW/confidence_interval_pipeline_out_pruned_uc/finemapping/output/tibia.15.11690201_annovar_input_fixRef.txt, /u/home/j/jzou1115/project-zarlab/CFW/confidence_interval_pipeline_out_pruned_uc/finemapping/output/tibia.17.63599648_annovar_input_fixRef.txt, /u/home/j/jzou1115/project-zarlab/CFW/confidence_interval_pipeline_out_pruned_uc/finemapping/output/tibia.6.147003241_annovar_input_fixRef.txt, /u/home/j/jzou1115/project-zarlab/CFW/confidence_interval_pipeline_out_pruned_uc/finemapping/output/weight.bmi.tibia.9.47814385_annovar_input_fixRef.txt
    jobid: 0

[Fri Jan 15 21:43:52 2021]
Finished job 0.
33 of 33 steps (100%) done
Complete log: /u/project/zarlab/jzou1115/CFW/MegaAnalysis_CFW_Code/confidence_interval_pipeline_pruned/.snakemake/log/2021-01-15T214058.553655.snakemake.log
