Building DAG of jobs...
Using shell: /bin/bash
Provided cores: 1 (use --cores to define parallelism)
Rules claiming more threads will be scaled down.
Job counts:
	count	jobs
	1	all
	132	annovar_input2
	133
Select jobs to execute...

[Thu Jan 14 11:18:45 2021]
rule annovar_input2:
    input: /u/home/j/jzou1115/project-zarlab/CFW/confidence_interval_pipeline_out_pruned/finemapping/output/tail.length.8.81878779_snps.txt, /u/home/j/jzou1115/project-zarlab/CFW/confidence_interval_pipeline_out_pruned/locuszoom/tail.length.8.81878779_r2.txt
    output: /u/home/j/jzou1115/project-zarlab/CFW/confidence_interval_pipeline_out_pruned/finemapping/output/tail.length.8.81878779_annovar_input_fixRef.txt
    jobid: 104
    wildcards: q=tail.length.8.81878779

[Thu Jan 14 11:19:25 2021]
Finished job 104.
1 of 133 steps (0.75%) done
Select jobs to execute...

[Thu Jan 14 11:19:25 2021]
rule annovar_input2:
    input: /u/home/j/jzou1115/project-zarlab/CFW/confidence_interval_pipeline_out_pruned/finemapping/output/tibia.6.147721449_snps.txt, /u/home/j/jzou1115/project-zarlab/CFW/confidence_interval_pipeline_out_pruned/locuszoom/tibia.6.147721449_r2.txt
    output: /u/home/j/jzou1115/project-zarlab/CFW/confidence_interval_pipeline_out_pruned/finemapping/output/tibia.6.147721449_annovar_input_fixRef.txt
    jobid: 118
    wildcards: q=tibia.6.147721449

[Thu Jan 14 11:20:22 2021]
Finished job 118.
2 of 133 steps (2%) done
Select jobs to execute...

[Thu Jan 14 11:20:22 2021]
rule annovar_input2:
    input: /u/home/j/jzou1115/project-zarlab/CFW/confidence_interval_pipeline_out_pruned/finemapping/output/weight.17.34900243_snps.txt, /u/home/j/jzou1115/project-zarlab/CFW/confidence_interval_pipeline_out_pruned/locuszoom/weight.17.34900243_r2.txt
    output: /u/home/j/jzou1115/project-zarlab/CFW/confidence_interval_pipeline_out_pruned/finemapping/output/weight.17.34900243_annovar_input_fixRef.txt
    jobid: 132
    wildcards: q=weight.17.34900243

[Thu Jan 14 11:21:09 2021]
Finished job 132.
3 of 133 steps (2%) done
Select jobs to execute...

[Thu Jan 14 11:21:09 2021]
rule annovar_input2:
    input: /u/home/j/jzou1115/project-zarlab/CFW/confidence_interval_pipeline_out_pruned/finemapping/output/activity.begin.2.153696216_snps.txt, /u/home/j/jzou1115/project-zarlab/CFW/confidence_interval_pipeline_out_pruned/locuszoom/activity.begin.2.153696216_r2.txt
    output: /u/home/j/jzou1115/project-zarlab/CFW/confidence_interval_pipeline_out_pruned/finemapping/output/activity.begin.2.153696216_annovar_input_fixRef.txt
    jobid: 25
    wildcards: q=activity.begin.2.153696216

[Thu Jan 14 11:21:10 2021]
Finished job 25.
4 of 133 steps (3%) done
Select jobs to execute...

[Thu Jan 14 11:21:10 2021]
rule annovar_input2:
    input: /u/home/j/jzou1115/project-zarlab/CFW/confidence_interval_pipeline_out_pruned/finemapping/output/activity.middle.13.8209788_snps.txt, /u/home/j/jzou1115/project-zarlab/CFW/confidence_interval_pipeline_out_pruned/locuszoom/activity.middle.13.8209788_r2.txt
    output: /u/home/j/jzou1115/project-zarlab/CFW/confidence_interval_pipeline_out_pruned/finemapping/output/activity.middle.13.8209788_annovar_input_fixRef.txt
    jobid: 39
    wildcards: q=activity.middle.13.8209788

[Thu Jan 14 11:22:10 2021]
Finished job 39.
5 of 133 steps (4%) done
Select jobs to execute...

[Thu Jan 14 11:22:10 2021]
rule annovar_input2:
    input: /u/home/j/jzou1115/project-zarlab/CFW/confidence_interval_pipeline_out_pruned/finemapping/output/TA.11.18398304_snps.txt, /u/home/j/jzou1115/project-zarlab/CFW/confidence_interval_pipeline_out_pruned/locuszoom/TA.11.18398304_r2.txt
    output: /u/home/j/jzou1115/project-zarlab/CFW/confidence_interval_pipeline_out_pruned/finemapping/output/TA.11.18398304_annovar_input_fixRef.txt
    jobid: 12
    wildcards: q=TA.11.18398304

[Thu Jan 14 11:23:13 2021]
Finished job 12.
6 of 133 steps (5%) done
Select jobs to execute...

[Thu Jan 14 11:23:13 2021]
rule annovar_input2:
    input: /u/home/j/jzou1115/project-zarlab/CFW/confidence_interval_pipeline_out_pruned/finemapping/output/TA.11.79522084_snps.txt, /u/home/j/jzou1115/project-zarlab/CFW/confidence_interval_pipeline_out_pruned/locuszoom/TA.11.79522084_r2.txt
    output: /u/home/j/jzou1115/project-zarlab/CFW/confidence_interval_pipeline_out_pruned/finemapping/output/TA.11.79522084_annovar_input_fixRef.txt
    jobid: 13
    wildcards: q=TA.11.79522084

[Thu Jan 14 11:24:15 2021]
Finished job 13.
7 of 133 steps (5%) done
Select jobs to execute...

[Thu Jan 14 11:24:15 2021]
rule annovar_input2:
    input: /u/home/j/jzou1115/project-zarlab/CFW/confidence_interval_pipeline_out_pruned/finemapping/output/activity.middle.2.152116228_snps.txt, /u/home/j/jzou1115/project-zarlab/CFW/confidence_interval_pipeline_out_pruned/locuszoom/activity.middle.2.152116228_r2.txt
    output: /u/home/j/jzou1115/project-zarlab/CFW/confidence_interval_pipeline_out_pruned/finemapping/output/activity.middle.2.152116228_annovar_input_fixRef.txt
    jobid: 41
    wildcards: q=activity.middle.2.152116228

[Thu Jan 14 11:24:17 2021]
Finished job 41.
8 of 133 steps (6%) done
Select jobs to execute...

[Thu Jan 14 11:24:17 2021]
rule annovar_input2:
    input: /u/home/j/jzou1115/project-zarlab/CFW/confidence_interval_pipeline_out_pruned/finemapping/output/activity.middle.2.153760436_snps.txt, /u/home/j/jzou1115/project-zarlab/CFW/confidence_interval_pipeline_out_pruned/locuszoom/activity.middle.2.153760436_r2.txt
    output: /u/home/j/jzou1115/project-zarlab/CFW/confidence_interval_pipeline_out_pruned/finemapping/output/activity.middle.2.153760436_annovar_input_fixRef.txt
    jobid: 42
    wildcards: q=activity.middle.2.153760436

[Thu Jan 14 11:24:18 2021]
Finished job 42.
9 of 133 steps (7%) done
Select jobs to execute...

[Thu Jan 14 11:24:18 2021]
rule annovar_input2:
    input: /u/home/j/jzou1115/project-zarlab/CFW/confidence_interval_pipeline_out_pruned/finemapping/output/activity.end.11.96653605_snps.txt, /u/home/j/jzou1115/project-zarlab/CFW/confidence_interval_pipeline_out_pruned/locuszoom/activity.end.11.96653605_r2.txt
    output: /u/home/j/jzou1115/project-zarlab/CFW/confidence_interval_pipeline_out_pruned/finemapping/output/activity.end.11.96653605_annovar_input_fixRef.txt
    jobid: 28
    wildcards: q=activity.end.11.96653605

[Thu Jan 14 11:25:20 2021]
Finished job 28.
10 of 133 steps (8%) done
Select jobs to execute...

[Thu Jan 14 11:25:20 2021]
rule annovar_input2:
    input: /u/home/j/jzou1115/project-zarlab/CFW/confidence_interval_pipeline_out_pruned/finemapping/output/TA.12.83514944_snps.txt, /u/home/j/jzou1115/project-zarlab/CFW/confidence_interval_pipeline_out_pruned/locuszoom/TA.12.83514944_r2.txt
    output: /u/home/j/jzou1115/project-zarlab/CFW/confidence_interval_pipeline_out_pruned/finemapping/output/TA.12.83514944_annovar_input_fixRef.txt
    jobid: 15
    wildcards: q=TA.12.83514944

[Thu Jan 14 11:26:17 2021]
Finished job 15.
11 of 133 steps (8%) done
Select jobs to execute...

[Thu Jan 14 11:26:17 2021]
rule annovar_input2:
    input: /u/home/j/jzou1115/project-zarlab/CFW/confidence_interval_pipeline_out_pruned/finemapping/output/activity.middle.2.89917236_snps.txt, /u/home/j/jzou1115/project-zarlab/CFW/confidence_interval_pipeline_out_pruned/locuszoom/activity.middle.2.89917236_r2.txt
    output: /u/home/j/jzou1115/project-zarlab/CFW/confidence_interval_pipeline_out_pruned/finemapping/output/activity.middle.2.89917236_annovar_input_fixRef.txt
    jobid: 43
    wildcards: q=activity.middle.2.89917236

[Thu Jan 14 11:27:36 2021]
Finished job 43.
12 of 133 steps (9%) done
Select jobs to execute...

[Thu Jan 14 11:27:36 2021]
rule annovar_input2:
    input: /u/home/j/jzou1115/project-zarlab/CFW/confidence_interval_pipeline_out_pruned/finemapping/output/TA.13.9090078_snps.txt, /u/home/j/jzou1115/project-zarlab/CFW/confidence_interval_pipeline_out_pruned/locuszoom/TA.13.9090078_r2.txt
    output: /u/home/j/jzou1115/project-zarlab/CFW/confidence_interval_pipeline_out_pruned/finemapping/output/TA.13.9090078_annovar_input_fixRef.txt
    jobid: 16
    wildcards: q=TA.13.9090078

[Thu Jan 14 11:28:36 2021]
Finished job 16.
13 of 133 steps (10%) done
Select jobs to execute...

[Thu Jan 14 11:28:36 2021]
rule annovar_input2:
    input: /u/home/j/jzou1115/project-zarlab/CFW/confidence_interval_pipeline_out_pruned/finemapping/output/activity.middle.11.95651415_snps.txt, /u/home/j/jzou1115/project-zarlab/CFW/confidence_interval_pipeline_out_pruned/locuszoom/activity.middle.11.95651415_r2.txt
    output: /u/home/j/jzou1115/project-zarlab/CFW/confidence_interval_pipeline_out_pruned/finemapping/output/activity.middle.11.95651415_annovar_input_fixRef.txt
    jobid: 35
    wildcards: q=activity.middle.11.95651415

[Thu Jan 14 11:28:38 2021]
Finished job 35.
14 of 133 steps (11%) done
Select jobs to execute...

[Thu Jan 14 11:28:38 2021]
rule annovar_input2:
    input: /u/home/j/jzou1115/project-zarlab/CFW/confidence_interval_pipeline_out_pruned/finemapping/output/activity.middle.9.81879809_snps.txt, /u/home/j/jzou1115/project-zarlab/CFW/confidence_interval_pipeline_out_pruned/locuszoom/activity.middle.9.81879809_r2.txt
    output: /u/home/j/jzou1115/project-zarlab/CFW/confidence_interval_pipeline_out_pruned/finemapping/output/activity.middle.9.81879809_annovar_input_fixRef.txt
    jobid: 44
    wildcards: q=activity.middle.9.81879809

[Thu Jan 14 11:29:20 2021]
Finished job 44.
15 of 133 steps (11%) done
Select jobs to execute...

[Thu Jan 14 11:29:20 2021]
rule annovar_input2:
    input: /u/home/j/jzou1115/project-zarlab/CFW/confidence_interval_pipeline_out_pruned/finemapping/output/TA.2.154645131_snps.txt, /u/home/j/jzou1115/project-zarlab/CFW/confidence_interval_pipeline_out_pruned/locuszoom/TA.2.154645131_r2.txt
    output: /u/home/j/jzou1115/project-zarlab/CFW/confidence_interval_pipeline_out_pruned/finemapping/output/TA.2.154645131_annovar_input_fixRef.txt
    jobid: 17
    wildcards: q=TA.2.154645131

[Thu Jan 14 11:30:36 2021]
Finished job 17.
16 of 133 steps (12%) done
Select jobs to execute...

[Thu Jan 14 11:30:37 2021]
rule annovar_input2:
    input: /u/home/j/jzou1115/project-zarlab/CFW/confidence_interval_pipeline_out_pruned/finemapping/output/activity.end.13.7101524_snps.txt, /u/home/j/jzou1115/project-zarlab/CFW/confidence_interval_pipeline_out_pruned/locuszoom/activity.end.13.7101524_r2.txt
    output: /u/home/j/jzou1115/project-zarlab/CFW/confidence_interval_pipeline_out_pruned/finemapping/output/activity.end.13.7101524_annovar_input_fixRef.txt
    jobid: 31
    wildcards: q=activity.end.13.7101524

[Thu Jan 14 11:31:37 2021]
Finished job 31.
17 of 133 steps (13%) done
Select jobs to execute...

[Thu Jan 14 11:31:38 2021]
rule annovar_input2:
    input: /u/home/j/jzou1115/project-zarlab/CFW/confidence_interval_pipeline_out_pruned/finemapping/output/EDL.2.155780222_snps.txt, /u/home/j/jzou1115/project-zarlab/CFW/confidence_interval_pipeline_out_pruned/locuszoom/EDL.2.155780222_r2.txt
    output: /u/home/j/jzou1115/project-zarlab/CFW/confidence_interval_pipeline_out_pruned/finemapping/output/EDL.2.155780222_annovar_input_fixRef.txt
    jobid: 4
    wildcards: q=EDL.2.155780222

[Thu Jan 14 11:32:55 2021]
Finished job 4.
18 of 133 steps (14%) done
Select jobs to execute...

[Thu Jan 14 11:32:55 2021]
rule annovar_input2:
    input: /u/home/j/jzou1115/project-zarlab/CFW/confidence_interval_pipeline_out_pruned/finemapping/output/activity.end.13.8209788_snps.txt, /u/home/j/jzou1115/project-zarlab/CFW/confidence_interval_pipeline_out_pruned/locuszoom/activity.end.13.8209788_r2.txt
    output: /u/home/j/jzou1115/project-zarlab/CFW/confidence_interval_pipeline_out_pruned/finemapping/output/activity.end.13.8209788_annovar_input_fixRef.txt
    jobid: 32
    wildcards: q=activity.end.13.8209788

[Thu Jan 14 11:33:55 2021]
Finished job 32.
19 of 133 steps (14%) done
Select jobs to execute...

[Thu Jan 14 11:33:57 2021]
rule annovar_input2:
    input: /u/home/j/jzou1115/project-zarlab/CFW/confidence_interval_pipeline_out_pruned/finemapping/output/EDL.2.77669072_snps.txt, /u/home/j/jzou1115/project-zarlab/CFW/confidence_interval_pipeline_out_pruned/locuszoom/EDL.2.77669072_r2.txt
    output: /u/home/j/jzou1115/project-zarlab/CFW/confidence_interval_pipeline_out_pruned/finemapping/output/EDL.2.77669072_annovar_input_fixRef.txt
    jobid: 5
    wildcards: q=EDL.2.77669072

[Thu Jan 14 11:35:14 2021]
Finished job 5.
20 of 133 steps (15%) done
Select jobs to execute...

[Thu Jan 14 11:35:14 2021]
rule annovar_input2:
    input: /u/home/j/jzou1115/project-zarlab/CFW/confidence_interval_pipeline_out_pruned/finemapping/output/activity.begin.11.93418612_snps.txt, /u/home/j/jzou1115/project-zarlab/CFW/confidence_interval_pipeline_out_pruned/locuszoom/activity.begin.11.93418612_r2.txt
    output: /u/home/j/jzou1115/project-zarlab/CFW/confidence_interval_pipeline_out_pruned/finemapping/output/activity.begin.11.93418612_annovar_input_fixRef.txt
    jobid: 19
    wildcards: q=activity.begin.11.93418612

[Thu Jan 14 11:36:18 2021]
Finished job 19.
21 of 133 steps (16%) done
Select jobs to execute...

[Thu Jan 14 11:36:18 2021]
rule annovar_input2:
    input: /u/home/j/jzou1115/project-zarlab/CFW/confidence_interval_pipeline_out_pruned/finemapping/output/activity.total.11.96653605_snps.txt, /u/home/j/jzou1115/project-zarlab/CFW/confidence_interval_pipeline_out_pruned/locuszoom/activity.total.11.96653605_r2.txt
    output: /u/home/j/jzou1115/project-zarlab/CFW/confidence_interval_pipeline_out_pruned/finemapping/output/activity.total.11.96653605_annovar_input_fixRef.txt
    jobid: 47
    wildcards: q=activity.total.11.96653605

[Thu Jan 14 11:36:20 2021]
Finished job 47.
22 of 133 steps (17%) done
Select jobs to execute...

[Thu Jan 14 11:36:20 2021]
rule annovar_input2:
    input: /u/home/j/jzou1115/project-zarlab/CFW/confidence_interval_pipeline_out_pruned/finemapping/output/activity.begin.11.94772022_snps.txt, /u/home/j/jzou1115/project-zarlab/CFW/confidence_interval_pipeline_out_pruned/locuszoom/activity.begin.11.94772022_r2.txt
    output: /u/home/j/jzou1115/project-zarlab/CFW/confidence_interval_pipeline_out_pruned/finemapping/output/activity.begin.11.94772022_annovar_input_fixRef.txt
    jobid: 20
    wildcards: q=activity.begin.11.94772022

[Thu Jan 14 11:36:21 2021]
Finished job 20.
23 of 133 steps (17%) done
Select jobs to execute...

[Thu Jan 14 11:36:21 2021]
rule annovar_input2:
    input: /u/home/j/jzou1115/project-zarlab/CFW/confidence_interval_pipeline_out_pruned/finemapping/output/activity.total.13.10144490_snps.txt, /u/home/j/jzou1115/project-zarlab/CFW/confidence_interval_pipeline_out_pruned/locuszoom/activity.total.13.10144490_r2.txt
    output: /u/home/j/jzou1115/project-zarlab/CFW/confidence_interval_pipeline_out_pruned/finemapping/output/activity.total.13.10144490_annovar_input_fixRef.txt
    jobid: 48
    wildcards: q=activity.total.13.10144490

[Thu Jan 14 11:37:20 2021]
Finished job 48.
24 of 133 steps (18%) done
Select jobs to execute...

[Thu Jan 14 11:37:21 2021]
rule annovar_input2:
    input: /u/home/j/jzou1115/project-zarlab/CFW/confidence_interval_pipeline_out_pruned/finemapping/output/weight.17.37094289_snps.txt, /u/home/j/jzou1115/project-zarlab/CFW/confidence_interval_pipeline_out_pruned/locuszoom/weight.17.37094289_r2.txt
    output: /u/home/j/jzou1115/project-zarlab/CFW/confidence_interval_pipeline_out_pruned/finemapping/output/weight.17.37094289_annovar_input_fixRef.txt
    jobid: 133
    wildcards: q=weight.17.37094289

[Thu Jan 14 11:38:09 2021]
Finished job 133.
25 of 133 steps (19%) done
Select jobs to execute...

[Thu Jan 14 11:38:09 2021]
rule annovar_input2:
    input: /u/home/j/jzou1115/project-zarlab/CFW/confidence_interval_pipeline_out_pruned/finemapping/output/basal.activity.13.6154389_snps.txt, /u/home/j/jzou1115/project-zarlab/CFW/confidence_interval_pipeline_out_pruned/locuszoom/basal.activity.13.6154389_r2.txt
    output: /u/home/j/jzou1115/project-zarlab/CFW/confidence_interval_pipeline_out_pruned/finemapping/output/basal.activity.13.6154389_annovar_input_fixRef.txt
    jobid: 63
    wildcards: q=basal.activity.13.6154389

[Thu Jan 14 11:39:10 2021]
Finished job 63.
26 of 133 steps (20%) done
Select jobs to execute...

[Thu Jan 14 11:39:10 2021]
rule annovar_input2:
    input: /u/home/j/jzou1115/project-zarlab/CFW/confidence_interval_pipeline_out_pruned/finemapping/output/plantaris.13.116222549_snps.txt, /u/home/j/jzou1115/project-zarlab/CFW/confidence_interval_pipeline_out_pruned/locuszoom/plantaris.13.116222549_r2.txt
    output: /u/home/j/jzou1115/project-zarlab/CFW/confidence_interval_pipeline_out_pruned/finemapping/output/plantaris.13.116222549_annovar_input_fixRef.txt
    jobid: 91
    wildcards: q=plantaris.13.116222549

[Thu Jan 14 11:40:12 2021]
Finished job 91.
27 of 133 steps (20%) done
Select jobs to execute...

[Thu Jan 14 11:40:12 2021]
rule annovar_input2:
    input: /u/home/j/jzou1115/project-zarlab/CFW/confidence_interval_pipeline_out_pruned/finemapping/output/activity.begin.13.7632884_snps.txt, /u/home/j/jzou1115/project-zarlab/CFW/confidence_interval_pipeline_out_pruned/locuszoom/activity.begin.13.7632884_r2.txt
    output: /u/home/j/jzou1115/project-zarlab/CFW/confidence_interval_pipeline_out_pruned/finemapping/output/activity.begin.13.7632884_annovar_input_fixRef.txt
    jobid: 22
    wildcards: q=activity.begin.13.7632884

[Thu Jan 14 11:41:12 2021]
Finished job 22.
28 of 133 steps (21%) done
Select jobs to execute...

[Thu Jan 14 11:41:12 2021]
rule annovar_input2:
    input: /u/home/j/jzou1115/project-zarlab/CFW/confidence_interval_pipeline_out_pruned/finemapping/output/activity.middle.11.96852500_snps.txt, /u/home/j/jzou1115/project-zarlab/CFW/confidence_interval_pipeline_out_pruned/locuszoom/activity.middle.11.96852500_r2.txt
    output: /u/home/j/jzou1115/project-zarlab/CFW/confidence_interval_pipeline_out_pruned/finemapping/output/activity.middle.11.96852500_annovar_input_fixRef.txt
    jobid: 36
    wildcards: q=activity.middle.11.96852500

[Thu Jan 14 11:41:14 2021]
Finished job 36.
29 of 133 steps (22%) done
Select jobs to execute...

[Thu Jan 14 11:41:14 2021]
rule annovar_input2:
    input: /u/home/j/jzou1115/project-zarlab/CFW/confidence_interval_pipeline_out_pruned/finemapping/output/activity.total.13.7101524_snps.txt, /u/home/j/jzou1115/project-zarlab/CFW/confidence_interval_pipeline_out_pruned/locuszoom/activity.total.13.7101524_r2.txt
    output: /u/home/j/jzou1115/project-zarlab/CFW/confidence_interval_pipeline_out_pruned/finemapping/output/activity.total.13.7101524_annovar_input_fixRef.txt
    jobid: 50
    wildcards: q=activity.total.13.7101524

[Thu Jan 14 11:42:15 2021]
Finished job 50.
30 of 133 steps (23%) done
Select jobs to execute...

[Thu Jan 14 11:42:15 2021]
rule annovar_input2:
    input: /u/home/j/jzou1115/project-zarlab/CFW/confidence_interval_pipeline_out_pruned/finemapping/output/bmd.5.24922475_snps.txt, /u/home/j/jzou1115/project-zarlab/CFW/confidence_interval_pipeline_out_pruned/locuszoom/bmd.5.24922475_r2.txt
    output: /u/home/j/jzou1115/project-zarlab/CFW/confidence_interval_pipeline_out_pruned/finemapping/output/bmd.5.24922475_annovar_input_fixRef.txt
    jobid: 78
    wildcards: q=bmd.5.24922475

Terminating processes on user request, this might take some time.
[Thu Jan 14 11:42:27 2021]
Error in rule annovar_input2:
    jobid: 78
    output: /u/home/j/jzou1115/project-zarlab/CFW/confidence_interval_pipeline_out_pruned/finemapping/output/bmd.5.24922475_annovar_input_fixRef.txt

RuleException:
CalledProcessError in line 236 of /u/project/zarlab/jzou1115/CFW/MegaAnalysis_CFW_Code/confidence_interval_pipeline_pruned/Snakefile:
Command 'set -euo pipefail;  /u/home/j/jzou1115/project-ernst/software/anaconda3/bin/python3.7 /u/project/zarlab/jzou1115/CFW/MegaAnalysis_CFW_Code/confidence_interval_pipeline_pruned/.snakemake/scripts/tmplsabkvmh.annovar_input_fixRef.py' returned non-zero exit status 1.
  File "/u/home/j/jzou1115/project-ernst/software/anaconda3/lib/python3.7/site-packages/snakemake/executors/__init__.py", line 2339, in run_wrapper
  File "/u/project/zarlab/jzou1115/CFW/MegaAnalysis_CFW_Code/confidence_interval_pipeline_pruned/Snakefile", line 236, in __rule_annovar_input2
  File "/u/home/j/jzou1115/project-ernst/software/anaconda3/lib/python3.7/site-packages/snakemake/executors/__init__.py", line 560, in _callback
  File "/u/home/j/jzou1115/project-ernst/software/anaconda3/lib/python3.7/concurrent/futures/thread.py", line 57, in run
  File "/u/home/j/jzou1115/project-ernst/software/anaconda3/lib/python3.7/site-packages/snakemake/executors/__init__.py", line 546, in cached_or_run
  File "/u/home/j/jzou1115/project-ernst/software/anaconda3/lib/python3.7/site-packages/snakemake/executors/__init__.py", line 2351, in run_wrapper
Complete log: /u/project/zarlab/jzou1115/CFW/MegaAnalysis_CFW_Code/confidence_interval_pipeline_pruned/.snakemake/log/2021-01-14T111839.086371.snakemake.log
